等待连接...
连接到：('192.168.137.159', 57656)
进入全局信息状态
FRAME_HEIGHT 480
FRAME_WIDTH 640
CENTER_X 320
CENTER_Y 240
命令 m
命令 m
命令 m
命令 m
命令 m
命令 m
命令 m
命令 m
命令 m
命令 m
命令 m
全局信息状态结束，平均每帧耗时 0.4411066770553589
命令 m
进入标定状态
Camera calibration result loaded from 'calibration_result.p'
命令 m
进入检测状态
命令 q
命令 q
命令 q
命令 q
命令 q
命令 q
命令 q
命令 q
命令 q
命令 q
命令 q
命令 q
命令 q
命令 q
命令 q
命令 q
命令 q
命令 q
命令 q
命令 q
命令 q
命令 q
命令 q
命令 q
命令 q
命令 q
命令 q
命令 q
命令 q
命令 q
命令 q
命令 q
命令 q
命令 q
命令 q
命令 q
命令 q
命令 q
命令 q
命令 q
命令 q
命令 q
命令 q
命令 q
命令 q
命令 q
命令 q
命令 q
命令 q
命令 q
命令 q
命令 q
命令 q
命令 q
进入前进状态，寻找目标 33
Marker 33: C(460.2, 261.8) P1(474.0, 275.0), P2(447.0, 275.0), P3(446.0, 249.0), P4(474.0, 248.0)  
aruco_ratio 0.002373046875
命令 a
Marker 33: C(387.0, 264.5) P1(400.0, 277.0), P2(375.0, 277.0), P3(374.0, 252.0), P4(399.0, 252.0)  
aruco_ratio 0.002036132216453552
命令 a
Marker 33: C(317.8, 266.2) P1(330.0, 279.0), P2(305.0, 279.0), P3(305.0, 254.0), P4(331.0, 253.0)  
aruco_ratio 0.0021174498399098712
命令 w
命令 m
丢失目标 33 正在调整
1  运动指令 q
命令 q
2  运动指令 q
命令 m
进入前进状态，寻找目标 33
命令 m
丢失目标 33 正在调整
1  运动指令 q
命令 q
2  运动指令 q
命令 q
3  运动指令 q
命令 q
4  运动指令 q
命令 q
5  运动指令 q
命令 q
6  运动指令 q
命令 q
7  运动指令 q
命令 q
8  运动指令 q
命令 q
9  运动指令 q
命令 q
10  运动指令 q
命令 q
11  运动指令 q
命令 q
12  运动指令 q
命令 q
13  运动指令 q
命令 q
14  运动指令 q
命令 q
15  运动指令 q
命令 q
16  运动指令 q
命令 q
17  运动指令 q
命令 q
18  运动指令 q
命令 q
19  运动指令 q
命令 q
20  运动指令 q
命令 q
21  运动指令 q
命令 q
22  运动指令 q
命令 q
23  运动指令 q
命令 q
24  运动指令 q
命令 q
25  运动指令 q
命令 q
26  运动指令 q
命令 q
27  运动指令 q
命令 q
28  运动指令 q
命令 q
29  运动指令 q
命令 q
30  运动指令 q
命令 q
31  运动指令 q
丢失目标 33 时间过长
命令 m
进入检测状态
命令 q
命令 q
命令 q
命令 q
命令 q
命令 q
命令 q
命令 q
命令 q
命令 q
命令 q
命令 q
命令 q
命令 q
命令 q
命令 q
命令 q
命令 q
命令 q
命令 q
命令 q
进入前进状态，寻找目标 33
Marker 33: C(488.0, 263.5) P1(502.0, 278.0), P2(473.0, 278.0), P3(472.0, 251.0), P4(505.0, 247.0)  
aruco_ratio 0.002940103809038798
命令 a
命令 m
丢失目标 33 正在调整
1  运动指令 q
命令 m
进入前进状态，寻找目标 33
命令 m
丢失目标 33 正在调整
1  运动指令 q
命令 q
2  运动指令 q
命令 q
3  运动指令 q
命令 q
4  运动指令 q
命令 m
进入前进状态，寻找目标 33
Marker 33: C(49.0, 272.8) P1(64.0, 288.0), P2(31.0, 288.0), P3(32.0, 259.0), P4(69.0, 256.0)  
aruco_ratio 0.0034792089462280275
命令 d
Marker 33: C(49.0, 272.8) P1(64.0, 288.0), P2(31.0, 288.0), P3(32.0, 259.0), P4(69.0, 256.0)  
aruco_ratio 0.0034792089462280275
命令 d
命令 m
丢失目标 33 正在调整
1  运动指令 e
命令 e
2  运动指令 e
命令 e
3  运动指令 e
命令 e
4  运动指令 e
命令 e
5  运动指令 e
命令 e
6  运动指令 e
命令 e
7  运动指令 e
命令 e
8  运动指令 e
命令 e
9  运动指令 e
命令 e
10  运动指令 e
命令 e
11  运动指令 e
命令 m
进入前进状态，寻找目标 33
Marker 33: C(134.0, 271.5) P1(148.0, 286.0), P2(118.0, 287.0), P3(118.0, 258.0), P4(152.0, 255.0)  
aruco_ratio 0.003054136832555135
命令 d
Marker 33: C(191.5, 272.0) P1(206.0, 286.0), P2(177.0, 286.0), P3(177.0, 258.0), P4(206.0, 258.0)  
aruco_ratio 0.0026432291666666666
命令 d
Marker 33: C(247.8, 270.2) P1(261.0, 285.0), P2(233.0, 285.0), P3(233.0, 257.0), P4(264.0, 254.0)  
aruco_ratio 0.0028387208779652915
命令 d
Marker 33: C(304.0, 269.5) P1(317.0, 284.0), P2(289.0, 284.0), P3(289.0, 257.0), P4(321.0, 253.0)  
aruco_ratio 0.0028489452600479128
命令 w
Marker 33: C(362.5, 268.8) P1(376.0, 283.0), P2(348.0, 284.0), P3(347.0, 256.0), P4(379.0, 252.0)  
aruco_ratio 0.0028405306736628212
命令 a
命令 m
丢失目标 33 正在调整
1  运动指令 q
命令 m
进入前进状态，寻找目标 33
命令 m
丢失目标 33 正在调整
1  运动指令 q
命令 m
进入前进状态，寻找目标 33
Marker 33: C(441.0, 262.2) P1(456.0, 278.0), P2(425.0, 279.0), P3(424.0, 248.0), P4(459.0, 244.0)  
aruco_ratio 0.00344611128171285
命令 a
Marker 33: C(444.2, 259.0) P1(460.0, 275.0), P2(427.0, 276.0), P3(427.0, 245.0), P4(463.0, 240.0)  
aruco_ratio 0.003775284290313721
命令 a
Marker 33: C(449.0, 257.5) P1(465.0, 274.0), P2(432.0, 275.0), P3(431.0, 243.0), P4(468.0, 238.0)  
aruco_ratio 0.0038823731740315753
命令 a
Marker 33: C(447.0, 256.5) P1(463.0, 273.0), P2(430.0, 274.0), P3(429.0, 242.0), P4(466.0, 237.0)  
aruco_ratio 0.0038823731740315753
命令 a
Marker 33: C(447.0, 256.8) P1(463.0, 274.0), P2(430.0, 274.0), P3(429.0, 242.0), P4(466.0, 237.0)  
aruco_ratio 0.003987652858098348
命令 a
Marker 33: C(447.2, 257.0) P1(463.0, 274.0), P2(430.0, 274.0), P3(429.0, 242.0), P4(467.0, 238.0)  
aruco_ratio 0.0038909860452016193
命令 a
Marker 33: C(445.2, 256.5) P1(462.0, 272.0), P2(429.0, 273.0), P3(428.0, 241.0), P4(462.0, 240.0)  
aruco_ratio 0.003439077933629354
命令 a
Marker 33: C(448.5, 256.0) P1(465.0, 273.0), P2(431.0, 274.0), P3(430.0, 241.0), P4(468.0, 236.0)  
aruco_ratio 0.004110267162322998
命令 a
Marker 33: C(448.5, 257.2) P1(466.0, 274.0), P2(431.0, 274.0), P3(431.0, 241.0), P4(466.0, 240.0)  
aruco_ratio 0.0038736979166666668
命令 a
Marker 33: C(450.5, 252.0) P1(467.0, 270.0), P2(433.0, 270.0), P3(432.0, 236.0), P4(470.0, 232.0)  
aruco_ratio 0.004218815167744954
命令 a
Marker 33: C(452.2, 251.0) P1(469.0, 269.0), P2(434.0, 270.0), P3(433.0, 235.0), P4(473.0, 230.0)  
aruco_ratio 0.004468491474787394
命令 a
Marker 33: C(457.0, 251.2) P1(475.0, 270.0), P2(438.0, 270.0), P3(437.0, 235.0), P4(478.0, 230.0)  
aruco_ratio 0.004831239382425944
命令 a
Marker 33: C(462.5, 250.0) P1(481.0, 269.0), P2(443.0, 270.0), P3(442.0, 233.0), P4(484.0, 228.0)  
aruco_ratio 0.005086933374404907
命令 a
Marker 33: C(468.2, 249.8) P1(487.0, 270.0), P2(448.0, 270.0), P3(447.0, 232.0), P4(491.0, 227.0)  
aruco_ratio 0.005482552846272786
命令 a
Marker 33: C(473.8, 250.5) P1(493.0, 271.0), P2(452.0, 271.0), P3(452.0, 232.0), P4(498.0, 228.0)  
aruco_ratio 0.005777599811553955
命令 a
Marker 33: C(478.8, 250.0) P1(499.0, 272.0), P2(456.0, 272.0), P3(456.0, 231.0), P4(504.0, 225.0)  
aruco_ratio 0.006615898609161377
命令 a
Marker 33: C(489.8, 244.2) P1(511.0, 267.0), P2(466.0, 268.0), P3(466.0, 224.0), P4(516.0, 218.0)  
aruco_ratio 0.007216787338256836
命令 a
Marker 33: C(499.5, 240.0) P1(522.0, 264.0), P2(475.0, 264.0), P3(474.0, 219.0), P4(527.0, 213.0)  
aruco_ratio 0.007840143044789633
命令 a
Marker 33: C(509.8, 239.5) P1(534.0, 264.0), P2(484.0, 265.0), P3(484.0, 218.0), P4(537.0, 211.0)  
aruco_ratio 0.008641838232676188
命令 a
Marker 33: C(519.5, 241.2) P1(546.0, 267.0), P2(493.0, 267.0), P3(493.0, 216.0), P4(546.0, 215.0)  
aruco_ratio 0.008971354166666667
命令 a
Marker 33: C(531.0, 240.0) P1(558.0, 268.0), P2(501.0, 268.0), P3(501.0, 215.0), P4(564.0, 209.0)  
aruco_ratio 0.011003727118174236
命令 a
Marker 33: C(543.2, 233.2) P1(573.0, 264.0), P2(511.0, 265.0), P3(511.0, 206.0), P4(578.0, 198.0)  
aruco_ratio 0.01336021900177002
命令 a
Marker 33: C(560.2, 231.8) P1(592.0, 265.0), P2(527.0, 267.0), P3(525.0, 202.0), P4(597.0, 193.0)  
aruco_ratio 0.015278291702270509
命令 a
Marker 33: C(583.5, 224.5) P1(619.0, 259.0), P2(547.0, 262.0), P3(546.0, 194.0), P4(622.0, 183.0)  
aruco_ratio 0.01784183979034424
命令 a
命令 m
丢失目标 33 正在调整
1  运动指令 q
命令 q
2  运动指令 q
命令 q
3  运动指令 q
命令 q
4  运动指令 q
命令 q
5  运动指令 q
命令 q
6  运动指令 q
命令 q
7  运动指令 q
命令 q
8  运动指令 q
命令 q
9  运动指令 q
命令 q
10  运动指令 q
命令 q
11  运动指令 q
命令 m
进入前进状态，寻找目标 33
Marker 33: C(439.8, 154.2) P1(494.0, 229.0), P2(371.0, 228.0), P3(379.0, 81.0), P4(515.0, 79.0)  
aruco_ratio 0.060646311442057295
命令 m
投喂目标 33
命令 m
进入检测状态
命令 q
命令 q
命令 q
命令 q
命令 q
命令 q
命令 q
命令 q
命令 q
命令 q
命令 q
命令 q
命令 q
命令 q
命令 q
命令 q
命令 q
命令 q
命令 q
命令 q
命令 q
命令 q
命令 q
命令 q
命令 q
命令 q
命令 q
命令 q
命令 q
命令 q
命令 q
命令 q
命令 q
命令 q
命令 q
命令 q
命令 q
命令 q
命令 q
命令 q
命令 q
命令 q
命令 q
命令 q
命令 q
命令 q
命令 q
命令 q
命令 q
命令 q
命令 q
命令 q
命令 q
命令 q
命令 q
命令 q
命令 q
命令 q
命令 q
命令 q
命令 q
命令 q
命令 q
命令 q
命令 q
命令 q
命令 q
命令 q
命令 q
命令 q
命令 q
命令 q
命令 q
命令 q
命令 q
命令 q
命令 q
命令 q
命令 q
命令 q
命令 q
命令 q
命令 q
命令 q
命令 q
命令 q
命令 q
命令 q
命令 q
命令 q
命令 q
命令 q
命令 q
命令 q
命令 q
命令 q
命令 q
命令 q
命令 q
命令 q
命令 q
命令 q
命令 q
命令 q
命令 q
命令 q
命令 q
命令 q
命令 q
命令 q
命令 q
命令 q
命令 q
命令 q
命令 q
命令 q
命令 q
命令 q
命令 q
命令 q
命令 q
命令 q
命令 q
命令 q
命令 q
命令 