等待连接...
连接到：('192.168.137.159', 57658)
进入全局信息状态
FRAME_HEIGHT 480
FRAME_WIDTH 640
CENTER_X 320
CENTER_Y 240
命令 m
命令 m
命令 m
命令 m
命令 m
命令 m
命令 m
命令 m
命令 m
命令 m
命令 m
全局信息状态结束，平均每帧耗时 0.2686596155166626
命令 m
进入标定状态
Camera calibration result loaded from 'calibration_result.p'
命令 m
进入检测状态
命令 q
命令 q
命令 q
命令 q
命令 q
命令 q
命令 q
命令 q
命令 q
命令 q
命令 q
命令 q
命令 q
命令 q
命令 q
命令 q
命令 q
命令 q
命令 q
命令 q
命令 q
命令 q
命令 q
命令 q
命令 q
命令 q
命令 q
命令 q
命令 q
命令 q
命令 q
命令 q
命令 q
命令 q
命令 q
命令 q
命令 q
命令 q
命令 q
命令 q
命令 q
命令 q
命令 q
命令 q
命令 q
命令 q
命令 q
命令 q
命令 q
命令 q
命令 q
命令 q
命令 q
命令 q
命令 q
命令 q
命令 q
命令 q
进入前进状态，寻找目标 33
Marker 33: C(539.0, 267.2) P1(553.0, 279.0), P2(528.0, 280.0), P3(525.0, 255.0), P4(550.0, 255.0)  
aruco_ratio 0.001969898740450541
命令 a
Marker 33: C(490.8, 267.8) P1(503.0, 280.0), P2(479.0, 281.0), P3(477.0, 256.0), P4(504.0, 254.0)  
aruco_ratio 0.0020345157384872438
命令 a
命令 m
丢失目标 33 正在调整
1  运动指令 q
命令 m
进入前进状态，寻找目标 33
Marker 33: C(309.2, 270.2) P1(320.0, 282.0), P2(298.0, 283.0), P3(297.0, 259.0), P4(322.0, 257.0)  
aruco_ratio 0.0017979389429092407
命令 w
Marker 33: C(249.5, 271.2) P1(260.0, 283.0), P2(238.0, 284.0), P3(238.0, 260.0), P4(262.0, 258.0)  
aruco_ratio 0.0017979389429092407
命令 d
Marker 33: C(183.5, 273.0) P1(195.0, 285.0), P2(172.0, 285.0), P3(172.0, 261.0), P4(195.0, 261.0)  
aruco_ratio 0.001796875
命令 d
Marker 33: C(180.5, 272.0) P1(192.0, 284.0), P2(168.0, 285.0), P3(168.0, 261.0), P4(194.0, 258.0)  
aruco_ratio 0.002039018472035726
命令 d
Marker 33: C(177.8, 275.5) P1(189.0, 288.0), P2(165.0, 288.0), P3(165.0, 264.0), P4(192.0, 262.0)  
aruco_ratio 0.0020447270075480144
命令 d
Marker 33: C(177.2, 275.0) P1(190.0, 287.0), P2(165.0, 287.0), P3(165.0, 263.0), P4(189.0, 263.0)  
aruco_ratio 0.0019548197587331137
命令 d
Marker 33: C(178.2, 274.0) P1(191.0, 286.0), P2(166.0, 286.0), P3(166.0, 262.0), P4(190.0, 262.0)  
aruco_ratio 0.0019548197587331137
命令 d
Marker 33: C(180.0, 273.5) P1(192.0, 286.0), P2(168.0, 286.0), P3(168.0, 261.0), P4(192.0, 261.0)  
aruco_ratio 0.001953125
命令 d
Marker 33: C(182.0, 273.5) P1(194.0, 286.0), P2(170.0, 286.0), P3(170.0, 261.0), P4(194.0, 261.0)  
aruco_ratio 0.001953125
命令 d
Marker 33: C(182.5, 275.0) P1(195.0, 287.0), P2(170.0, 288.0), P3(170.0, 262.0), P4(195.0, 263.0)  
aruco_ratio 0.0019546870390574136
命令 d
Marker 33: C(184.0, 274.0) P1(196.0, 287.0), P2(171.0, 288.0), P3(171.0, 262.0), P4(198.0, 259.0)  
aruco_ratio 0.002286278208096822
命令 d
Marker 33: C(184.5, 273.8) P1(197.0, 287.0), P2(171.0, 288.0), P3(171.0, 261.0), P4(199.0, 259.0)  
aruco_ratio 0.002377585967381795
命令 d
Marker 33: C(181.2, 268.2) P1(195.0, 281.0), P2(168.0, 282.0), P3(168.0, 255.0), P4(194.0, 255.0)  
aruco_ratio 0.0022884138425191243
命令 d
Marker 33: C(179.2, 269.0) P1(192.0, 283.0), P2(165.0, 284.0), P3(165.0, 256.0), P4(195.0, 253.0)  
aruco_ratio 0.0026516864697138467
命令 d
Marker 33: C(178.8, 265.0) P1(192.0, 280.0), P2(164.0, 280.0), P3(164.0, 251.0), P4(195.0, 249.0)  
aruco_ratio 0.0028387208779652915
命令 d
Marker 33: C(178.5, 263.2) P1(193.0, 278.0), P2(164.0, 278.0), P3(164.0, 248.0), P4(193.0, 249.0)  
aruco_ratio 0.0027376302083333332
命令 d
Marker 33: C(180.8, 262.2) P1(195.0, 278.0), P2(165.0, 278.0), P3(165.0, 248.0), P4(198.0, 245.0)  
aruco_ratio 0.003235945502916972
命令 d
Marker 33: C(184.2, 261.8) P1(199.0, 278.0), P2(168.0, 278.0), P3(168.0, 247.0), P4(202.0, 244.0)  
aruco_ratio 0.0034443195660909015
命令 d
Marker 33: C(184.8, 260.2) P1(200.0, 277.0), P2(168.0, 277.0), P3(168.0, 245.0), P4(203.0, 242.0)  
aruco_ratio 0.0036592018604278565
命令 d
Marker 33: C(180.8, 254.2) P1(197.0, 271.0), P2(164.0, 272.0), P3(164.0, 238.0), P4(198.0, 236.0)  
aruco_ratio 0.0037630263964335124
命令 d
Marker 33: C(174.8, 251.8) P1(191.0, 269.0), P2(156.0, 269.0), P3(157.0, 235.0), P4(195.0, 234.0)  
aruco_ratio 0.004013587236404419
命令 d
Marker 33: C(171.2, 259.5) P1(188.0, 278.0), P2(152.0, 278.0), P3(153.0, 242.0), P4(192.0, 240.0)  
aruco_ratio 0.004477728207906088
命令 d
Marker 33: C(168.8, 258.5) P1(186.0, 277.0), P2(149.0, 278.0), P3(150.0, 241.0), P4(190.0, 238.0)  
aruco_ratio 0.004723631143569947
命令 d
Marker 33: C(174.8, 258.8) P1(193.0, 278.0), P2(154.0, 279.0), P3(155.0, 240.0), P4(197.0, 238.0)  
aruco_ratio 0.0051051294803619385
命令 d
Marker 33: C(172.8, 261.2) P1(192.0, 282.0), P2(151.0, 282.0), P3(152.0, 242.0), P4(196.0, 239.0)  
aruco_ratio 0.0057637091477711995
命令 d
Marker 33: C(168.2, 260.2) P1(189.0, 282.0), P2(146.0, 282.0), P3(146.0, 240.0), P4(192.0, 237.0)  
aruco_ratio 0.006312809785207113
命令 d
Marker 33: C(165.0, 260.0) P1(187.0, 282.0), P2(142.0, 282.0), P3(143.0, 237.0), P4(188.0, 239.0)  
aruco_ratio 0.006300531228383382
命令 d
Marker 33: C(165.5, 256.8) P1(188.0, 281.0), P2(140.0, 281.0), P3(141.0, 234.0), P4(193.0, 231.0)  
aruco_ratio 0.007851465543111166
命令 d
Marker 33: C(162.2, 256.0) P1(187.0, 281.0), P2(135.0, 282.0), P3(136.0, 232.0), P4(191.0, 229.0)  
aruco_ratio 0.008829718430836995
命令 d
Marker 33: C(154.0, 252.2) P1(181.0, 278.0), P2(127.0, 279.0), P3(127.0, 225.0), P4(181.0, 227.0)  
aruco_ratio 0.008966380755106609
命令 d
Marker 33: C(151.2, 251.8) P1(179.0, 281.0), P2(120.0, 282.0), P3(121.0, 224.0), P4(185.0, 220.0)  
aruco_ratio 0.01177372137705485
命令 d
Marker 33: C(143.8, 246.8) P1(174.0, 278.0), P2(110.0, 279.0), P3(111.0, 217.0), P4(180.0, 213.0)  
aruco_ratio 0.013600896199544271
命令 d
Marker 33: C(130.5, 240.8) P1(166.0, 273.0), P2(95.0, 274.0), P3(96.0, 207.0), P4(165.0, 209.0)  
aruco_ratio 0.014794939359029135
命令 d
Marker 33: C(118.0, 228.8) P1(155.0, 266.0), P2(77.0, 266.0), P3(78.0, 193.0), P4(162.0, 190.0)  
aruco_ratio 0.019378552436828612
命令 d
Marker 33: C(107.5, 225.0) P1(148.0, 266.0), P2(63.0, 266.0), P3(64.0, 186.0), P4(155.0, 182.0)  
aruco_ratio 0.023322749137878417
命令 m
投喂目标 33
命令 m
进入检测状态
命令 q
命令 q
命令 q
命令 q
命令 q
命令 q
命令 q
命令 q
命令 q
命令 q
命令 q
命令 q
命令 q
命令 q
命令 q
命令 q
命令 q
命令 q
命令 q
命令 q
命令 q
命令 q
命令 q
命令 q
命令 q
命令 q
命令 q
命令 q
命令 q
命令 q
命令 q
命令 q
命令 q
命令 q
命令 q
命令 q
命令 q
命令 q
命令 q
命令 q
命令 q
命令 q
命令 q
命令 q
命令 q
命令 q
命令 q
命令 q
命令 q
命令 q
命令 q
命令 q
命令 q
命令 q
命令 q
命令 q
命令 q
命令 q
命令 q
命令 q
命令 q
命令 q
命令 q
命令 q
命令 q
命令 q
命令 q
命令 q
命令 q
命令 q
命令 q
命令 q
命令 q
命令 q
命令 q
命令 q
命令 q
命令 q
命令 q
命令 q
命令 q
命令 q
命令 q
命令 q
命令 q
命令 q
命令 q
命令 q
命令 q
命令 q
命令 q
命令 q
命令 q
命令 q
命令 q
命令 q
命令 q
命令 q
命令 q
命令 q
命令 q
命令 q
命令 q
命令 q
命令 q
命令 q
命令 q
命令 q
命令 q
命令 q
命令 q
命令 q
命令 q
命令 q
命令 q
命令 q
命令 q
命令 q
命令 q
命令 q
命令 q
命令 q
命令 q
命令 q
命令 q
命令 q
命令 q
命令 q
命令 q
命令 q
命令 q
命令 q
命令 q
命令 q
命令 q
命令 q
命令 q
命令 q
命令 q
命令 q
命令 q
命令 q
命令 q
命令 q
命令 q
命令 q
命令 q
命令 q
命令 q
命令 q
命令 q
命令 q
命令 q
命令 q
命令 q
命令 q
命令 q
命令 q
命令 q
命令 q
命令 q
命令 q
命令 q
命令 q
命令 q
命令 q
命令 q
命令 q
命令 q
命令 q
命令 q
命令 q
命令 q
命令 q
命令 q
命令 q
命令 q
命令 q
命令 q
命令 q
命令 q
命令 q
命令 q
命令 q
命令 q
命令 q
命令 q
命令 q
进入前进状态，寻找目标 17
命令 m
丢失目标 17 正在调整
1  运动指令 q
命令 q
2  运动指令 q
命令 q
3  运动指令 q
命令 q
4  运动指令 q
命令 q
5  运动指令 q
命令 q
6  运动指令 q
命令 q
7  运动指令 q
命令 q
8  运动指令 q
命令 q
9  运动指令 q
命令 q
10  运动指令 q
命令 q
11  运动指令 q
命令 q
12  运动指令 q
命令 q
13  运动指令 q
命令 q
14  运动指令 q
命令 q
15  运动指令 q
命令 q
16  运动指令 q
命令 q
17  运动指令 q
命令 q
18  运动指令 q
命令 q
19  运动指令 q
命令 q
20  运动指令 q
命令 q
21  运动指令 q
命令 q
22  运动指令 q
命令 q
23  运动指令 q
命令 q
24  运动指令 q
命令 q
25  运动指令 q
命令 q
26  运动指令 q
命令 q
27  运动指令 q
命令 q
28  运动指令 q
命令 q
29  运动指令 q
命令 q
30  运动指令 q
命令 q
31  运动指令 q
丢失目标 17 时间过长
命令 m
进入检测状态
命令 q
命令 q
命令 q
命令 q
命令 q
命令 q
命令 q
命令 q
命令 q
命令 q
命令 q
命令 q
命令 q
命令 q
命令 q
命令 q
命令 q
命令 q
命令 q
命令 q
命令 q
命令 q
命令 q
命令 q
命令 q
命令 q
命令 q
命令 q
命令 q
命令 q
命令 q
命令 q
命令 q
命令 q
命令 q
命令 q
命令 q
命令 q
命令 q
命令 q
命令 q
命令 q
命令 q
命令 q
命令 q
命令 q
命令 q
命令 q
命令 q
命令 q
命令 q
命令 q
命令 q
命令 q
命令 q
命令 q
命令 q
命令 q
命令 q
命令 q
命令 q
命令 q
命令 q
命令 q
命令 q
命令 q
命令 q
命令 q
命令 q
命令 q
命令 q
命令 q
命令 q
命令 q
命令 q
命令 q
命令 q
命令 q
命令 q
命令 q
命令 q
命令 q
命令 q
命令 q
命令 q
命令 q
命令 q
命令 q
命令 q
命令 q
命令 q
命令 q
命令 q
命令 q
命令 q
命令 q
命令 q
命令 q
命令 q
命令 q
命令 q
命令 q
命令 q
命令 q
命令 q
命令 q
命令 q
命令 q
命令 q
命令 q
命令 q
命令 q
命令 q
命令 q
命令 q
命令 q
命令 q
命令 q
命令 q
命令 q
命令 q
命令 q
命令 q
命令 q
命令 q
命令 q
命令 q
命令 q
命令 q
命令 q
命令 q
命令 q
命令 q
命令 q
命令 q
命令 q
命令 q
命令 q
命令 q
命令 q
命令 q
命令 q
命令 q
命令 q
命令 q
命令 q
命令 q
命令 q
命令 q
命令 q
命令 q
命令 q
命令 q
命令 q
命令 q
命令 q
命令 q
命令 q
命令 q
命令 q
命令 q
命令 q
命令 q
命令 q
命令 q
命令 q
命令 q
命令 q
命令 q
命令 q
命令 q
命令 q
命令 q
命令 q
命令 q
命令 q
命令 q
命令 q
命令 q
命令 q
命令 q
命令 q
命令 q
命令 q
命令 q
命令 q
命令 q
命令 q
命令 q
命令 q
命令 q
命令 q
命令 q
命令 q
命令 q
命令 q
命令 q
命令 q
命令 q
命令 q
命令 q
命令 q
命令 q
命令 q
命令 q
命令 q
命令 q
命令 q
命令 q
命令 q
命令 q
命令 q
命令 q
命令 q
命令 q
命令 q
命令 q
命令 q
命令 q
命令 q
命令 q
命令 q
命令 q
命令 q
命令 q
命令 q
命令 q
命令 q
命令 q
命令 q
命令 q
命令 q
命令 q
命令 q
命令 q
命令 q
命令 q
命令 q
命令 q
命令 q
命令 q
命令 q
命令 q
命令 q
命令 q
命令 q
命令 q
命令 q
命令 q
命令 q
命令 q
命令 q
命令 q
命令 q
命令 q
命令 q
命令 q
命令 q
命令 q
命令 q
命令 q
命令 q
命令 q
命令 q
命令 q
命令 q
命令 q
命令 q
命令 q
命令 q
命令 q
命令 q
命令 q
命令 q
命令 q
命令 q
命令 q
命令 q
命令 q
命令 q
命令 q
命令 q
命令 q
命令 q
命令 q
命令 q
命令 q
命令 q
命令 q
命令 q
命令 q
命令 q
命令 q
命令 q
命令 q
命令 q
命令 q
命令 q
命令 q
命令 q
命令 q
命令 q
命令 q
命令 q
命令 q
命令 q
命令 q
命令 q
命令 q
命令 q
命令 q
命令 q
命令 q
命令 q
命令 q
命令 q
命令 q
命令 q
命令 q
命令 q
命令 q
命令 q
命令 q
命令 q
命令 q
命令 q
命令 q
命令 q
命令 q
命令 q
命令 q
命令 q
命令 q
命令 q
命令 q
命令 q
命令 q
命令 q
命令 q
命令 q
命令 q
命令 q
命令 q
命令 q
命令 q
命令 q
命令 q
命令 q
命令 q
命令 q
命令 q
命令 q
命令 q
命令 q
命令 q
命令 q
命令 q
命令 q
命令 q
命令 q
命令 q
命令 q
命令 q
命令 q
命令 q
命令 q
命令 q
命令 q
命令 q
命令 q
命令 q
命令 q
命令 q
命令 q
命令 q
命令 q
命令 q
命令 q
命令 q
命令 q
命令 q
命令 q
命令 q
命令 q
命令 q
命令 q
命令 q
命令 q
命令 q
命令 q
命令 q
命令 q
命令 q
命令 q
命令 q
命令 q
命令 q
命令 q
命令 q
命令 q
命令 q
命令 q
命令 q
