等待连接...
连接到：('192.168.137.159', 42480)
进入全局信息状态
FRAME_HEIGHT 480
FRAME_WIDTH 640
CENTER_X 320
CENTER_Y 240
命令 m
命令 m
命令 m
命令 m
命令 m
命令 m
命令 m
命令 m
命令 m
命令 m
命令 m
全局信息状态结束，平均每帧耗时 0.25657727718353274
命令 m
进入标定状态
Camera calibration result loaded from 'calibration_result.p'
命令 m
进入检测状态
命令 q
命令 q
命令 q
命令 q
命令 q
命令 q
命令 q
命令 q
命令 q
命令 q
命令 q
命令 q
命令 q
命令 q
命令 q
命令 q
命令 q
命令 q
命令 q
命令 q
命令 q
命令 q
命令 q
命令 q
命令 q
命令 q
命令 q
命令 q
命令 q
命令 q
命令 q
命令 q
命令 q
命令 q
命令 q
命令 q
命令 q
命令 q
命令 q
命令 q
命令 q
命令 q
命令 q
命令 q
命令 q
命令 q
命令 q
命令 q
命令 q
命令 q
命令 q
命令 q
命令 q
命令 q
进入前进状态，寻找目标 33
Marker 33: C(153.2, 326.8) P1(166.0, 338.0), P2(141.0, 340.0), P3(141.0, 315.0), P4(165.0, 314.0)  
aruco_ratio 0.001961065133412679
命令 d
Marker 33: C(142.5, 329.2) P1(155.0, 341.0), P2(130.0, 342.0), P3(130.0, 317.0), P4(155.0, 317.0)  
aruco_ratio 0.0019546870390574136
命令 d
Marker 33: C(137.0, 329.8) P1(149.0, 343.0), P2(123.0, 343.0), P3(124.0, 318.0), P4(152.0, 315.0)  
aruco_ratio 0.002383354902267456
命令 d
Marker 33: C(136.0, 330.5) P1(148.0, 343.0), P2(123.0, 343.0), P3(124.0, 318.0), P4(149.0, 318.0)  
aruco_ratio 0.002036132216453552
命令 d
Marker 33: C(141.2, 328.8) P1(153.0, 342.0), P2(127.0, 342.0), P3(128.0, 317.0), P4(157.0, 314.0)  
aruco_ratio 0.0023938510815302533
命令 d
命令 m
丢失目标 33 正在调整
1  运动指令 e
命令 m
进入前进状态，寻找目标 33
Marker 33: C(220.5, 317.2) P1(232.0, 330.0), P2(207.0, 330.0), P3(208.0, 306.0), P4(235.0, 303.0)  
aruco_ratio 0.002210787336031596
命令 d
Marker 33: C(233.8, 309.5) P1(246.0, 322.0), P2(221.0, 322.0), P3(222.0, 297.0), P4(246.0, 297.0)  
aruco_ratio 0.0020345052083333335
命令 d
Marker 33: C(246.5, 314.2) P1(259.0, 326.0), P2(234.0, 327.0), P3(234.0, 302.0), P4(259.0, 302.0)  
aruco_ratio 0.0019546870390574136
命令 d
命令 m
丢失目标 33 正在调整
1  运动指令 e
命令 e
2  运动指令 e
命令 e
3  运动指令 e
命令 e
4  运动指令 e
命令 e
5  运动指令 e
命令 e
6  运动指令 e
命令 e
7  运动指令 e
命令 e
8  运动指令 e
命令 e
9  运动指令 e
命令 e
10  运动指令 e
命令 e
11  运动指令 e
命令 m
进入前进状态，寻找目标 33
命令 m
丢失目标 33 正在调整
1  运动指令 e
命令 m
进入前进状态，寻找目标 33
Marker 33: C(290.8, 330.8) P1(304.0, 343.0), P2(279.0, 345.0), P3(277.0, 318.0), P4(303.0, 317.0)  
aruco_ratio 0.002124214967091878
命令 w
Marker 33: C(301.8, 329.0) P1(314.0, 342.0), P2(289.0, 344.0), P3(288.0, 317.0), P4(316.0, 313.0)  
aruco_ratio 0.002373189727465312
命令 w
Marker 33: C(309.0, 330.5) P1(322.0, 343.0), P2(297.0, 344.0), P3(296.0, 318.0), P4(321.0, 317.0)  
aruco_ratio 0.0021191432078679403
命令 w
Marker 33: C(309.2, 329.8) P1(322.0, 342.0), P2(298.0, 344.0), P3(296.0, 317.0), P4(321.0, 316.0)  
aruco_ratio 0.0020397979021072386
命令 w
Marker 33: C(305.0, 329.2) P1(318.0, 342.0), P2(292.0, 344.0), P3(291.0, 318.0), P4(319.0, 313.0)  
aruco_ratio 0.0024631410837173463
命令 w
Marker 33: C(296.0, 330.5) P1(309.0, 343.0), P2(284.0, 344.0), P3(283.0, 318.0), P4(308.0, 317.0)  
aruco_ratio 0.0021191432078679403
命令 w
Marker 33: C(284.8, 330.0) P1(297.0, 343.0), P2(272.0, 345.0), P3(271.0, 318.0), P4(299.0, 314.0)  
aruco_ratio 0.002373189727465312
命令 w
Marker 33: C(270.0, 331.5) P1(283.0, 344.0), P2(258.0, 346.0), P3(257.0, 319.0), P4(282.0, 317.0)  
aruco_ratio 0.002205797036488851
命令 d
Marker 33: C(259.0, 331.8) P1(272.0, 345.0), P2(246.0, 347.0), P3(245.0, 320.0), P4(273.0, 315.0)  
aruco_ratio 0.0025479777654012045
命令 d
Marker 33: C(248.5, 333.5) P1(262.0, 346.0), P2(236.0, 348.0), P3(235.0, 321.0), P4(261.0, 319.0)  
aruco_ratio 0.0022934784491856893
命令 d
Marker 33: C(238.5, 334.8) P1(252.0, 348.0), P2(226.0, 349.0), P3(225.0, 322.0), P4(251.0, 320.0)  
aruco_ratio 0.002373055815696716
命令 d
Marker 33: C(228.5, 336.0) P1(242.0, 349.0), P2(216.0, 350.0), P3(215.0, 323.0), P4(241.0, 322.0)  
aruco_ratio 0.0022884138425191243
命令 d
Marker 33: C(217.5, 336.5) P1(231.0, 349.0), P2(205.0, 351.0), P3(204.0, 324.0), P4(230.0, 322.0)  
aruco_ratio 0.0022934784491856893
命令 d
Marker 33: C(207.5, 338.5) P1(221.0, 351.0), P2(195.0, 353.0), P3(194.0, 326.0), P4(220.0, 324.0)  
aruco_ratio 0.0022934784491856893
命令 d
Marker 33: C(196.5, 339.5) P1(210.0, 352.0), P2(184.0, 354.0), P3(183.0, 327.0), P4(209.0, 325.0)  
aruco_ratio 0.0022934784491856893
命令 d
Marker 33: C(188.8, 339.0) P1(201.0, 353.0), P2(176.0, 354.0), P3(175.0, 327.0), P4(203.0, 322.0)  
aruco_ratio 0.0025300530592600504
命令 d
Marker 33: C(180.2, 341.2) P1(193.0, 354.0), P2(168.0, 356.0), P3(167.0, 328.0), P4(193.0, 327.0)  
aruco_ratio 0.002204285661379496
命令 d
Marker 33: C(173.0, 342.5) P1(186.0, 355.0), P2(161.0, 357.0), P3(160.0, 330.0), P4(185.0, 328.0)  
aruco_ratio 0.002205797036488851
命令 d
Marker 33: C(164.5, 351.2) P1(178.0, 362.0), P2(154.0, 368.0), P3(151.0, 341.0), P4(175.0, 334.0)  
aruco_ratio 0.0022677286465962727
命令 d
命令 m
丢失目标 33 正在调整
1  运动指令 e
命令 e
2  运动指令 e
命令 e
3  运动指令 e
命令 e
4  运动指令 e
命令 e
5  运动指令 e
命令 e
6  运动指令 e
命令 e
7  运动指令 e
命令 e
8  运动指令 e
命令 e
9  运动指令 e
命令 e
10  运动指令 e
命令 e
11  运动指令 e
命令 e
12  运动指令 e
命令 e
13  运动指令 e
命令 e
14  运动指令 e
命令 e
15  运动指令 e
命令 e
16  运动指令 e
命令 e
17  运动指令 e
命令 e
18  运动指令 e
命令 e
19  运动指令 e
命令 e
20  运动指令 e
命令 e
21  运动指令 e
命令 e
22  运动指令 e
命令 e
23  运动指令 e
命令 e
24  运动指令 e
命令 e
25  运动指令 e
命令 e
26  运动指令 e
命令 e
27  运动指令 e
命令 e
28  运动指令 e
命令 e
29  运动指令 e
命令 e
