等待连接...
连接到：('192.168.137.159', 46176)
进入全局信息状态
FRAME_HEIGHT 480
FRAME_WIDTH 640
CENTER_X 320
CENTER_Y 240
命令 m
命令 m
命令 m
命令 m
命令 m
命令 m
命令 m
命令 m
命令 m
命令 m
命令 m
全局信息状态结束，平均每帧耗时 0.4902215003967285
命令 m
进入标定状态
Camera calibration result loaded from 'calibration_result.p'
命令 m
进入检测状态
命令 q
命令 q
命令 q
命令 q
命令 q
命令 q
命令 q
命令 q
命令 q
命令 q
命令 q
命令 q
命令 q
命令 q
命令 q
命令 q
命令 q
命令 q
命令 q
命令 q
命令 q
命令 q
命令 q
命令 q
命令 q
命令 q
命令 q
命令 q
命令 q
命令 q
命令 q
命令 q
命令 q
命令 q
命令 q
命令 q
命令 q
命令 q
命令 q
命令 q
命令 q
命令 q
命令 q
命令 q
命令 q
进入前进状态，寻找目标 33
Marker 33: C(287.5, 399.0) P1(299.0, 415.0), P2(275.0, 411.0), P3(276.0, 383.0), P4(300.0, 387.0)  
aruco_ratio 0.0022190876801808676
命令 w
Marker 33: C(280.0, 397.2) P1(291.0, 413.0), P2(268.0, 409.0), P3(269.0, 382.0), P4(292.0, 385.0)  
aruco_ratio 0.002129177451133728
命令 w
Marker 33: C(275.2, 397.5) P1(286.0, 414.0), P2(263.0, 410.0), P3(263.0, 383.0), P4(289.0, 383.0)  
aruco_ratio 0.0023668074607849122
命令 d
Marker 33: C(271.5, 398.5) P1(282.0, 415.0), P2(259.0, 411.0), P3(260.0, 384.0), P4(285.0, 384.0)  
aruco_ratio 0.0023668074607849122
命令 d
Marker 33: C(277.8, 397.8) P1(289.0, 414.0), P2(265.0, 410.0), P3(267.0, 382.0), P4(290.0, 385.0)  
aruco_ratio 0.00229824165503184
命令 d
Marker 33: C(295.0, 395.0) P1(306.0, 411.0), P2(282.0, 407.0), P3(284.0, 379.0), P4(308.0, 383.0)  
aruco_ratio 0.002223323980967204
命令 w
命令 m
丢失目标 33 正在调整
1  运动指令 q
命令 m
进入前进状态，寻找目标 33
Marker 33: C(352.2, 376.2) P1(364.0, 393.0), P2(338.0, 388.0), P3(341.0, 360.0), P4(366.0, 364.0)  
aruco_ratio 0.0025053369998931886
命令 w
Marker 33: C(361.0, 373.5) P1(373.0, 390.0), P2(347.0, 386.0), P3(349.0, 357.0), P4(375.0, 361.0)  
aruco_ratio 0.0024892022212346394
命令 a
Marker 33: C(372.5, 375.5) P1(385.0, 392.0), P2(358.0, 388.0), P3(360.0, 359.0), P4(387.0, 363.0)  
aruco_ratio 0.0025827672084172567
命令 a
Marker 33: C(381.8, 377.0) P1(395.0, 394.0), P2(367.0, 389.0), P3(369.0, 361.0), P4(396.0, 364.0)  
aruco_ratio 0.00277917206287384
命令 a
Marker 33: C(394.0, 377.8) P1(407.0, 395.0), P2(379.0, 390.0), P3(381.0, 361.0), P4(409.0, 365.0)  
aruco_ratio 0.0027837949991226197
命令 a
Marker 33: C(402.5, 378.8) P1(416.0, 396.0), P2(387.0, 391.0), P3(389.0, 362.0), P4(418.0, 366.0)  
aruco_ratio 0.0028801953792572024
命令 a
Marker 33: C(405.5, 378.8) P1(419.0, 396.0), P2(390.0, 391.0), P3(392.0, 362.0), P4(421.0, 366.0)  
aruco_ratio 0.0028801953792572024
命令 a
Marker 33: C(405.8, 379.2) P1(418.0, 397.0), P2(389.0, 392.0), P3(392.0, 363.0), P4(424.0, 365.0)  
aruco_ratio 0.0031188223759333294
命令 a
Marker 33: C(393.0, 381.2) P1(406.0, 398.0), P2(378.0, 394.0), P3(380.0, 365.0), P4(408.0, 368.0)  
aruco_ratio 0.0027682671944300333
命令 a
Marker 33: C(365.8, 386.8) P1(379.0, 403.0), P2(352.0, 400.0), P3(353.0, 371.0), P4(379.0, 373.0)  
aruco_ratio 0.0026529447237650552
命令 a
Marker 33: C(339.2, 390.8) P1(352.0, 407.0), P2(326.0, 404.0), P3(327.0, 375.0), P4(352.0, 377.0)  
aruco_ratio 0.0025559085607528686
命令 w
Marker 33: C(315.0, 391.8) P1(327.0, 408.0), P2(301.0, 406.0), P3(302.0, 377.0), P4(330.0, 376.0)  
aruco_ratio 0.0027282450596491496
命令 w
Marker 33: C(300.2, 392.8) P1(313.0, 408.0), P2(287.0, 406.0), P3(288.0, 378.0), P4(313.0, 379.0)  
aruco_ratio 0.0024616779883702596
命令 w
Marker 33: C(291.5, 392.8) P1(304.0, 408.0), P2(279.0, 406.0), P3(279.0, 378.0), P4(304.0, 379.0)  
aruco_ratio 0.0023675660292307534
命令 w
Marker 33: C(289.0, 391.2) P1(301.0, 407.0), P2(276.0, 406.0), P3(276.0, 377.0), P4(303.0, 375.0)  
aruco_ratio 0.002611334522565206
命令 w
Marker 33: C(293.5, 390.0) P1(306.0, 405.0), P2(281.0, 404.0), P3(281.0, 375.0), P4(306.0, 376.0)  
aruco_ratio 0.002361913323402405
命令 w
命令 m
丢失目标 33 正在调整
1  运动指令 q
命令 m
进入前进状态，寻找目标 33
Marker 33: C(328.0, 385.5) P1(340.0, 401.0), P2(315.0, 399.0), P3(316.0, 370.0), P4(341.0, 372.0)  
aruco_ratio 0.0023689732948939004
命令 w
Marker 33: C(355.2, 382.8) P1(368.0, 399.0), P2(341.0, 395.0), P3(343.0, 367.0), P4(369.0, 370.0)  
aruco_ratio 0.0025781784454981488
命令 w
Marker 33: C(378.0, 380.5) P1(391.0, 397.0), P2(364.0, 393.0), P3(365.0, 365.0), P4(392.0, 367.0)  
aruco_ratio 0.002666977246602376
命令 a
Marker 33: C(403.0, 377.8) P1(416.0, 394.0), P2(388.0, 390.0), P3(390.0, 362.0), P4(418.0, 365.0)  
aruco_ratio 0.0026764069000879925
命令 a
Marker 33: C(417.2, 376.2) P1(431.0, 393.0), P2(402.0, 389.0), P3(404.0, 360.0), P4(432.0, 363.0)  
aruco_ratio 0.0028604318698247275
命令 a
Marker 33: C(426.5, 373.8) P1(440.0, 391.0), P2(411.0, 386.0), P3(413.0, 357.0), P4(442.0, 361.0)  
aruco_ratio 0.0028801953792572024
命令 a
Marker 33: C(421.0, 373.8) P1(434.0, 391.0), P2(406.0, 386.0), P3(408.0, 357.0), P4(436.0, 361.0)  
aruco_ratio 0.0027837949991226197
命令 a
Marker 33: C(403.0, 376.2) P1(416.0, 393.0), P2(388.0, 389.0), P3(390.0, 360.0), P4(418.0, 363.0)  
aruco_ratio 0.0027682671944300333
命令 a
Marker 33: C(347.2, 382.8) P1(360.0, 399.0), P2(333.0, 396.0), P3(335.0, 367.0), P4(361.0, 369.0)  
aruco_ratio 0.0026544183492660522
命令 w
Marker 33: C(430.5, 372.0) P1(443.0, 390.0), P2(414.0, 385.0), P3(417.0, 356.0), P4(448.0, 357.0)  
aruco_ratio 0.003197277585665385
命令 a
命令 m
丢失目标 33 正在调整
1  运动指令 q
命令 q
2  运动指令 q
命令 q
3  运动指令 q
命令 q
4  运动指令 q
命令 q
5  运动指令 q
命令 q
6  运动指令 q
命令 q
7  运动指令 q
命令 q
8  运动指令 q
命令 q
9  运动指令 q
命令 q
10  运动指令 q
命令 q
11  运动指令 q
命令 q
12  运动指令 q
命令 q
13  运动指令 q
命令 q
14  运动指令 q
命令 q
15  运动指令 q
命令 q
16  运动指令 q
命令 q
17  运动指令 q
命令 q
18  运动指令 q
命令 q
19  运动指令 q
命令 q
20  运动指令 q
命令 q
21  运动指令 q
命令 q
22  运动指令 q
命令 q
23  运动指令 q
命令 q
24  运动指令 q
命令 q
25  运动指令 q
命令 q
26  运动指令 q
命令 q
27  运动指令 q
命令 q
28  运动指令 q
命令 q
29  运动指令 q
命令 q
30  运动指令 q
命令 q
31  运动指令 q
丢失目标 33 时间过长
命令 m
进入检测状态
命令 q
命令 q
命令 q
命令 q
命令 q
命令 q
命令 q
命令 q
命令 q
命令 q
命令 q
命令 q
命令 q
命令 q
命令 q
命令 q
命令 q
命令 q
命令 q
命令 q
命令 q
命令 q
命令 q
命令 q
命令 q
命令 q
命令 q
命令 q
命令 q
命令 q
命令 q
命令 q
命令 q
命令 q
命令 q
命令 q
命令 q
命令 q
命令 q
命令 q
命令 q
命令 q
命令 q
命令 q
命令 q
进入前进状态，寻找目标 37
命令 m
丢失目标 37 正在调整
1  运动指令 q
命令 q
2  运动指令 q
命令 q
3  运动指令 q
命令 q
4  运动指令 q
命令 q
5  运动指令 q
命令 q
6  运动指令 q
命令 q
7  运动指令 q
命令 q
8  运动指令 q
命令 q
9  运动指令 q
命令 q
10  运动指令 q
命令 q
11  运动指令 q
命令 q
12  运动指令 q
命令 q
13  运动指令 q
命令 q
14  运动指令 q
命令 q
15  运动指令 q
命令 q
16  运动指令 q
命令 q
17  运动指令 q
命令 q
18  运动指令 q
命令 q
19  运动指令 q
命令 q
20  运动指令 q
命令 q
21  运动指令 q
命令 q
22  运动指令 q
命令 q
23  运动指令 q
命令 q
24  运动指令 q
命令 q
25  运动指令 q
命令 q
26  运动指令 q
命令 q
27  运动指令 q
命令 q
28  运动指令 q
命令 q
29  运动指令 q
命令 q
30  运动指令 q
命令 q
31  运动指令 q
丢失目标 37 时间过长
命令 m
进入检测状态
命令 q
命令 q
命令 q
命令 q
命令 q
命令 q
命令 q
命令 q
命令 q
命令 q
命令 q
命令 q
命令 q
命令 q
命令 q
命令 q
命令 q
命令 q
命令 q
命令 q
命令 q
命令 q
命令 q
命令 q
命令 q
命令 q
命令 q
命令 q
命令 q
命令 q
命令 q
命令 q
命令 q
命令 q
命令 q
命令 q
命令 q
命令 q
命令 q
命令 q
命令 q
命令 q
命令 q
命令 q
命令 q
命令 q
命令 q
命令 q
命令 q
命令 q
命令 q
命令 q
命令 q
命令 q
命令 q
命令 q
命令 q
命令 q
命令 q
命令 q
命令 q
命令 q
命令 q
命令 q
命令 q
命令 q
命令 q
命令 q
命令 q
命令 q
命令 q
命令 q
命令 q
命令 q
命令 q
命令 q
命令 q
命令 q
命令 q
命令 q
命令 q
命令 q
命令 q
命令 q
命令 q
命令 q
命令 q
命令 q
命令 q
命令 q
命令 q
命令 q
命令 q
命令 q
命令 q
命令 q
命令 q
命令 q
命令 q
命令 q
命令 q
命令 q
命令 q
命令 q
命令 q
命令 q
命令 q
命令 q
命令 q
命令 q
命令 q
命令 q
命令 q
命令 q
命令 q
命令 q
命令 q
命令 q
命令 q
命令 q
命令 q
命令 q
命令 q
命令 q
命令 q
命令 q
命令 q
命令 q
命令 q
命令 q
命令 q
命令 q
命令 q
命令 q
命令 q
命令 q
命令 q
命令 q
命令 q
命令 q
命令 q
命令 q
命令 q
命令 q
命令 q
命令 q
命令 q
命令 q
命令 q
命令 q
命令 q
命令 q
命令 q
命令 q
命令 q
命令 q
命令 q
命令 q
命令 q
命令 q
命令 q
命令 q
命令 q
命令 q
命令 q
命令 q
命令 q
命令 q
命令 q
命令 q
命令 q
命令 q
命令 q
命令 q
命令 q
命令 q
命令 q
命令 q
命令 q
命令 q
命令 q
命令 q
命令 q
命令 q
命令 q
命令 q
命令 q
命令 q
命令 q
命令 q
命令 q
命令 q
命令 q
命令 q
命令 q
命令 q
命令 q
命令 q
命令 q
命令 q
命令 q
命令 q
命令 q
命令 q
命令 q
命令 q
命令 q
命令 q
命令 q
命令 q
命令 q
命令 q
命令 q
命令 q
命令 q
命令 q
命令 q
命令 q
命令 q
命令 q
命令 q
命令 q
命令 q
命令 q
命令 q
命令 q
命令 q
命令 q
命令 q
命令 q
命令 q
命令 q
命令 q
命令 q
命令 q
命令 q
命令 q
命令 q
命令 q
命令 q
命令 q
命令 q
命令 q
命令 q
命令 q
命令 q
命令 q
命令 q
命令 q
命令 q
命令 q
命令 q
命令 q
命令 q
命令 q
命令 q
命令 q
命令 q
命令 q
命令 q
命令 q
命令 q
命令 q
命令 q
命令 q
命令 q
命令 q
命令 q
命令 q
命令 q
命令 q
命令 q
命令 q
命令 q
命令 q
命令 q
命令 q
命令 q
命令 q
命令 q
命令 q
命令 q
命令 q
命令 q
命令 q
命令 q
命令 q
命令 q
命令 q
命令 q
命令 q
命令 q
命令 q
命令 q
命令 q
命令 q
命令 q
命令 q
命令 q
命令 q
命令 q
命令 q
命令 q
命令 q
命令 q
命令 q
命令 q
命令 q
命令 q
命令 q
命令 q
命令 q
命令 q
命令 q
命令 q
命令 q
命令 q
命令 q
命令 q
命令 q
命令 q
命令 q
命令 q
命令 q
命令 q
命令 q
命令 q
命令 q
命令 q
命令 q
命令 q
命令 q
命令 q
命令 q
命令 q
命令 q
命令 q
命令 q
命令 q
命令 q
命令 q
命令 q
命令 q
命令 q
命令 q
命令 q
命令 q
命令 q
命令 q
命令 q
命令 q
命令 q
命令 q
命令 q
命令 q
命令 q
命令 q
命令 q
命令 q
命令 q
命令 q
命令 q
命令 q
命令 q
命令 q
命令 q
命令 q
命令 q
命令 q
命令 q
命令 q
命令 q
命令 q
命令 q
命令 q
命令 q
命令 q
命令 q
命令 q
命令 q
命令 q
命令 q
命令 q
命令 q
命令 q
命令 q
命令 q
命令 q
命令 q
命令 q
命令 q
命令 q
命令 q
命令 q
命令 q
命令 q
命令 q
命令 q
命令 q
命令 q
命令 q
命令 q
命令 q
命令 q
命令 q
命令 q
命令 q
命令 q
命令 q
命令 q
命令 q
命令 q
命令 q
命令 q
命令 q
命令 q
命令 q
命令 q
命令 q
命令 q
命令 q
命令 q
命令 q
命令 q
命令 q
命令 q
命令 q
命令 q
命令 q
命令 q
命令 q
命令 q
命令 q
命令 q
命令 q
命令 q
命令 q
命令 q
命令 q
命令 q
命令 q
命令 q
命令 q
命令 q
命令 q
命令 q
命令 q
命令 q
命令 q
命令 q
命令 q
命令 q
命令 q
命令 q
命令 q
命令 q
命令 q
命令 q
命令 q
命令 q
命令 q
命令 q
命令 q
命令 q
命令 q
命令 q
命令 q
命令 q
命令 q
命令 q
命令 q
命令 q
命令 q
命令 q
命令 q
命令 q
命令 q
命令 q
命令 q
命令 q
命令 q
命令 q
命令 q
命令 q
命令 q
命令 q
命令 q
命令 q
命令 q
命令 q
命令 q
命令 q
命令 q
命令 q
命令 q
命令 q
命令 q
命令 q
命令 q
命令 q
命令 q
命令 q
命令 q
命令 q
命令 q
命令 q
命令 q
命令 q
命令 q
命令 q
命令 q
命令 q
命令 q
命令 q
命令 q
命令 q
命令 q
命令 q
命令 q
命令 q
命令 q
命令 q
命令 q
命令 q
命令 q
命令 q
命令 q
命令 q
命令 q
命令 q
命令 q
命令 q
命令 q
命令 q
命令 q
命令 q
命令 q
命令 q
命令 q
命令 q
命令 q
命令 q
命令 q
命令 q
命令 q
命令 q
命令 q
命令 q
命令 q
命令 q
命令 q
命令 q
命令 q
命令 q
命令 q
命令 q
命令 q
命令 q
命令 q
命令 q
命令 q
命令 q
命令 q
命令 q
命令 q
命令 q
命令 q
命令 q
命令 q
命令 q
命令 q
命令 q
命令 q
命令 q
命令 q
命令 q
命令 q
命令 q
命令 q
命令 q
命令 q
命令 q
命令 q
命令 q
命令 q
命令 q
命令 q
命令 q
命令 q
命令 q
命令 q
命令 q
命令 q
命令 q
命令 q
命令 q
命令 q
命令 q
命令 q
命令 q
命令 q
命令 q
命令 q
命令 q
命令 q
命令 q
命令 q
命令 q
命令 q
命令 q
命令 q
命令 q
命令 q
命令 q
命令 q
命令 q
命令 q
命令 q
命令 q
命令 q
命令 q
命令 q
命令 q
命令 q
命令 q
命令 q
命令 q
命令 q
命令 q
命令 q
命令 q
命令 q
命令 q
命令 q
命令 q
命令 q
命令 q
命令 q
命令 q
命令 q
命令 q
命令 q
命令 q
命令 q
命令 q
命令 q
命令 q
命令 q
命令 q
命令 q
命令 q
命令 q
命令 q
命令 q
命令 q
命令 q
命令 q
命令 q
命令 q
命令 q
命令 q
命令 q
命令 q
命令 q
命令 q
命令 q
命令 q
命令 q
命令 q
命令 q
命令 q
命令 q
命令 q
命令 q
命令 q
命令 q
命令 q
命令 q
命令 q
命令 q
命令 q
命令 q
命令 q
命令 q
命令 q
命令 q
命令 q
命令 q
命令 q
命令 q
命令 q
命令 q
命令 q
命令 q
命令 q
命令 q
命令 q
命令 q
命令 q
命令 q
命令 q
命令 q
命令 q
命令 q
命令 q
命令 q
命令 q
命令 q
命令 q
命令 q
命令 q
命令 q
命令 q
命令 q
命令 q
命令 q
命令 q
命令 q
命令 q
命令 q
命令 q
命令 q
命令 q
命令 q
命令 q
命令 q
命令 q
命令 q
命令 q
命令 q
命令 q
命令 q
命令 q
命令 q
命令 q
命令 q
命令 q
命令 q
命令 q
命令 q
命令 q
命令 q
命令 q
命令 q
命令 q
命令 q
命令 q
命令 q
命令 q
命令 q
命令 q
命令 q
命令 q
命令 q
命令 q
命令 q
命令 q
命令 q
命令 q
命令 q
命令 q
命令 q
命令 q
命令 q
命令 q
命令 q
命令 q
命令 q
命令 q
命令 q
命令 q
命令 q
命令 q
命令 q
命令 q
命令 q
命令 q
命令 q
命令 q
命令 q
命令 q
命令 q
命令 q
命令 q
命令 q
命令 q
命令 q
命令 q
命令 q
命令 q
命令 q
命令 q
命令 q
命令 q
命令 q
命令 q
命令 q
命令 q
命令 q
命令 q
命令 q
命令 q
命令 q
命令 q
命令 q
命令 q
命令 q
命令 q
命令 q
命令 q
命令 q
命令 q
命令 q
命令 q
命令 q
命令 q
命令 q
命令 q
命令 q
命令 q
命令 q
命令 q
命令 q
命令 q
命令 q
命令 q
命令 q
命令 q
命令 q
命令 q
命令 q
命令 q
命令 q
命令 q
命令 q
命令 q
命令 q
命令 q
命令 q
命令 q
命令 q
命令 q
命令 q
命令 q
命令 q
命令 q
命令 q
命令 q
命令 q
命令 q
命令 q
命令 q
命令 q
命令 q
命令 q
命令 q
命令 q
命令 q
命令 q
命令 q
命令 q
命令 q
命令 q
命令 q
命令 q
命令 q
命令 q
命令 q
命令 q
命令 q
命令 q
命令 q
命令 q
命令 q
命令 q
命令 q
命令 q
命令 q
命令 q
命令 q
命令 q
命令 q
命令 q
命令 q
命令 q
命令 q
命令 q
命令 q
命令 q
命令 q
命令 q
命令 q
命令 q
命令 q
命令 q
命令 q
命令 q
命令 q
命令 q
命令 q
命令 q
命令 q
命令 q
命令 q
命令 q
命令 q
命令 q
命令 q
命令 q
命令 q
命令 q
命令 q
命令 q
命令 q
命令 q
命令 q
命令 q
命令 q
命令 q
命令 q
命令 q
命令 q
命令 q
命令 q
命令 q
命令 q
命令 q
命令 q
命令 q
命令 q
命令 q
命令 q
命令 q
命令 q
命令 q
命令 q
命令 q
命令 q
命令 q
命令 q
命令 q
命令 q
命令 q
命令 q
命令 q
命令 q
命令 q
命令 q
命令 q
命令 q
命令 q
命令 q
命令 q
命令 q
命令 q
命令 q
命令 q
命令 q
命令 q
命令 q
命令 q
命令 q
命令 q
命令 q
命令 q
命令 q
命令 q
命令 q
命令 q
命令 q
命令 q
命令 q
命令 q
命令 q
命令 q
命令 q
命令 q
命令 q
命令 q
命令 q
命令 q
命令 q
命令 q
命令 q
命令 q
命令 q
命令 q
命令 q
命令 q
命令 q
命令 q
命令 q
命令 q
命令 q
命令 q
命令 q
命令 q
命令 q
命令 q
命令 q
命令 q
命令 q
命令 q
命令 q
命令 q
命令 q
命令 q
命令 q
命令 q
命令 q
命令 q
命令 q
命令 q
命令 q
命令 q
命令 q
命令 q
命令 q
命令 q
命令 q
命令 q
命令 q
命令 q
命令 q
命令 q
命令 q
命令 q
命令 q
命令 q
命令 q
命令 q
命令 q
命令 q
命令 q
命令 q
命令 q
命令 q
命令 q
命令 q
命令 q
命令 q
命令 q
命令 q
命令 q
命令 q
命令 q
命令 q
命令 q
命令 q
命令 q
命令 q
命令 q
命令 q
命令 q
命令 q
命令 q
命令 q
命令 q
命令 q
命令 q
命令 q
命令 q
命令 q
命令 q
命令 q
命令 q
命令 q
命令 q
命令 q
命令 q
命令 q
命令 q
命令 q
命令 q
命令 q
命令 q
命令 q
命令 q
命令 q
命令 q
命令 q
命令 q
命令 q
命令 q
命令 q
命令 q
命令 q
命令 q
命令 q
命令 q
命令 q
命令 q
命令 q
命令 q
命令 q
命令 q
命令 q
命令 q
命令 q
命令 q
命令 q
命令 q
命令 q
命令 q
命令 q
命令 q
命令 q
命令 q
命令 q
命令 q
命令 q
命令 q
命令 q
命令 q
命令 q
命令 q
命令 q
命令 q
命令 q
命令 q
命令 q
命令 q
命令 q
命令 q
命令 q
命令 q
命令 q
命令 q
命令 q
命令 q
命令 q
命令 q
命令 q
命令 q
命令 q
命令 q
命令 q
命令 q
命令 q
命令 q
命令 q
命令 q
命令 q
命令 q
命令 q
命令 q
命令 q
命令 q
命令 q
命令 q
命令 q
命令 q
命令 q
命令 q
命令 q
命令 q
命令 q
命令 q
命令 q
命令 q
命令 q
命令 q
命令 q
命令 q
命令 q
命令 q
命令 q
命令 q
命令 q
命令 q
命令 q
命令 q
命令 q
命令 q
命令 q
命令 q
命令 q
命令 q
命令 q
命令 q
命令 q
命令 q
命令 q
命令 q
命令 q
命令 q
命令 q
命令 q
命令 q
命令 q
命令 q
命令 q
命令 q
命令 q
命令 q
命令 q
命令 q
命令 q
命令 q
命令 q
命令 q
命令 q
命令 q
命令 q
命令 q
命令 q
命令 q
命令 q
命令 q
命令 q
命令 q
命令 q
命令 q
命令 q
命令 q
命令 q
命令 q
命令 q
命令 q
命令 q
命令 q
命令 q
命令 q
命令 q
命令 q
命令 q
命令 q
命令 q
命令 q
命令 q
命令 q
命令 q
命令 q
命令 q
命令 q
命令 q
命令 q
命令 q
命令 q
命令 q
命令 q
命令 q
命令 q
命令 q
命令 q
命令 q
命令 q
命令 q
命令 q
命令 q
命令 q
命令 q
命令 q
命令 q
命令 q
命令 q
命令 q
命令 q
命令 q
命令 q
命令 q
命令 q
命令 q
命令 q
命令 q
命令 q
命令 q
命令 q
命令 q
命令 q
命令 q
命令 q
命令 q
命令 q
命令 q
命令 q
命令 q
命令 q
命令 q
命令 q
命令 q
命令 q
命令 q
命令 q
命令 q
命令 q
命令 q
命令 q
命令 q
命令 q
命令 q
命令 q
命令 q
命令 q
命令 q
命令 q
命令 q
命令 q
命令 q
命令 q
命令 q
命令 q
命令 q
命令 q
命令 q
命令 q
命令 q
命令 q
命令 q
命令 q
命令 q
命令 q
命令 q
命令 q
命令 q
命令 q
命令 q
命令 q
命令 q
命令 q
命令 q
命令 q
命令 q
命令 q
命令 q
命令 q
命令 q
命令 q
命令 q
命令 q
命令 q
命令 q
命令 q
命令 q
命令 q
命令 q
命令 q
命令 q
进入前进状态，寻找目标 37
命令 m
丢失目标 37 正在调整
1  运动指令 q
命令 q
2  运动指令 q
命令 q
3  运动指令 q
命令 q
4  运动指令 q
命令 m
进入前进状态，寻找目标 37
命令 m
丢失目标 37 正在调整
1  运动指令 q
命令 m
进入前进状态，寻找目标 37
Marker 37: C(372.8, 117.8) P1(375.0, 112.0), P2(376.0, 116.0), P3(371.0, 130.0), P4(369.0, 113.0)  
aruco_ratio 8.164020876089732e-05
命令 a
Marker 37: C(372.8, 117.8) P1(375.0, 112.0), P2(376.0, 116.0), P3(371.0, 130.0), P4(369.0, 113.0)  
aruco_ratio 8.164020876089732e-05
命令 a
命令 m
丢失目标 37 正在调整
1  运动指令 q
命令 q
2  运动指令 q
命令 q
3  运动指令 q
命令 m
进入前进状态，寻找目标 37
命令 m
丢失目标 37 正在调整
1  运动指令 q
命令 q
2  运动指令 q
命令 q
3  运动指令 q
命令 q
4  运动指令 q
命令 q
5  运动指令 q
命令 q
6  运动指令 q
命令 q
7  运动指令 q
命令 q
8  运动指令 q
命令 q
9  运动指令 q
命令 q
10  运动指令 q
命令 q
11  运动指令 q
命令 q
12  运动指令 q
命令 q
13  运动指令 q
命令 q
14  运动指令 q
命令 m
进入前进状态，寻找目标 37
命令 m
丢失目标 37 正在调整
1  运动指令 q
命令 q
2  运动指令 q
命令 m
进入前进状态，寻找目标 37
命令 m
丢失目标 37 正在调整
1  运动指令 q
命令 q
2  运动指令 q
命令 m
进入前进状态，寻找目标 37
Marker 37: C(372.8, 117.5) P1(375.0, 112.0), P2(376.0, 116.0), P3(371.0, 129.0), P4(369.0, 113.0)  
aruco_ratio 8.164020876089732e-05
命令 a
Marker 37: C(372.8, 117.8) P1(375.0, 112.0), P2(376.0, 116.0), P3(371.0, 130.0), P4(369.0, 113.0)  
aruco_ratio 8.164020876089732e-05
命令 a
命令 m
丢失目标 37 正在调整
1  运动指令 q
命令 q
2  运动指令 q
命令 m
进入前进状态，寻找目标 37
Marker 37: C(372.8, 117.8) P1(375.0, 112.0), P2(376.0, 116.0), P3(371.0, 130.0), P4(369.0, 113.0)  
aruco_ratio 8.164020876089732e-05
命令 a
命令 m
丢失目标 37 正在调整
1  运动指令 q
命令 q
2  运动指令 q
命令 q
3  运动指令 q
命令 q
4  运动指令 q
命令 q
5  运动指令 q
命令 q
6  运动指令 q
命令 q
7  运动指令 q
命令 q
8  运动指令 q
命令 q
9  运动指令 q
命令 q
10  运动指令 q
命令 q
11  运动指令 q
命令 m
进入前进状态，寻找目标 37
命令 m
丢失目标 37 正在调整
1  运动指令 q
命令 q
2  运动指令 q
命令 q
3  运动指令 q
命令 q
4  运动指令 q
命令 q
5  运动指令 q
命令 m
进入前进状态，寻找目标 37
命令 m
丢失目标 37 正在调整
1  运动指令 q
命令 m
进入前进状态，寻找目标 37
Marker 37: C(372.8, 117.2) P1(375.0, 112.0), P2(376.0, 116.0), P3(371.0, 128.0), P4(369.0, 113.0)  
aruco_ratio 8.164020876089732e-05
命令 a
Marker 37: C(372.8, 117.8) P1(375.0, 112.0), P2(376.0, 116.0), P3(371.0, 130.0), P4(369.0, 113.0)  
aruco_ratio 8.164020876089732e-05
命令 a
命令 m
丢失目标 37 正在调整
1  运动指令 q
命令 q
2  运动指令 q
命令 q
3  运动指令 q
命令 q
4  运动指令 q
命令 m
进入前进状态，寻找目标 37
命令 m
丢失目标 37 正在调整
1  运动指令 q
命令 q
2  运动指令 q
命令 q
3  运动指令 q
命令 q
4  运动指令 q
命令 q
5  运动指令 q
命令 m
进入前进状态，寻找目标 37
命令 m
丢失目标 37 正在调整
1  运动指令 q
命令 q
2  运动指令 q
命令 q
3  运动指令 q
命令 q
4  运动指令 q
命令 q
5  运动指令 q
命令 m
进入前进状态，寻找目标 37
Marker 37: C(372.8, 117.8) P1(375.0, 112.0), P2(376.0, 116.0), P3(371.0, 130.0), P4(369.0, 113.0)  
aruco_ratio 8.164020876089732e-05
命令 a
命令 m
丢失目标 37 正在调整
1  运动指令 q
命令 q
2  运动指令 q
命令 q
3  运动指令 q
命令 q
4  运动指令 q
命令 q
5  运动指令 q
命令 q
6  运动指令 q
命令 q
7  运动指令 q
命令 m
进入前进状态，寻找目标 37
命令 m
丢失目标 37 正在调整
1  运动指令 q
命令 q
2  运动指令 q
命令 q
3  运动指令 q
命令 m
进入前进状态，寻找目标 37
Marker 37: C(372.8, 117.8) P1(375.0, 112.0), P2(376.0, 116.0), P3(371.0, 130.0), P4(369.0, 113.0)  
aruco_ratio 8.164020876089732e-05
命令 a
命令 m
丢失目标 37 正在调整
1  运动指令 q
命令 m
进入前进状态，寻找目标 37
Marker 37: C(372.8, 117.8) P1(375.0, 112.0), P2(376.0, 116.0), P3(371.0, 130.0), P4(369.0, 113.0)  
aruco_ratio 8.164020876089732e-05
命令 a
命令 m
丢失目标 37 正在调整
1  运动指令 q
命令 q
2  运动指令 q
命令 q
3  运动指令 q
命令 q
4  运动指令 q
命令 q
5  运动指令 q
命令 q
6  运动指令 q
命令 q
7  运动指令 q
命令 m
进入前进状态，寻找目标 37
命令 m
丢失目标 37 正在调整
1  运动指令 q
命令 q
2  运动指令 q
命令 q
3  运动指令 q
命令 q
4  运动指令 q
命令 m
进入前进状态，寻找目标 37
Marker 37: C(372.8, 117.8) P1(375.0, 112.0), P2(376.0, 116.0), P3(371.0, 130.0), P4(369.0, 113.0)  
aruco_ratio 8.164020876089732e-05
命令 a
命令 m
丢失目标 37 正在调整
1  运动指令 q
命令 q
2  运动指令 q
命令 q
3  运动指令 q
命令 m
进入前进状态，寻找目标 37
命令 m
丢失目标 37 正在调整
1  运动指令 q
命令 q
2  运动指令 q
命令 q
3  运动指令 q
命令 m
进入前进状态，寻找目标 37
命令 m
丢失目标 37 正在调整
1  运动指令 q
命令 q
2  运动指令 q
命令 q
3  运动指令 q
命令 q
4  运动指令 q
命令 q
5  运动指令 q
命令 q
6  运动指令 q
命令 q
7  运动指令 q
命令 q
8  运动指令 q
命令 q
9  运动指令 q
命令 q
10  运动指令 q
命令 q
11  运动指令 q
命令 q
12  运动指令 q
命令 q
13  运动指令 q
命令 q
14  运动指令 q
命令 q
15  运动指令 q
命令 q
16  运动指令 q
命令 q
17  运动指令 q
命令 q
18  运动指令 q
命令 q
19  运动指令 q
命令 q
20  运动指令 q
命令 q
21  运动指令 q
命令 q
22  运动指令 q
命令 q
23  运动指令 q
命令 q
24  运动指令 q
命令 q
25  运动指令 q
命令 q
26  运动指令 q
命令 q
27  运动指令 q
命令 q
28  运动指令 q
命令 q
29  运动指令 q
命令 q
30  运动指令 q
命令 q
31  运动指令 q
丢失目标 37 时间过长
命令 m
进入检测状态
命令 q
命令 q
命令 q
命令 q
命令 q
命令 q
命令 q
命令 q
命令 q
命令 q
命令 q
命令 q
命令 q
命令 q
命令 q
命令 q
命令 q
命令 q
命令 q
命令 q
命令 q
命令 q
命令 q
命令 q
命令 q
命令 q
命令 q
命令 q
命令 q
命令 q
命令 q
命令 q
命令 q
命令 q
命令 q
命令 q
命令 q
命令 q
命令 q
命令 q
命令 q
命令 q
命令 q
命令 q
命令 q
命令 q
命令 q
命令 q
命令 q
命令 q
命令 q
命令 q
命令 q
命令 q
命令 q
命令 q
命令 q
命令 q
命令 q
命令 q
命令 q
命令 q
命令 q
命令 q
命令 q
命令 q
命令 q
命令 q
命令 q
命令 q
命令 q
命令 q
命令 q
命令 q
命令 q
命令 q
命令 q
命令 q
命令 q
命令 q
命令 q
命令 q
命令 q
命令 q
命令 q
命令 q
命令 q
命令 q
命令 q
命令 q
命令 q
命令 q
命令 q
命令 q
命令 q
命令 q
命令 q
命令 q
命令 q
命令 q
命令 q
命令 q
命令 q
命令 q
命令 q
命令 q
命令 q
命令 q
命令 q
命令 q
命令 q
命令 q
命令 q
命令 q
命令 q
命令 q
命令 q
命令 q
命令 q
命令 q
命令 q
命令 q
命令 q
命令 q
命令 q
命令 q
命令 q
命令 q
命令 q
命令 q
命令 q
命令 q
命令 q
命令 q
命令 q
命令 q
命令 q
命令 q
命令 q
命令 q
命令 q
命令 q
命令 q
命令 q
命令 q
命令 q
命令 q
命令 q
命令 q
命令 q
命令 q
命令 q
命令 q
命令 q
命令 q
命令 q
命令 q
命令 q
命令 q
命令 q
命令 q
命令 q
命令 q
命令 q
命令 q
命令 q
命令 q
命令 q
命令 q
命令 q
命令 q
命令 q
命令 q
命令 q
命令 q
命令 q
命令 q
命令 q
命令 q
命令 q
命令 q
命令 q
命令 q
命令 q
命令 q
命令 q
命令 q
命令 q
命令 q
命令 q
命令 q
命令 q
命令 q
命令 q
命令 q
命令 q
命令 q
命令 q
命令 q
命令 q
命令 q
命令 q
命令 q
命令 q
命令 q
命令 q
命令 q
命令 q
命令 q
命令 q
命令 q
命令 q
命令 q
命令 q
命令 q
命令 q
命令 q
命令 q
命令 q
命令 q
命令 q
命令 q
命令 q
命令 q
命令 q
命令 q
命令 q
命令 q
命令 q
命令 q
命令 q
命令 q
命令 q
命令 q
命令 q
命令 q
命令 q
命令 q
命令 q
命令 q
命令 q
命令 q
命令 q
命令 q
命令 q
命令 q
命令 q
命令 q
命令 q
命令 q
命令 q
命令 q
命令 q
命令 q
命令 q
命令 q
命令 q
命令 q
命令 q
命令 q
命令 q
命令 q
命令 q
命令 q
命令 q
命令 q
命令 q
命令 q
命令 q
命令 q
命令 q
命令 q
命令 q
命令 q
命令 q
命令 q
命令 q
命令 q
命令 q
命令 q
命令 q
命令 q
命令 q
命令 q
命令 q
命令 q
命令 q
命令 q
命令 q
命令 q
命令 q
命令 q
命令 q
命令 q
命令 q
命令 q
命令 q
命令 q
命令 q
命令 q
命令 q
命令 q
命令 q
命令 q
命令 q
命令 q
命令 q
命令 q
命令 q
命令 q
命令 q
进入前进状态，寻找目标 33
命令 m
丢失目标 33 正在调整
1  运动指令 q
命令 m
进入前进状态，寻找目标 33
Marker 33: C(263.5, 415.8) P1(273.0, 433.0), P2(251.0, 427.0), P3(254.0, 399.0), P4(276.0, 404.0)  
aruco_ratio 0.002164162794748942
命令 d
Marker 33: C(262.5, 412.2) P1(272.0, 430.0), P2(250.0, 423.0), P3(253.0, 395.0), P4(275.0, 401.0)  
aruco_ratio 0.0021910478671391806
命令 d
Marker 33: C(264.0, 408.2) P1(273.0, 426.0), P2(251.0, 420.0), P3(254.0, 392.0), P4(278.0, 395.0)  
aruco_ratio 0.002330874601999919
命令 d
Marker 33: C(259.0, 410.8) P1(268.0, 428.0), P2(246.0, 423.0), P3(249.0, 395.0), P4(273.0, 397.0)  
aruco_ratio 0.002306089202562968
命令 d
Marker 33: C(266.2, 408.2) P1(276.0, 425.0), P2(253.0, 421.0), P3(256.0, 393.0), P4(280.0, 394.0)  
aruco_ratio 0.0023753321170806884
命令 d
Marker 33: C(285.8, 402.5) P1(296.0, 420.0), P2(272.0, 415.0), P3(274.0, 387.0), P4(301.0, 388.0)  
aruco_ratio 0.0025846622387568157
命令 w
命令 m
丢失目标 33 正在调整
1  运动指令 q
命令 q
2  运动指令 q
命令 m
进入前进状态，寻找目标 33
Marker 33: C(365.0, 411.8) P1(378.0, 430.0), P2(349.0, 425.0), P3(351.0, 394.0), P4(382.0, 398.0)  
aruco_ratio 0.0030892594655354817
命令 a
Marker 33: C(378.2, 408.8) P1(391.0, 427.0), P2(362.0, 422.0), P3(365.0, 391.0), P4(395.0, 395.0)  
aruco_ratio 0.0030892594655354817
命令 a
Marker 33: C(403.8, 402.0) P1(417.0, 421.0), P2(386.0, 416.0), P3(389.0, 385.0), P4(423.0, 386.0)  
aruco_ratio 0.0036297341187795005
命令 a
Marker 33: C(424.8, 401.8) P1(439.0, 421.0), P2(407.0, 416.0), P3(410.0, 384.0), P4(443.0, 386.0)  
aruco_ratio 0.0037140901883443195
命令 a
Marker 33: C(461.2, 400.0) P1(476.0, 419.0), P2(443.0, 414.0), P3(446.0, 382.0), P4(480.0, 385.0)  
aruco_ratio 0.003719505469004313
命令 a
Marker 33: C(482.2, 400.8) P1(498.0, 420.0), P2(464.0, 414.0), P3(467.0, 382.0), P4(500.0, 387.0)  
aruco_ratio 0.003715583086013794
命令 a
Marker 33: C(490.2, 401.0) P1(505.0, 421.0), P2(471.0, 415.0), P3(474.0, 383.0), P4(511.0, 385.0)  
aruco_ratio 0.004101748466491699
命令 a
Marker 33: C(449.8, 402.2) P1(465.0, 420.0), P2(434.0, 416.0), P3(435.0, 385.0), P4(465.0, 388.0)  
aruco_ratio 0.0032559374968210856
命令 a
Marker 33: C(374.8, 406.8) P1(389.0, 423.0), P2(362.0, 421.0), P3(361.0, 391.0), P4(387.0, 392.0)  
aruco_ratio 0.002737753987312317
命令 a
Marker 33: C(341.2, 413.2) P1(354.0, 429.0), P2(330.0, 427.0), P3(329.0, 398.0), P4(352.0, 399.0)  
aruco_ratio 0.0023570944865544635
命令 w
Marker 33: C(413.8, 397.0) P1(427.0, 415.0), P2(399.0, 411.0), P3(399.0, 381.0), P4(430.0, 381.0)  
aruco_ratio 0.0031425827741622925
命令 a
Marker 33: C(452.0, 400.8) P1(467.0, 419.0), P2(437.0, 414.0), P3(437.0, 383.0), P4(467.0, 387.0)  
aruco_ratio 0.0031681054830551146
命令 a
Marker 33: C(522.2, 396.0) P1(537.0, 416.0), P2(503.0, 410.0), P3(506.0, 378.0), P4(543.0, 380.0)  
aruco_ratio 0.004101748466491699
命令 a
Marker 33: C(457.2, 420.5) P1(473.0, 439.0), P2(443.0, 433.0), P3(442.0, 402.0), P4(471.0, 408.0)  
aruco_ratio 0.0030937153100967407
命令 a
Marker 33: C(427.8, 394.0) P1(441.0, 412.0), P2(413.0, 408.0), P3(413.0, 378.0), P4(444.0, 378.0)  
aruco_ratio 0.0031425827741622925
命令 a
Marker 33: C(420.0, 395.0) P1(433.0, 413.0), P2(406.0, 410.0), P3(405.0, 379.0), P4(436.0, 378.0)  
aruco_ratio 0.003106451431910197
命令 a
Marker 33: C(416.8, 397.2) P1(431.0, 414.0), P2(403.0, 411.0), P3(403.0, 381.0), P4(430.0, 383.0)  
aruco_ratio 0.0028431705633799233
命令 a
Marker 33: C(418.2, 396.2) P1(432.0, 413.0), P2(405.0, 410.0), P3(404.0, 380.0), P4(432.0, 382.0)  
aruco_ratio 0.0027413763602574664
命令 a
Marker 33: C(415.5, 406.2) P1(430.0, 423.0), P2(402.0, 420.0), P3(401.0, 390.0), P4(429.0, 392.0)  
aruco_ratio 0.0028431705633799233
命令 a
命令 m
丢失目标 33 正在调整
1  运动指令 q
命令 m
进入前进状态，寻找目标 33
Marker 33: C(422.8, 405.8) P1(436.0, 423.0), P2(409.0, 421.0), P3(408.0, 390.0), P4(438.0, 389.0)  
aruco_ratio 0.00300164798895518
命令 a
Marker 33: C(425.5, 406.2) P1(440.0, 423.0), P2(412.0, 420.0), P3(411.0, 390.0), P4(439.0, 392.0)  
aruco_ratio 0.0028431705633799233
命令 a
Marker 33: C(430.5, 406.8) P1(445.0, 424.0), P2(417.0, 421.0), P3(416.0, 390.0), P4(444.0, 392.0)  
aruco_ratio 0.002934791843096415
命令 a
Marker 33: C(435.2, 406.8) P1(450.0, 424.0), P2(421.0, 421.0), P3(421.0, 390.0), P4(449.0, 392.0)  
aruco_ratio 0.003038436770439148
命令 a
Marker 33: C(437.5, 405.2) P1(452.0, 423.0), P2(423.0, 419.0), P3(423.0, 388.0), P4(452.0, 391.0)  
aruco_ratio 0.0030494336287180583
命令 a
Marker 33: C(438.2, 406.8) P1(453.0, 424.0), P2(424.0, 421.0), P3(424.0, 390.0), P4(452.0, 392.0)  
aruco_ratio 0.003038436770439148
命令 a
Marker 33: C(444.5, 404.0) P1(459.0, 422.0), P2(429.0, 419.0), P3(429.0, 388.0), P4(461.0, 387.0)  
aruco_ratio 0.0034406197071075438
命令 a
Marker 33: C(446.5, 404.0) P1(461.0, 422.0), P2(431.0, 419.0), P3(431.0, 388.0), P4(463.0, 387.0)  
aruco_ratio 0.0034406197071075438
命令 a
Marker 33: C(448.8, 404.0) P1(464.0, 422.0), P2(434.0, 418.0), P3(434.0, 387.0), P4(463.0, 389.0)  
aruco_ratio 0.0032526681820551555
命令 a
Marker 33: C(462.8, 399.2) P1(478.0, 417.0), P2(447.0, 413.0), P3(448.0, 382.0), P4(478.0, 385.0)  
aruco_ratio 0.0032559374968210856
命令 a
Marker 33: C(466.8, 397.8) P1(481.0, 417.0), P2(450.0, 412.0), P3(451.0, 381.0), P4(485.0, 381.0)  
aruco_ratio 0.0037024072806040448
命令 a
Marker 33: C(469.8, 397.8) P1(484.0, 417.0), P2(453.0, 412.0), P3(454.0, 381.0), P4(488.0, 381.0)  
aruco_ratio 0.0037024072806040448
命令 a
Marker 33: C(475.2, 396.0) P1(490.0, 415.0), P2(458.0, 410.0), P3(459.0, 379.0), P4(494.0, 380.0)  
aruco_ratio 0.0037140901883443195
命令 a
Marker 33: C(489.0, 394.2) P1(504.0, 413.0), P2(472.0, 408.0), P3(474.0, 376.0), P4(506.0, 380.0)  
aruco_ratio 0.0034855926036834717
命令 a
Marker 33: C(511.0, 391.5) P1(525.0, 411.0), P2(492.0, 405.0), P3(496.0, 373.0), P4(531.0, 377.0)  
aruco_ratio 0.00376958171526591
命令 a
命令 m
丢失目标 33 正在调整
1  运动指令 q
命令 q
2  运动指令 q
命令 q
3  运动指令 q
命令 q
4  运动指令 q
命令 q
5  运动指令 q
命令 q
6  运动指令 q
命令 q
7  运动指令 q
命令 q
8  运动指令 q
命令 q
9  运动指令 q
命令 q
10  运动指令 q
命令 q
11  运动指令 q
命令 q
12  运动指令 q
命令 q
13  运动指令 q
命令 q
14  运动指令 q
命令 q
15  运动指令 q
命令 q
16  运动指令 q
命令 q
17  运动指令 q
命令 q
18  运动指令 q
命令 q
19  运动指令 q
命令 q
20  运动指令 q
命令 q
21  运动指令 q
命令 q
22  运动指令 q
命令 q
23  运动指令 q
命令 m
进入前进状态，寻找目标 33
Marker 33: C(434.0, 395.8) P1(449.0, 413.0), P2(418.0, 411.0), P3(419.0, 378.0), P4(450.0, 381.0)  
aruco_ratio 0.003237459858258565
命令 a
Marker 33: C(419.5, 397.0) P1(435.0, 414.0), P2(404.0, 412.0), P3(404.0, 380.0), P4(435.0, 382.0)  
aruco_ratio 0.003235880136489868
命令 a
Marker 33: C(403.2, 397.2) P1(419.0, 414.0), P2(388.0, 412.0), P3(388.0, 381.0), P4(418.0, 382.0)  
aruco_ratio 0.003237459858258565
命令 a
Marker 33: C(390.0, 399.0) P1(405.0, 416.0), P2(375.0, 413.0), P3(375.0, 383.0), P4(405.0, 384.0)  
aruco_ratio 0.0031405862172444662
命令 a
Marker 33: C(378.8, 399.5) P1(393.0, 417.0), P2(364.0, 415.0), P3(363.0, 384.0), P4(395.0, 382.0)  
aruco_ratio 0.0033172871669133503
命令 a
Marker 33: C(369.2, 402.0) P1(384.0, 418.0), P2(355.0, 417.0), P3(355.0, 386.0), P4(383.0, 387.0)  
aruco_ratio 0.0029296948512395225
命令 a
Marker 33: C(364.0, 401.5) P1(378.0, 418.0), P2(350.0, 416.0), P3(350.0, 385.0), P4(378.0, 387.0)  
aruco_ratio 0.0028327194849650066
命令 a
Marker 33: C(353.0, 400.5) P1(367.0, 417.0), P2(339.0, 415.0), P3(339.0, 384.0), P4(367.0, 386.0)  
aruco_ratio 0.0028327194849650066
命令 w
Marker 33: C(345.5, 402.2) P1(359.0, 419.0), P2(331.0, 418.0), P3(331.0, 387.0), P4(361.0, 385.0)  
aruco_ratio 0.0031062942743301392
命令 w
Marker 33: C(344.8, 404.2) P1(359.0, 421.0), P2(331.0, 419.0), P3(331.0, 388.0), P4(358.0, 389.0)  
aruco_ratio 0.002925525108973185
命令 w
Marker 33: C(349.0, 403.5) P1(363.0, 420.0), P2(335.0, 418.0), P3(335.0, 387.0), P4(363.0, 389.0)  
aruco_ratio 0.0028327194849650066
命令 w
Marker 33: C(355.0, 403.0) P1(369.0, 420.0), P2(341.0, 417.0), P3(341.0, 387.0), P4(369.0, 388.0)  
aruco_ratio 0.002933359940846761
命令 w
Marker 33: C(388.0, 398.2) P1(402.0, 416.0), P2(373.0, 412.0), P3(374.0, 381.0), P4(403.0, 384.0)  
aruco_ratio 0.003050922155380249
命令 a
命令 m
丢失目标 33 正在调整
1  运动指令 q
命令 q
2  运动指令 q
命令 q
3  运动指令 q
命令 q
4  运动指令 q
命令 q
5  运动指令 q
命令 q
6  运动指令 q
命令 q
7  运动指令 q
命令 q
8  运动指令 q
命令 q
9  运动指令 q
命令 q
10  运动指令 q
命令 q
11  运动指令 q
命令 q
12  运动指令 q
命令 q
13  运动指令 q
命令 q
14  运动指令 q
命令 q
15  运动指令 q
命令 q
16  运动指令 q
命令 q
17  运动指令 q
命令 q
18  运动指令 q
命令 q
19  运动指令 q
命令 q
20  运动指令 q
命令 q
21  运动指令 q
命令 q
22  运动指令 q
命令 q
23  运动指令 q
命令 q
24  运动指令 q
命令 q
25  运动指令 q
命令 q
26  运动指令 q
命令 m
进入前进状态，寻找目标 33
命令 m
丢失目标 33 正在调整
1  运动指令 q
命令 q
2  运动指令 q
命令 q
3  运动指令 q
命令 q
4  运动指令 q
命令 q
5  运动指令 q
命令 q
6  运动指令 q
命令 q
7  运动指令 q
命令 q
8  运动指令 q
命令 q
9  运动指令 q
命令 q
10  运动指令 q
命令 q
11  运动指令 q
命令 q
12  运动指令 q
命令 m
进入前进状态，寻找目标 33
Marker 33: C(378.2, 422.2) P1(394.0, 441.0), P2(362.0, 439.0), P3(361.0, 406.0), P4(396.0, 403.0)  
aruco_ratio 0.003971546490987142
命令 a
Marker 33: C(361.2, 423.2) P1(378.0, 441.0), P2(346.0, 439.0), P3(345.0, 406.0), P4(376.0, 407.0)  
aruco_ratio 0.0035547113418579104
命令 a
Marker 33: C(354.2, 423.8) P1(370.0, 442.0), P2(339.0, 441.0), P3(337.0, 407.0), P4(371.0, 405.0)  
aruco_ratio 0.0037370304266611735
命令 w
Marker 33: C(357.5, 423.2) P1(374.0, 441.0), P2(343.0, 439.0), P3(341.0, 406.0), P4(372.0, 407.0)  
aruco_ratio 0.0034440656503041587
命令 w
命令 m
丢失目标 33 正在调整
1  运动指令 q
命令 q
2  运动指令 q
命令 q
3  运动指令 q
命令 q
4  运动指令 q
命令 q
5  运动指令 q
命令 q
6  运动指令 q
命令 q
7  运动指令 q
命令 q
8  运动指令 q
命令 q
9  运动指令 q
命令 q
10  运动指令 q
命令 q
11  运动指令 q
命令 q
12  运动指令 q
命令 q
13  运动指令 q
命令 q
14  运动指令 q
命令 q
15  运动指令 q
命令 q
16  运动指令 q
命令 q
17  运动指令 q
命令 q
18  运动指令 q
命令 q
19  运动指令 q
命令 q
20  运动指令 q
命令 q
21  运动指令 q
命令 q
22  运动指令 q
命令 q
23  运动指令 q
命令 q
24  运动指令 q
命令 q
25  运动指令 q
命令 q
26  运动指令 q
命令 q
27  运动指令 q
命令 q
28  运动指令 q
命令 q
29  运动指令 q
命令 q
30  运动指令 q
命令 q
31  运动指令 q
丢失目标 33 时间过长
命令 m
进入检测状态
命令 q
命令 q
命令 q
命令 q
命令 q
命令 q
命令 q
命令 q
命令 q
命令 q
命令 q
命令 q
命令 q
命令 q
命令 q
命令 q
命令 q
命令 q
命令 q
命令 q
命令 q
命令 q
命令 q
命令 q
命令 q
命令 q
命令 q
命令 q
命令 q
命令 q
命令 q
命令 q
命令 q
命令 q
命令 q
命令 q
命令 q
命令 q
命令 q
命令 q
命令 q
命令 q
命令 q
进入前进状态，寻找目标 33
Marker 33: C(297.0, 424.8) P1(312.0, 441.0), P2(285.0, 442.0), P3(281.0, 411.0), P4(310.0, 405.0)  
aruco_ratio 0.0031711143255233765
命令 w
Marker 33: C(283.2, 429.2) P1(299.0, 445.0), P2(272.0, 446.0), P3(268.0, 414.0), P4(294.0, 412.0)  
aruco_ratio 0.0029355051120122273
命令 w
Marker 33: C(290.5, 422.2) P1(305.0, 439.0), P2(278.0, 439.0), P3(275.0, 408.0), P4(304.0, 403.0)  
aruco_ratio 0.0031652828057607014
命令 w
Marker 33: C(309.2, 414.8) P1(324.0, 432.0), P2(296.0, 432.0), P3(293.0, 400.0), P4(324.0, 395.0)  
aruco_ratio 0.003372395833333333
命令 w
Marker 33: C(323.0, 412.2) P1(338.0, 430.0), P2(309.0, 429.0), P3(307.0, 397.0), P4(338.0, 393.0)  
aruco_ratio 0.003494914770126343
命令 w
Marker 33: C(332.2, 410.8) P1(348.0, 428.0), P2(318.0, 427.0), P3(317.0, 394.0), P4(346.0, 394.0)  
aruco_ratio 0.00332789937655131
命令 w
Marker 33: C(340.8, 408.0) P1(356.0, 426.0), P2(326.0, 425.0), P3(324.0, 392.0), P4(357.0, 389.0)  
aruco_ratio 0.0036166083812713625
命令 w
Marker 33: C(345.0, 406.2) P1(361.0, 423.0), P2(331.0, 422.0), P3(329.0, 390.0), P4(359.0, 390.0)  
aruco_ratio 0.00323036253452301
命令 w
Marker 33: C(353.5, 404.0) P1(369.0, 421.0), P2(339.0, 420.0), P3(338.0, 387.0), P4(368.0, 388.0)  
aruco_ratio 0.003225926359494527
命令 w
Marker 33: C(356.2, 403.2) P1(371.0, 421.0), P2(341.0, 420.0), P3(340.0, 387.0), P4(373.0, 385.0)  
aruco_ratio 0.0035230016708374026
命令 w
Marker 33: C(359.2, 403.2) P1(374.0, 421.0), P2(344.0, 420.0), P3(343.0, 387.0), P4(376.0, 385.0)  
aruco_ratio 0.0035230016708374026
命令 w
Marker 33: C(358.2, 407.0) P1(374.0, 424.0), P2(344.0, 423.0), P3(342.0, 390.0), P4(373.0, 391.0)  
aruco_ratio 0.003225926359494527
命令 w
Marker 33: C(358.5, 406.8) P1(375.0, 424.0), P2(344.0, 423.0), P3(342.0, 390.0), P4(373.0, 390.0)  
aruco_ratio 0.0034387079874674477
命令 w
Marker 33: C(356.8, 409.8) P1(373.0, 427.0), P2(342.0, 426.0), P3(341.0, 393.0), P4(371.0, 393.0)  
aruco_ratio 0.0034387079874674477
命令 w
Marker 33: C(358.5, 410.8) P1(375.0, 428.0), P2(344.0, 427.0), P3(342.0, 394.0), P4(373.0, 394.0)  
aruco_ratio 0.0034387079874674477
命令 w
命令 m
丢失目标 33 正在调整
1  运动指令 q
命令 q
2  运动指令 q
命令 q
3  运动指令 q
命令 q
4  运动指令 q
命令 q
5  运动指令 q
命令 q
6  运动指令 q
命令 q
7  运动指令 q
命令 q
8  运动指令 q
命令 q
9  运动指令 q
命令 q
10  运动指令 q
命令 q
11  运动指令 q
命令 q
12  运动指令 q
命令 q
13  运动指令 q
命令 q
14  运动指令 q
命令 q
15  运动指令 q
命令 q
16  运动指令 q
命令 q
17  运动指令 q
命令 q
18  运动指令 q
命令 q
19  运动指令 q
命令 q
20  运动指令 q
命令 q
21  运动指令 q
命令 q
22  运动指令 q
命令 q
23  运动指令 q
命令 q
24  运动指令 q
命令 q
25  运动指令 q
命令 q
26  运动指令 q
命令 q
27  运动指令 q
命令 q
28  运动指令 q
命令 q
29  运动指令 q
命令 q
30  运动指令 q
命令 q
31  运动指令 q
丢失目标 33 时间过长
命令 m
进入检测状态
命令 q
命令 q
命令 q
命令 q
命令 q
命令 q
命令 q
命令 q
命令 q
命令 q
命令 q
命令 q
命令 q
命令 q
命令 q
命令 q
命令 q
命令 q
命令 q
命令 q
命令 q
命令 q
命令 q
命令 q
命令 q
命令 q
命令 q
命令 q
命令 q
命令 q
命令 q
命令 