等待连接...
连接到：('127.0.0.1', 57314)
状态码 a  进入全局信息状态
FRAME_HEIGHT 480
FRAME_WIDTH 640
CENTER_X 320
CENTER_Y 240
命令 m
状态码 a  命令 m
状态码 a  命令 m
状态码 a  命令 m
状态码 a  命令 m
状态码 a  命令 m
状态码 a  命令 m
状态码 a  命令 m
状态码 a  命令 m
状态码 a  命令 m
状态码 a  命令 m
状态码 a  全局信息状态结束，平均每帧耗时 0.24272921085357665
命令 m
状态码 a  进入标定状态
Camera calibration result loaded from 'calibration_result.p'
命令 m
状态码 a  进入检测状态
命令 q
状态码 a  命令 q
状态码 a  命令 q
状态码 a  命令 q
状态码 a  命令 q
状态码 a  命令 q
状态码 a  命令 q
状态码 a  命令 q
状态码 a  命令 q
状态码 a  命令 q
状态码 a  命令 q
状态码 a  命令 q
状态码 a  命令 q
状态码 a  命令 q
状态码 a  命令 q
状态码 a  命令 q
状态码 a  命令 q
状态码 a  命令 q
状态码 a  命令 q
状态码 a  命令 q
状态码 a  命令 q
状态码 a  命令 q
状态码 a  命令 q
状态码 a  命令 q
状态码 a  命令 q
状态码 a  命令 q
状态码 a  命令 q
状态码 a  命令 q
状态码 a  命令 q
状态码 a  命令 q
状态码 a  命令 q
状态码 a  命令 q
状态码 a  命令 q
状态码 a  命令 q
状态码 a  命令 q
状态码 a  命令 q
状态码 a  命令 q
状态码 a  命令 q
状态码 a  命令 q
状态码 a  命令 q
状态码 a  命令 q
状态码 a  命令 q
状态码 a  命令 q
状态码 a  命令 q
状态码 a  命令 q
状态码 a  命令 q
状态码 a  命令 q
状态码 a  命令 q
状态码 a  命令 q
状态码 a  命令 q
状态码 a  命令 q
状态码 a  命令 q
状态码 a  命令 q
状态码 a  命令 q
状态码 a  命令 q
状态码 a  命令 q
状态码 a  命令 q
状态码 a  命令 q
状态码 a  命令 q
状态码 a  命令 q
状态码 a  命令 q
状态码 a  命令 q
状态码 a  命令 q
状态码 a  命令 q
状态码 a  命令 q
状态码 a  命令 q
状态码 a  命令 q
状态码 a  命令 q
状态码 a  命令 q
状态码 a  命令 q
状态码 a  命令 q
状态码 a  命令 q
状态码 a  命令 q
状态码 a  命令 q
状态码 a  命令 q
状态码 a  命令 q
状态码 a  命令 q
状态码 a  命令 q
状态码 a  命令 q
状态码 a  命令 q
状态码 a  命令 q
状态码 a  命令 q
状态码 a  命令 q
状态码 a  命令 q
状态码 a  命令 q
状态码 a  命令 q
状态码 a  命令 q
状态码 a  命令 q
状态码 a  命令 q
状态码 a  命令 q
状态码 a  命令 q
状态码 a  命令 q
状态码 a  命令 q
状态码 a  命令 q
状态码 a  命令 q
状态码 a  命令 q
状态码 a  命令 q
状态码 a  命令 q
状态码 a  命令 q
状态码 a  命令 q
状态码 a  命令 q
状态码 a  命令 q
状态码 a  命令 q
状态码 a  命令 q
状态码 a  命令 q
状态码 a  命令 q
状态码 a  命令 q
状态码 a  命令 q
状态码 a  命令 q
状态码 a  命令 q
状态码 a  命令 q
状态码 a  命令 q
状态码 a  命令 q
状态码 a  命令 q
状态码 a  命令 q
状态码 a  命令 q
状态码 a  命令 q
状态码 a  命令 q
状态码 a  命令 q
状态码 a  命令 q
状态码 a  命令 q
状态码 a  命令 q
状态码 a  命令 q
状态码 a  命令 q
状态码 a  命令 q
状态码 a  命令 q
状态码 a  命令 q
状态码 a  命令 q
状态码 a  命令 q
状态码 a  命令 q
状态码 a  命令 q
状态码 a  命令 q
状态码 a  命令 q
状态码 a  命令 q
状态码 a  命令 q
状态码 a  命令 q
状态码 a  命令 q
状态码 a  命令 q
状态码 a  命令 q
状态码 a  命令 q
状态码 a  命令 q
状态码 a  命令 q
状态码 a  命令 q
状态码 a  命令 q
状态码 a  命令 q
状态码 a  命令 q
状态码 a  命令 q
状态码 a  命令 q
状态码 a  命令 q
状态码 a  命令 q
状态码 a  命令 q
状态码 a  命令 q
状态码 a  命令 q
状态码 a  命令 q
状态码 a  命令 q
状态码 a  命令 q
状态码 a  命令 q
状态码 a  命令 q
状态码 a  命令 q
状态码 a  命令 q
状态码 a  命令 q
状态码 a  命令 q
状态码 a  命令 q
状态码 a  命令 q
状态码 a  命令 q
状态码 a  命令 q
状态码 a  命令 q
状态码 a  命令 q
状态码 a  命令 q
状态码 a  命令 q
状态码 a  命令 q
状态码 a  命令 q
状态码 a  命令 q
状态码 a  命令 q
状态码 a  命令 q
状态码 a  命令 q
状态码 a  命令 q
状态码 a  命令 q
状态码 a  命令 q
状态码 a  命令 q
状态码 a  命令 q
状态码 a  命令 q
状态码 a  命令 q
状态码 a  命令 q
状态码 a  命令 q
状态码 a  命令 q
状态码 a  命令 q
状态码 a  命令 q
状态码 a  命令 q
状态码 a  命令 q
状态码 a  命令 q
状态码 a  命令 q
状态码 a  命令 q
状态码 a  命令 q
状态码 a  命令 q
状态码 a  命令 q
状态码 a  命令 q
状态码 a  命令 q
状态码 a  命令 q
状态码 a  命令 q
状态码 a  命令 q
状态码 a  命令 q
状态码 a  命令 q
状态码 a  命令 q
状态码 a  命令 q
状态码 a  命令 q
状态码 a  命令 q
状态码 a  命令 q
状态码 a  命令 q
状态码 a  命令 q
状态码 a  命令 q
状态码 a  命令 q
状态码 a  命令 q
状态码 a  命令 q
状态码 a  命令 q
状态码 a  命令 q
状态码 a  命令 q
状态码 a  命令 q
状态码 a  命令 q
状态码 a  命令 q
状态码 a  命令 q
状态码 a  命令 q
状态码 a  命令 q
状态码 a  命令 q
状态码 a  命令 q
状态码 a  命令 q
状态码 a  命令 q
状态码 a  命令 q
状态码 a  命令 q
状态码 a  命令 q
状态码 a  命令 q
状态码 a  命令 q
状态码 a  命令 q
状态码 a  命令 q
状态码 a  命令 q
状态码 a  命令 q
状态码 a  命令 q
状态码 a  命令 q
状态码 a  命令 q
状态码 a  命令 q
状态码 a  命令 q
状态码 a  命令 q
状态码 a  命令 q
状态码 a  命令 q
状态码 a  命令 q
状态码 a  命令 q
状态码 a  命令 q
状态码 a  命令 q
状态码 a  命令 q
状态码 a  命令 q
状态码 a  命令 q
状态码 a  命令 q
状态码 a  命令 q
状态码 a  命令 q
状态码 a  命令 q
状态码 a  命令 q
状态码 a  命令 q
状态码 a  命令 q
状态码 a  命令 q
状态码 a  命令 q
状态码 a  命令 q
状态码 a  命令 q
状态码 a  命令 q
状态码 a  命令 q
状态码 a  命令 q
状态码 a  命令 q
状态码 a  命令 q
状态码 a  命令 q
状态码 a  命令 q
状态码 a  命令 q
状态码 a  命令 q
状态码 a  命令 q
状态码 a  命令 q
状态码 a  命令 q
状态码 a  命令 q
状态码 a  命令 q
状态码 a  命令 q
状态码 a  命令 q
状态码 a  命令 q
状态码 a  命令 q
状态码 a  命令 q
状态码 a  命令 q
状态码 a  命令 q
状态码 a  命令 q
状态码 a  命令 q
状态码 a  命令 q
状态码 a  命令 q
状态码 a  命令 q
状态码 a  命令 q
状态码 a  命令 q
状态码 a  命令 q
状态码 a  命令 q
状态码 a  命令 q
状态码 a  命令 q
状态码 a  命令 q
状态码 a  命令 q
状态码 a  命令 q
状态码 a  命令 q
状态码 a  命令 q
状态码 a  命令 q
状态码 a  命令 q
状态码 a  命令 q
状态码 a  命令 q
状态码 a  命令 q
状态码 a  命令 q
状态码 a  命令 q
状态码 a  命令 q
状态码 a  命令 q
状态码 a  命令 q
状态码 a  命令 q
状态码 a  命令 q
状态码 a  命令 q
状态码 a  命令 q
状态码 a  命令 q
状态码 a  命令 q
状态码 a  命令 q
状态码 a  命令 q
状态码 a  命令 q
状态码 a  命令 q
状态码 a  命令 q
状态码 a  命令 q
状态码 a  命令 q
状态码 a  命令 q
状态码 a  命令 q
状态码 a  命令 q
状态码 a  命令 q
状态码 a  命令 q
状态码 a  命令 q
状态码 a  命令 q
状态码 a  命令 q
状态码 a  命令 q
状态码 a  命令 q
状态码 a  命令 q
状态码 a  命令 q
状态码 a  命令 q
状态码 a  命令 q
状态码 a  命令 q
状态码 a  命令 q
状态码 a  命令 q
状态码 a  命令 q
状态码 a  命令 q
状态码 a  命令 q
状态码 a  命令 q
状态码 a  命令 q
状态码 a  命令 q
状态码 a  命令 q
状态码 a  命令 q
状态码 a  命令 q
状态码 a  命令 q
状态码 a  命令 q
状态码 a  命令 q
状态码 a  命令 q
状态码 a  命令 q
状态码 a  命令 q
状态码 a  命令 q
状态码 a  命令 q
状态码 a  命令 q
状态码 a  命令 q
状态码 a  命令 q
状态码 a  命令 q
状态码 a  命令 q
状态码 a  命令 q
状态码 a  命令 q
状态码 a  命令 q
状态码 a  命令 q
状态码 a  命令 q
状态码 a  命令 q
状态码 a  命令 q
状态码 a  命令 q
状态码 a  命令 q
状态码 a  命令 q
状态码 a  命令 q
状态码 a  命令 q
状态码 a  命令 q
状态码 a  命令 q
状态码 a  命令 q
状态码 a  命令 q
状态码 a  命令 q
状态码 a  命令 q
状态码 a  命令 q
状态码 a  命令 q
状态码 a  命令 q
状态码 a  命令 q
状态码 a  命令 q
状态码 a  命令 q
状态码 a  命令 q
状态码 a  命令 q
状态码 a  命令 q
状态码 a  命令 q
状态码 a  命令 q
状态码 a  命令 q
状态码 a  命令 q
状态码 a  命令 q
状态码 a  命令 q
状态码 a  命令 q
状态码 a  命令 q
状态码 a  命令 q
状态码 a  命令 q
状态码 a  命令 q
状态码 a  命令 q
状态码 a  命令 q
状态码 a  命令 q
状态码 a  命令 q
状态码 a  命令 q
状态码 a  命令 q
状态码 a  命令 q
状态码 a  命令 q
状态码 a  命令 q
状态码 a  命令 q
状态码 a  命令 q
状态码 a  命令 q
状态码 a  命令 q
状态码 a  命令 q
状态码 a  命令 q
状态码 a  命令 q
状态码 a  命令 q
状态码 a  命令 q
状态码 a  命令 q
状态码 a  命令 q
状态码 a  命令 q
状态码 a  命令 q
状态码 a  命令 q
状态码 a  命令 q
状态码 a  命令 q
状态码 a  命令 q
状态码 a  命令 q
状态码 a  命令 q
状态码 a  命令 q
状态码 a  命令 q
状态码 a  命令 q
状态码 a  命令 q
状态码 a  命令 q
状态码 a  命令 q
状态码 a  命令 q
状态码 a  命令 q
状态码 a  命令 q
状态码 a  命令 q
状态码 a  命令 q
状态码 a  命令 q
状态码 a  命令 q
状态码 a  命令 q
状态码 a  命令 q
状态码 a  命令 q
状态码 a  命令 q
状态码 a  命令 q
状态码 a  命令 q
状态码 a  命令 q
状态码 a  命令 q
状态码 a  命令 q
状态码 a  命令 q
状态码 a  命令 q
状态码 a  命令 q
状态码 a  命令 q
状态码 a  命令 q
状态码 a  命令 q
状态码 a  命令 q
状态码 a  命令 q
状态码 a  命令 q
状态码 a  命令 q
状态码 a  命令 q
状态码 a  命令 q
状态码 a  命令 q
状态码 a  命令 q
状态码 a  命令 q
状态码 a  命令 q
状态码 a  命令 q
状态码 a  命令 q
状态码 a  命令 q
状态码 a  命令 q
状态码 a  命令 q
状态码 a  命令 q
状态码 a  命令 q
状态码 a  命令 q
状态码 a  命令 q
状态码 a  命令 q
状态码 a  命令 q
状态码 a  命令 q
状态码 a  命令 q
状态码 a  命令 q
状态码 a  命令 q
状态码 a  命令 q
状态码 a  命令 q
状态码 a  命令 q
状态码 a  命令 q
状态码 a  命令 q
状态码 a  命令 q
状态码 a  命令 q
状态码 a  命令 q
状态码 a  命令 q
状态码 a  命令 q
状态码 a  命令 q
状态码 a  命令 q
状态码 a  命令 q
状态码 a  命令 q
状态码 a  命令 q
状态码 a  命令 q
状态码 a  命令 q
状态码 a  命令 q
状态码 a  命令 q
状态码 a  命令 q
状态码 a  命令 q
状态码 a  命令 q
状态码 a  命令 q
状态码 a  命令 q
状态码 a  命令 q
状态码 a  命令 q
状态码 a  命令 q
状态码 a  命令 q
状态码 a  命令 q
状态码 a  命令 q
状态码 a  命令 q
状态码 a  命令 q
状态码 a  命令 q
状态码 a  命令 q
状态码 a  命令 q
状态码 a  命令 q
状态码 a  命令 q
状态码 a  命令 q
状态码 a  命令 q
状态码 a  命令 q
状态码 a  命令 q
状态码 a  命令 q
状态码 a  命令 q
状态码 a  命令 q
状态码 a  命令 q
状态码 a  命令 q
状态码 a  命令 q
状态码 a  命令 q
状态码 a  命令 q
状态码 a  命令 q
状态码 a  命令 q
状态码 a  命令 q
状态码 a  命令 q
状态码 a  命令 q
状态码 a  命令 q
状态码 a  命令 q
状态码 a  命令 q
状态码 a  命令 q
状态码 a  命令 q
状态码 a  命令 q
状态码 a  命令 q
状态码 a  命令 q
状态码 a  命令 q
状态码 a  命令 q
状态码 a  命令 q
状态码 a  命令 q
状态码 a  命令 q
状态码 a  命令 q
状态码 a  命令 q
状态码 a  命令 q
状态码 a  命令 q
状态码 a  命令 q
状态码 a  命令 q
状态码 a  命令 q
状态码 a  命令 q
状态码 a  命令 q
状态码 a  命令 q
状态码 a  命令 q
状态码 a  命令 q
状态码 a  命令 q
状态码 a  命令 q
状态码 a  命令 q
状态码 a  命令 q
状态码 a  命令 q
状态码 a  命令 q
状态码 a  命令 q
状态码 a  命令 q
状态码 a  命令 q
状态码 a  命令 q
状态码 a  命令 q
状态码 a  命令 q
状态码 a  命令 q
状态码 a  命令 q
状态码 a  命令 q
状态码 a  命令 q
状态码 a  命令 q
状态码 a  命令 q
状态码 a  命令 q
状态码 a  命令 q
状态码 a  命令 q
状态码 a  命令 q
状态码 a  命令 q
状态码 a  命令 q
状态码 a  命令 q
状态码 a  命令 q
状态码 a  命令 q
状态码 a  命令 q
状态码 a  命令 q
状态码 a  命令 q
状态码 a  命令 q
状态码 a  命令 q
状态码 a  命令 q
状态码 a  命令 q
状态码 a  命令 q
状态码 a  命令 q
状态码 a  命令 q
状态码 a  命令 q
状态码 a  命令 q
状态码 a  命令 q
状态码 a  命令 q
状态码 a  命令 q
状态码 a  命令 q
状态码 a  命令 q
状态码 a  命令 q
状态码 a  命令 q
状态码 a  命令 q
状态码 a  命令 q
状态码 a  命令 q
状态码 a  命令 q
状态码 a  命令 q
状态码 a  命令 q
状态码 a  命令 q
状态码 a  命令 q
状态码 a  命令 q
状态码 a  命令 q
状态码 a  命令 q
状态码 a  命令 q
状态码 a  命令 q
状态码 a  命令 q
状态码 a  命令 q
状态码 a  命令 q
状态码 a  命令 q
状态码 a  命令 q
状态码 a  命令 q
状态码 a  命令 q
状态码 a  命令 q
状态码 a  命令 q
状态码 a  命令 q
状态码 a  命令 q
状态码 a  命令 q
状态码 a  命令 q
状态码 a  命令 q
状态码 a  命令 q
状态码 a  命令 q
状态码 a  命令 q
状态码 a  命令 q
状态码 a  命令 q
状态码 a  命令 q
状态码 a  命令 q
状态码 a  命令 q
状态码 a  命令 q
状态码 a  命令 q
状态码 a  命令 q
状态码 a  命令 q
状态码 a  命令 q
状态码 a  命令 q
状态码 a  命令 q
状态码 a  命令 q
状态码 a  命令 q
状态码 a  命令 q
状态码 a  命令 q
状态码 a  命令 q
状态码 a  命令 q
状态码 a  命令 q
状态码 a  命令 q
状态码 a  命令 q
状态码 a  命令 q
状态码 a  命令 q
状态码 a  命令 q
状态码 a  命令 q
状态码 a  命令 q
状态码 a  命令 q
状态码 a  命令 q
状态码 a  命令 q
状态码 a  命令 q
状态码 a  命令 q
状态码 a  命令 q
状态码 a  命令 q
状态码 a  命令 q
状态码 a  命令 q
状态码 a  命令 q
状态码 a  命令 q
状态码 a  命令 q
状态码 a  命令 q
状态码 a  命令 q
状态码 a  命令 q
状态码 a  命令 q
状态码 a  命令 q
状态码 a  命令 q
状态码 a  命令 q
状态码 a  命令 q
状态码 a  命令 q
状态码 a  命令 q
状态码 a  命令 q
状态码 a  命令 q
状态码 a  命令 q
状态码 a  命令 q
状态码 a  命令 q
状态码 a  命令 q
状态码 a  命令 q
状态码 a  命令 q
状态码 a  命令 q
状态码 a  命令 q
状态码 a  命令 q
状态码 a  命令 q
状态码 a  命令 q
状态码 a  命令 q
状态码 a  命令 q
状态码 a  命令 q
状态码 a  命令 q
状态码 a  命令 q
状态码 a  命令 q
状态码 a  命令 q
状态码 a  命令 q
状态码 a  命令 q
状态码 a  命令 q
状态码 a  命令 q
状态码 a  命令 q
状态码 a  命令 q
状态码 a  命令 q
状态码 a  命令 q
状态码 a  命令 q
状态码 a  命令 q
状态码 a  命令 q
状态码 a  命令 q
状态码 a  命令 q
状态码 a  命令 q
状态码 a  命令 q
状态码 a  命令 q
状态码 a  命令 q
状态码 a  命令 q
状态码 a  命令 q
状态码 a  命令 q
状态码 a  命令 q
状态码 a  命令 q
状态码 a  命令 q
状态码 a  命令 q
状态码 a  命令 q
状态码 a  命令 q
状态码 a  命令 q
状态码 a  命令 q
状态码 a  命令 q
状态码 a  命令 q
状态码 a  命令 q
状态码 a  命令 q
状态码 a  命令 q
状态码 a  命令 q
状态码 a  命令 q
状态码 a  命令 q
状态码 a  命令 q
状态码 a  命令 q
状态码 a  命令 q
状态码 a  命令 q
状态码 a  命令 q
状态码 a  命令 q
状态码 a  命令 q
状态码 a  命令 q
状态码 a  命令 q
状态码 a  命令 q
状态码 a  命令 q
状态码 a  命令 q
状态码 a  命令 q
状态码 a  命令 q
状态码 a  命令 q
状态码 a  命令 q
状态码 a  命令 q
状态码 a  命令 q
状态码 a  命令 q
状态码 a  命令 q
状态码 a  命令 q
状态码 a  命令 q
状态码 a  命令 q
状态码 a  命令 q
状态码 a  命令 q
状态码 a  命令 q
状态码 a  命令 q
状态码 a  命令 q
状态码 a  命令 q
状态码 a  命令 q
状态码 a  命令 q
状态码 a  命令 q
状态码 a  命令 q
状态码 a  命令 q
状态码 a  命令 q
状态码 a  命令 q
状态码 a  命令 q
状态码 a  命令 q
状态码 a  命令 q
状态码 a  命令 q
状态码 a  命令 q
状态码 a  命令 q
状态码 a  命令 q
状态码 a  命令 q
状态码 a  命令 q
状态码 a  命令 q
状态码 a  命令 q
状态码 a  命令 q
状态码 a  命令 q
状态码 a  命令 q
状态码 a  命令 q
状态码 a  命令 q
状态码 a  命令 q
状态码 a  命令 q
状态码 a  命令 q
状态码 a  命令 q
状态码 a  命令 q
状态码 a  命令 q
状态码 a  命令 q
状态码 a  命令 q
状态码 a  命令 q
状态码 a  命令 q
状态码 a  命令 q
状态码 a  命令 q
状态码 a  命令 q
状态码 a  命令 q
状态码 a  命令 q
状态码 a  命令 q
状态码 a  命令 q
状态码 a  命令 q
状态码 a  命令 q
状态码 a  命令 q
状态码 a  命令 q
状态码 a  命令 q
状态码 a  命令 q
状态码 a  命令 q
状态码 a  命令 q
状态码 a  命令 q
状态码 a  命令 q
状态码 a  命令 q
状态码 a  命令 q
状态码 a  命令 q
状态码 a  命令 q
状态码 a  命令 q
状态码 a  命令 q
状态码 a  命令 q
状态码 a  命令 q
状态码 a  命令 q
状态码 a  命令 q
状态码 a  命令 q
状态码 a  命令 q
状态码 a  命令 q
状态码 a  命令 q
状态码 a  命令 q
状态码 a  命令 q
状态码 a  命令 q
状态码 a  命令 q
状态码 a  命令 q
状态码 a  命令 q
状态码 a  命令 q
状态码 a  命令 q
状态码 a  命令 q
状态码 a  命令 q
状态码 a  命令 q
状态码 a  命令 q
状态码 a  命令 q
状态码 a  命令 q
状态码 a  命令 q
状态码 a  命令 q
状态码 a  命令 q
状态码 a  命令 q
状态码 a  命令 q
状态码 a  命令 q
状态码 a  命令 q
状态码 a  命令 q
状态码 a  命令 q
状态码 a  命令 q
状态码 a  命令 q
状态码 a  命令 q
状态码 a  命令 q
状态码 a  命令 q
状态码 a  命令 q
状态码 a  命令 q
状态码 a  命令 q
状态码 a  命令 q
状态码 a  命令 q
状态码 a  命令 q
状态码 a  命令 q
状态码 a  命令 q
状态码 a  命令 q
状态码 a  命令 q
状态码 a  命令 q
状态码 a  命令 q
状态码 a  命令 q
状态码 a  命令 q
状态码 a  命令 q
状态码 a  命令 q
状态码 a  命令 q
状态码 a  命令 q
状态码 a  命令 q
状态码 a  命令 q
状态码 a  命令 q
状态码 a  命令 q
状态码 a  命令 q
状态码 a  命令 q
状态码 a  命令 q
状态码 a  命令 q
状态码 a  命令 q
状态码 a  命令 q
状态码 a  命令 q
状态码 a  命令 q
状态码 a  命令 q
状态码 a  命令 q
状态码 a  命令 q
状态码 a  命令 q
状态码 a  命令 q
状态码 a  命令 q
状态码 a  命令 q
状态码 a  命令 q
状态码 a  命令 q
状态码 a  命令 q
状态码 a  命令 q
状态码 a  命令 q
状态码 a  命令 q
状态码 a  命令 q
状态码 a  命令 q
状态码 a  命令 q
状态码 a  命令 q
状态码 a  命令 q
状态码 a  命令 q
状态码 a  命令 q
状态码 a  命令 q
状态码 a  命令 q
状态码 a  命令 q
状态码 a  命令 q
状态码 a  命令 q
状态码 a  命令 q
状态码 a  命令 q
状态码 a  命令 q
状态码 a  命令 q
状态码 a  命令 q
状态码 a  命令 q
状态码 a  命令 q
状态码 a  命令 q
状态码 a  命令 q
状态码 a  命令 q
状态码 a  命令 q
状态码 a  命令 q
状态码 a  命令 q
状态码 a  命令 q
状态码 a  命令 q
状态码 a  命令 q
状态码 a  命令 q
状态码 a  命令 q
状态码 a  命令 q
状态码 a  命令 q
状态码 a  命令 q
状态码 a  命令 q
状态码 a  命令 q
状态码 a  命令 q
状态码 a  命令 q
状态码 a  命令 q
状态码 a  命令 q
状态码 a  命令 q
状态码 a  命令 q
状态码 a  命令 q
状态码 a  命令 q
状态码 a  命令 q
状态码 a  命令 q
状态码 a  命令 q
状态码 a  命令 q
状态码 a  命令 q
状态码 a  命令 q
状态码 a  命令 q
状态码 a  命令 q
状态码 a  命令 q
状态码 a  命令 q
状态码 a  命令 q
状态码 a  命令 q
状态码 a  命令 q
状态码 a  命令 q
状态码 a  命令 q
状态码 a  命令 q
状态码 a  命令 q
状态码 a  命令 q
状态码 a  命令 q
状态码 a  命令 q
状态码 a  命令 q
状态码 a  命令 q
状态码 a  命令 q
状态码 a  命令 q
状态码 a  命令 q
状态码 a  命令 q
状态码 a  命令 q
状态码 a  命令 q
状态码 a  命令 q
状态码 a  命令 q
状态码 a  命令 q
状态码 a  命令 q
状态码 a  命令 q
状态码 a  命令 q
状态码 a  命令 q
状态码 a  命令 q
状态码 a  命令 q
状态码 a  命令 q
状态码 a  命令 q
状态码 a  命令 q
状态码 a  命令 q
状态码 a  命令 q
状态码 a  命令 q
状态码 a  命令 q
状态码 a  命令 q
状态码 a  命令 q
状态码 a  命令 q
状态码 a  命令 q
状态码 a  命令 q
状态码 a  命令 q
状态码 a  命令 q
状态码 a  命令 q
状态码 a  命令 q
状态码 a  命令 q
状态码 a  命令 q
状态码 a  命令 q
状态码 a  命令 q
状态码 a  命令 q
状态码 a  命令 q
状态码 a  命令 q
状态码 a  命令 q
状态码 a  命令 q
状态码 a  命令 q
状态码 a  命令 q
状态码 a  命令 q
状态码 a  命令 q
状态码 a  命令 q
状态码 a  命令 q
状态码 a  命令 q
状态码 a  命令 q
状态码 a  命令 q
状态码 a  命令 q
状态码 a  命令 q
状态码 a  命令 q
状态码 a  命令 q
状态码 a  命令 q
状态码 a  命令 q
状态码 a  命令 q
状态码 a  命令 q
状态码 a  命令 q
状态码 a  命令 q
状态码 a  命令 q
状态码 a  命令 q
状态码 a  命令 q
状态码 a  命令 q
状态码 a  命令 q
状态码 a  命令 q
状态码 a  命令 q
状态码 a  命令 q
状态码 a  命令 q
状态码 a  命令 q
状态码 a  命令 q
状态码 a  命令 q
状态码 a  命令 q
状态码 a  命令 q
状态码 a  命令 q
状态码 a  命令 q
状态码 a  命令 q
状态码 a  命令 q
状态码 a  命令 q
状态码 a  命令 q
状态码 a  命令 q
状态码 a  命令 q
状态码 a  命令 q
状态码 a  命令 q
状态码 a  命令 q
状态码 a  命令 q
状态码 a  命令 q
状态码 a  命令 q
状态码 a  命令 q
状态码 a  命令 q
状态码 a  命令 q
状态码 a  命令 q
状态码 a  命令 q
状态码 a  命令 q
状态码 a  命令 q
状态码 a  命令 q
状态码 a  命令 q
状态码 a  命令 q
状态码 a  命令 q
状态码 a  命令 q
状态码 a  命令 q
状态码 a  命令 q
状态码 a  命令 q
状态码 a  命令 q
状态码 a  命令 q
状态码 a  命令 q
状态码 a  命令 q
状态码 a  命令 q
状态码 a  命令 q
状态码 a  命令 q
状态码 a  命令 q
状态码 a  命令 q
状态码 a  命令 q
状态码 a  命令 q
状态码 a  命令 q
状态码 a  命令 q
状态码 a  命令 q
状态码 a  命令 q
状态码 a  命令 q
状态码 a  命令 q
状态码 a  命令 q
状态码 a  命令 q
状态码 a  命令 q
状态码 a  命令 q
状态码 a  命令 q
状态码 a  命令 q
状态码 a  命令 q
状态码 a  命令 q
状态码 a  命令 q
状态码 a  命令 q
状态码 a  命令 q
状态码 a  命令 q
状态码 a  命令 q
状态码 a  命令 q
状态码 a  命令 q
状态码 a  命令 q
状态码 a  命令 q
状态码 a  命令 q
状态码 a  命令 q
状态码 a  命令 q
状态码 a  命令 q
状态码 a  命令 q
状态码 a  命令 q
状态码 a  命令 q
状态码 a  命令 q
状态码 a  命令 q
状态码 a  命令 q
状态码 a  命令 q
状态码 a  命令 q
状态码 a  命令 q
状态码 a  命令 q
状态码 a  命令 q
状态码 a  命令 q
状态码 a  命令 q
状态码 a  命令 q
状态码 a  命令 q
状态码 a  命令 q
状态码 a  命令 q
状态码 a  命令 q
状态码 a  命令 q
状态码 a  命令 q
状态码 a  命令 q
状态码 a  命令 q
状态码 a  命令 q
状态码 a  命令 q
状态码 a  命令 q
状态码 a  命令 q
状态码 a  命令 q
状态码 a  命令 q
状态码 a  命令 q
状态码 a  命令 q
状态码 a  命令 q
状态码 a  命令 q
状态码 a  命令 q
状态码 a  命令 q
状态码 a  命令 q
状态码 a  命令 q
状态码 a  命令 q
状态码 a  命令 q
状态码 a  命令 q
状态码 a  命令 q
状态码 a  命令 q
状态码 a  命令 q
状态码 a  命令 q
状态码 a  命令 q
状态码 a  命令 q
状态码 a  命令 q
状态码 a  命令 q
状态码 a  命令 q
状态码 a  命令 q
状态码 a  命令 q
状态码 a  命令 q
状态码 a  命令 q
状态码 a  命令 q
状态码 a  命令 q
状态码 a  命令 q
状态码 a  命令 q
状态码 a  命令 q
状态码 a  命令 q
状态码 a  命令 q
状态码 a  命令 q
状态码 a  命令 q
状态码 a  命令 q
状态码 a  命令 q
状态码 a  命令 q
状态码 a  命令 q
状态码 a  命令 q
状态码 a  命令 q
状态码 a  命令 q
状态码 a  命令 q
状态码 a  命令 q
状态码 a  命令 q
状态码 a  命令 q
状态码 a  命令 q
状态码 a  命令 q
状态码 a  命令 q
状态码 a  命令 q
状态码 a  命令 q
状态码 a  命令 q
状态码 a  命令 q
状态码 a  命令 q
状态码 a  命令 q
状态码 a  命令 q
状态码 a  命令 q
状态码 a  命令 q
状态码 a  命令 q
状态码 a  命令 q
状态码 a  命令 q
状态码 a  命令 q
状态码 a  命令 q
状态码 a  命令 q
状态码 a  命令 q
状态码 a  命令 q
状态码 a  命令 q
状态码 a  命令 q
状态码 a  命令 q
状态码 a  命令 q
状态码 a  命令 q
状态码 a  命令 q
状态码 a  命令 q
状态码 a  命令 q
状态码 a  命令 q
状态码 a  命令 q
状态码 a  命令 q
状态码 a  命令 q
状态码 a  命令 q
状态码 a  命令 q
状态码 a  命令 q
状态码 a  命令 q
状态码 a  命令 q
状态码 a  命令 q
状态码 a  命令 q
状态码 a  命令 q
状态码 a  命令 q
状态码 a  命令 q
状态码 a  命令 q
状态码 a  命令 q
状态码 a  命令 q
状态码 a  命令 q
状态码 a  命令 q
状态码 a  命令 q
状态码 a  命令 q
状态码 a  命令 q
状态码 a  命令 q
状态码 a  命令 q
状态码 a  命令 q
状态码 a  命令 q
状态码 a  命令 q
状态码 a  命令 q
状态码 a  命令 q
状态码 a  命令 q
状态码 a  命令 q
状态码 a  命令 q
状态码 a  命令 q
状态码 a  命令 q
状态码 a  命令 q
状态码 a  命令 q
状态码 a  命令 q
状态码 a  命令 q
状态码 a  命令 q
状态码 a  命令 q
状态码 a  命令 q
状态码 a  命令 q
状态码 a  命令 q
状态码 a  命令 q
状态码 a  命令 q
状态码 a  命令 q
状态码 a  命令 q
状态码 a  命令 q
状态码 a  命令 q
状态码 a  命令 q
状态码 a  命令 q
状态码 a  命令 q
状态码 a  命令 q
状态码 a  命令 q
状态码 a  命令 q
状态码 a  命令 q
状态码 a  命令 q
状态码 a  命令 q
状态码 a  命令 q
状态码 a  命令 q
状态码 a  命令 q
状态码 a  命令 q
状态码 a  命令 q
状态码 a  命令 q
状态码 a  命令 q
状态码 a  命令 q
状态码 a  命令 q
状态码 a  命令 q
状态码 a  命令 q
状态码 a  命令 q
状态码 a  命令 q
状态码 a  命令 q
状态码 a  命令 q
状态码 a  命令 q
状态码 a  命令 q
状态码 a  命令 q
状态码 a  命令 q
状态码 a  命令 q
状态码 a  命令 q
状态码 a  命令 q
状态码 a  命令 q
状态码 a  命令 q
状态码 a  命令 q
状态码 a  命令 q
状态码 a  命令 q
状态码 a  命令 q
状态码 a  命令 q
状态码 a  命令 q
状态码 a  命令 q
状态码 a  命令 q
状态码 a  命令 q
状态码 a  命令 q
状态码 a  命令 q
状态码 a  命令 q
状态码 a  命令 q
状态码 a  命令 q
状态码 a  命令 q
状态码 a  命令 q
状态码 a  命令 q
状态码 a  命令 q
状态码 a  命令 q
状态码 a  命令 q
状态码 a  命令 q
状态码 a  命令 q
状态码 a  命令 q
状态码 a  命令 q
状态码 a  命令 q
状态码 a  命令 q
状态码 a  命令 q
状态码 a  命令 q
状态码 a  命令 q
状态码 a  命令 q
状态码 a  命令 q
状态码 a  命令 q
状态码 a  命令 q
状态码 a  命令 q
状态码 a  命令 q
状态码 a  命令 q
状态码 a  命令 q
状态码 a  命令 q
状态码 a  命令 q
状态码 a  命令 q
状态码 a  命令 q
状态码 a  命令 q
状态码 a  命令 q
状态码 a  命令 q
状态码 a  命令 q
状态码 a  命令 q
状态码 a  命令 q
状态码 a  命令 q
状态码 a  命令 q
状态码 a  命令 q
状态码 a  命令 q
状态码 a  命令 q
状态码 a  命令 q
状态码 a  命令 q
状态码 a  命令 q
状态码 a  命令 q
状态码 a  命令 q
状态码 a  命令 q
状态码 a  命令 q
状态码 a  命令 q
状态码 a  命令 q
状态码 a  命令 q
状态码 a  命令 q
状态码 a  命令 q
状态码 a  命令 q
状态码 a  命令 q
状态码 a  命令 q
状态码 a  命令 q
状态码 a  命令 q
状态码 a  命令 q
状态码 a  命令 q
状态码 a  命令 q
状态码 a  命令 q
状态码 a  命令 q
状态码 a  命令 q
状态码 a  命令 q
状态码 a  命令 q
状态码 a  命令 q
状态码 a  命令 q
状态码 a  命令 q
状态码 a  命令 q
状态码 a  命令 q
状态码 a  命令 q
状态码 a  命令 q
状态码 a  命令 q
状态码 a  命令 q
状态码 a  命令 q
状态码 a  命令 q
状态码 a  命令 q
状态码 a  命令 q
状态码 a  命令 q
状态码 a  命令 q
状态码 a  命令 q
状态码 a  命令 q
状态码 a  命令 q
状态码 a  命令 q
状态码 a  命令 q
状态码 a  命令 q
状态码 a  命令 q
状态码 a  命令 q
状态码 a  命令 q
状态码 a  命令 q
状态码 a  命令 q
状态码 a  命令 q
状态码 a  命令 q
状态码 a  命令 q
状态码 a  命令 q
状态码 a  进入前进状态，寻找目标 3
Marker 3: C(157.0, 253.5) P1(114.0, 166.0), P2(245.0, 210.0), P3(202.0, 340.0), P4(67.0, 298.0)  
aruco_ratio 0.06303107579549154
命令 m
状态码 a  投喂目标 3
状态码 a  进入检测状态
命令 q
状态码 a  命令 q
状态码 a  命令 q
状态码 a  命令 q
状态码 a  命令 q
状态码 a  命令 q
状态码 a  命令 q
状态码 a  命令 q
状态码 a  命令 q
状态码 a  命令 q
状态码 a  命令 q
状态码 a  命令 q
状态码 a  命令 q
状态码 a  命令 q
状态码 a  命令 q
状态码 a  命令 q
状态码 a  命令 q
状态码 a  命令 q
状态码 a  命令 q
状态码 a  命令 q
状态码 a  命令 q
状态码 a  命令 q
状态码 a  命令 q
状态码 a  命令 q
状态码 a  命令 q
状态码 a  命令 q
状态码 a  命令 q
状态码 a  命令 q
状态码 a  命令 q
状态码 a  命令 q
状态码 a  命令 q
状态码 a  命令 q
状态码 a  进入前进状态，寻找目标 11
Marker 11: C(76.8, 302.0) P1(60.0, 234.0), P2(144.0, 284.0), P3(94.0, 371.0), P4(9.0, 319.0)  
aruco_ratio 0.03154316266377767
命令 m
状态码 a  投喂目标 11
状态码 a  进入检测状态
命令 q
状态码 a  命令 q
状态码 a  命令 q
状态码 a  命令 q
状态码 a  命令 q
状态码 a  命令 q
状态码 a  命令 q
状态码 a  命令 q
状态码 a  命令 q
状态码 a  命令 q
状态码 a  命令 q
状态码 a  命令 q
状态码 a  命令 q
状态码 a  命令 q
状态码 a  命令 q
状态码 a  命令 q
状态码 a  命令 q
状态码 a  命令 q
状态码 a  命令 q
状态码 a  命令 q
状态码 a  命令 q
状态码 a  命令 q
状态码 a  命令 q
状态码 a  进入前进状态，寻找目标 28
Marker 28: C(151.5, 234.5) P1(142.0, 134.0), P2(250.0, 230.0), P3(160.0, 333.0), P4(54.0, 241.0)  
aruco_ratio 0.06516515731811523
命令 m
状态码 a  投喂目标 28
状态码 a  进入检测状态
命令 q
状态码 a  命令 q
状态码 a  命令 q
状态码 a  命令 q
状态码 a  命令 q
状态码 a  命令 q
状态码 a  命令 q
状态码 a  命令 q
状态码 a  命令 q
状态码 a  命令 q
状态码 a  命令 q
状态码 a  命令 q
状态码 a  命令 q
状态码 a  命令 q
状态码 a  命令 q
状态码 a  命令 q
状态码 a  进入前进状态，寻找目标 27
Marker 27: C(141.2, 159.2) P1(138.0, 17.0), P2(277.0, 159.0), P3(140.0, 300.0), P4(10.0, 161.0)  
aruco_ratio 0.12462318420410157
命令 m
状态码 a  投喂目标 27
状态码 a  进入检测状态
命令 q
状态码 a  命令 q
状态码 a  命令 q
状态码 a  命令 q
状态码 a  命令 q
状态码 a  命令 q
状态码 a  命令 q
状态码 a  命令 q
状态码 a  进入前进状态，寻找目标 25
Marker 25: C(235.2, 246.8) P1(254.0, 128.0), P2(355.0, 270.0), P3(217.0, 362.0), P4(115.0, 227.0)  
aruco_ratio 0.09680014292399089
命令 m
状态码 a  投喂目标 25
状态码 a  进入检测状态
命令 q
状态码 a  命令 q
状态码 a  命令 q
状态码 a  命令 q
状态码 a  命令 q
状态码 a  命令 q
状态码 a  命令 q
状态码 a  命令 q
状态码 a  命令 q
状态码 a  命令 q
状态码 a  命令 q
状态码 a  命令 q
状态码 a  命令 q
状态码 a  命令 q
状态码 a  命令 q
状态码 a  命令 q
状态码 a  进入前进状态，寻找目标 12
Marker 12: C(437.0, 319.0) P1(492.0, 172.0), P2(589.0, 363.0), P3(384.0, 459.0), P4(283.0, 282.0)  
aruco_ratio 0.16469521840413412
命令 m
状态码 a  投喂目标 12
状态码 a  进入检测状态
命令 q
状态码 a  命令 q
状态码 a  命令 q
状态码 a  命令 q
状态码 a  命令 q
状态码 a  命令 q
状态码 a  命令 q
状态码 a  命令 q
状态码 a  命令 q
状态码 a  命令 q
状态码 a  命令 q
状态码 a  命令 q
状态码 a  命令 q
状态码 a  命令 q
状态码 a  命令 q
状态码 a  命令 q
状态码 a  命令 q
状态码 a  命令 q
状态码 a  命令 q
状态码 a  命令 q
状态码 a  命令 q
状态码 a  命令 q
状态码 a  命令 q
状态码 a  命令 q
状态码 a  命令 q
状态码 a  命令 q
状态码 a  命令 q
状态码 a  命令 q
状态码 a  命令 q
状态码 a  命令 q
状态码 a  命令 q
状态码 a  命令 q
状态码 a  命令 q
状态码 a  命令 q
状态码 a  命令 q
状态码 a  命令 q
状态码 a  命令 q
状态码 a  命令 q
状态码 a  命令 q
状态码 a  命令 q
状态码 a  命令 q
状态码 a  命令 q
