等待连接...
连接到：('192.168.137.193', 50588)
状态码 a  进入全局信息状态
FRAME_HEIGHT 480
FRAME_WIDTH 640
CENTER_X 320
CENTER_Y 240
命令 m
状态码 a  命令 m
状态码 a  命令 m
状态码 a  命令 m
状态码 a  命令 m
状态码 a  命令 m
状态码 a  命令 m
状态码 a  命令 m
状态码 a  命令 m
状态码 a  命令 m
状态码 a  命令 m
状态码 a  全局信息状态结束，平均每帧耗时 0.4562232255935669
命令 m
状态码 a  进入标定状态
Camera calibration result loaded from 'calibration_result.p'
命令 m
状态码 a  进入检测状态
命令 q
状态码 a  命令 q
状态码 a  命令 q
状态码 a  命令 q
状态码 a  命令 q
状态码 a  命令 q
状态码 a  命令 q
状态码 a  命令 q
状态码 a  命令 q
状态码 a  命令 q
状态码 a  命令 q
状态码 a  命令 q
状态码 a  命令 q
状态码 a  命令 q
状态码 a  命令 q
状态码 a  命令 q
状态码 a  命令 q
状态码 a  命令 q
状态码 a  命令 q
状态码 a  命令 q
状态码 a  命令 q
状态码 a  命令 q
状态码 a  命令 q
状态码 a  命令 q
状态码 a  命令 q
状态码 a  命令 q
状态码 a  命令 q
状态码 a  命令 q
状态码 a  命令 q
状态码 a  命令 q
状态码 a  命令 q
状态码 a  命令 q
状态码 a  命令 q
状态码 a  命令 q
状态码 a  命令 q
状态码 a  命令 q
状态码 a  命令 q
状态码 a  命令 q
状态码 a  命令 q
状态码 a  命令 q
状态码 a  命令 q
状态码 a  命令 q
状态码 a  命令 q
状态码 a  命令 q
状态码 a  命令 q
状态码 a  命令 q
状态码 a  命令 q
状态码 a  命令 q
状态码 a  命令 q
状态码 a  命令 q
状态码 a  命令 q
状态码 a  命令 q
状态码 a  命令 q
状态码 a  命令 q
状态码 a  命令 q
状态码 a  命令 q
状态码 a  命令 q
状态码 a  命令 q
状态码 a  命令 q
状态码 a  进入前进状态，寻找目标 33
命令 m
状态码 a  丢失目标 33 正在调整
1  运动指令 a
命令 m
状态码 a  进入前进状态，寻找目标 33
Marker 33: C(245.2, 274.0) P1(255.0, 285.0), P2(234.0, 285.0), P3(234.0, 264.0), P4(258.0, 262.0)  
aruco_ratio 0.001585583786169688
命令 d
状态码 a  命令 m
状态码 a  丢失目标 33 正在调整
1  运动指令 e
命令 m
状态码 a  2  运动指令 e
命令 m
状态码 a  3  运动指令 e
命令 m
状态码 a  4  运动指令 e
命令 m
状态码 a  5  运动指令 e
命令 m
状态码 a  6  运动指令 e
命令 m
状态码 a  7  运动指令 e
命令 m
状态码 a  8  运动指令 e
命令 m
状态码 a  9  运动指令 e
命令 m
状态码 a  10  运动指令 e
命令 e
状态码 a  11  运动指令 e
命令 e
状态码 a  12  运动指令 e
命令 e
状态码 a  13  运动指令 e
命令 e
状态码 a  14  运动指令 e
命令 e
状态码 a  15  运动指令 e
命令 e
状态码 a  16  运动指令 e
命令 e
状态码 a  17  运动指令 e
命令 e
状态码 a  18  运动指令 e
命令 e
状态码 a  19  运动指令 e
命令 e
状态码 a  20  运动指令 e
命令 e
状态码 a  21  运动指令 e
丢失目标 33 时间过长
命令 m
状态码 a  进入检测状态
命令 q
状态码 a  命令 q
状态码 a  命令 q
状态码 a  命令 q
状态码 a  命令 q
状态码 a  命令 q
状态码 a  命令 q
状态码 a  命令 q
状态码 a  命令 q
状态码 a  命令 q
状态码 a  命令 q
状态码 a  命令 q
状态码 a  命令 q
状态码 a  命令 q
状态码 a  命令 q
状态码 a  命令 q
状态码 a  命令 q
状态码 a  命令 q
状态码 a  命令 q
状态码 a  命令 q
状态码 a  命令 q
状态码 a  命令 q
状态码 a  命令 q
状态码 a  命令 q
状态码 a  命令 q
状态码 a  命令 q
状态码 a  命令 q
状态码 a  命令 q
状态码 a  命令 q
状态码 a  命令 q
状态码 a  命令 q
状态码 a  命令 q
状态码 a  命令 q
状态码 a  命令 q
状态码 a  命令 q
状态码 a  命令 q
状态码 a  进入前进状态，寻找目标 33
命令 m
状态码 a  丢失目标 33 正在调整
1  运动指令 e
命令 m
状态码 a  2  运动指令 e
命令 m
状态码 a  3  运动指令 e
命令 m
状态码 a  进入前进状态，寻找目标 33
Marker 33: C(189.8, 272.0) P1(200.0, 282.0), P2(180.0, 283.0), P3(179.0, 262.0), P4(200.0, 261.0)  
aruco_ratio 0.0013688953717549642
命令 d
状态码 a  命令 m
状态码 a  丢失目标 33 正在调整
1  运动指令 e
命令 m
状态码 a  进入前进状态，寻找目标 33
Marker 33: C(102.8, 276.5) P1(113.0, 288.0), P2(91.0, 288.0), P3(91.0, 266.0), P4(116.0, 264.0)  
aruco_ratio 0.0017321256796518961
命令 d
状态码 a  Marker 33: C(102.0, 276.0) P1(113.0, 287.0), P2(90.0, 288.0), P3(90.0, 266.0), P4(115.0, 263.0)  
aruco_ratio 0.0018048067887624106
命令 d
状态码 a  Marker 33: C(102.2, 276.0) P1(113.0, 287.0), P2(90.0, 288.0), P3(91.0, 266.0), P4(115.0, 263.0)  
aruco_ratio 0.0018048067887624106
命令 d
状态码 a  Marker 33: C(101.8, 276.2) P1(113.0, 287.0), P2(90.0, 287.0), P3(91.0, 266.0), P4(113.0, 265.0)  
aruco_ratio 0.0016471354166666668
命令 d
状态码 a  命令 m
状态码 a  丢失目标 33 正在调整
1  运动指令 e
命令 m
状态码 a  2  运动指令 e
命令 m
状态码 a  进入前进状态，寻找目标 33
命令 m
状态码 a  丢失目标 33 正在调整
1  运动指令 e
命令 m
状态码 a  2  运动指令 e
命令 m
状态码 a  3  运动指令 e
命令 m
状态码 a  4  运动指令 e
命令 m
状态码 a  5  运动指令 e
命令 m
状态码 a  6  运动指令 e
命令 m
状态码 a  7  运动指令 e
命令 m
状态码 a  8  运动指令 e
命令 m
状态码 a  9  运动指令 e
命令 m
状态码 a  10  运动指令 e
命令 e
状态码 a  11  运动指令 e
命令 e
状态码 a  12  运动指令 e
命令 e
状态码 a  13  运动指令 e
命令 e
状态码 a  14  运动指令 e
命令 e
状态码 a  15  运动指令 e
命令 e
状态码 a  16  运动指令 e
命令 e
状态码 a  17  运动指令 e
命令 e
状态码 a  18  运动指令 e
命令 e
状态码 a  19  运动指令 e
命令 e
状态码 a  20  运动指令 e
命令 e
状态码 a  21  运动指令 e
丢失目标 33 时间过长
命令 m
状态码 a  进入检测状态
命令 q
状态码 a  命令 q
状态码 a  命令 q
状态码 a  命令 q
状态码 a  命令 q
状态码 a  命令 q
状态码 a  命令 q
状态码 a  命令 q
状态码 a  命令 q
状态码 a  命令 q
状态码 a  命令 q
状态码 a  命令 q
状态码 a  命令 q
状态码 a  命令 q
状态码 a  命令 q
状态码 a  命令 q
状态码 a  命令 q
状态码 a  命令 q
状态码 a  命令 q
状态码 a  命令 q
状态码 a  命令 q
状态码 a  命令 q
状态码 a  命令 q
状态码 a  命令 q
状态码 a  命令 q
状态码 a  命令 q
状态码 a  命令 q
状态码 a  命令 q
状态码 a  命令 q
状态码 a  命令 q
状态码 a  命令 q
状态码 a  命令 q
状态码 a  命令 q
状态码 a  命令 q
状态码 a  命令 q
状态码 a  命令 q
状态码 a  命令 q
状态码 a  命令 q
状态码 a  命令 q
状态码 a  命令 q
状态码 a  命令 q
状态码 a  命令 q
状态码 a  命令 q
状态码 a  命令 q
状态码 a  命令 q
状态码 a  命令 q
状态码 a  命令 q
状态码 a  命令 q
状态码 a  命令 q
状态码 a  命令 q
状态码 a  命令 q
状态码 a  命令 q
状态码 a  命令 q
状态码 a  命令 q
状态码 a  命令 q
状态码 a  命令 q
状态码 a  命令 q
状态码 a  命令 q
状态码 a  命令 q
状态码 a  命令 q
状态码 a  命令 q
状态码 a  命令 q
状态码 a  命令 q
状态码 