等待连接...
连接到：('127.0.0.1', 58425)
进入全局信息状态
FRAME_HEIGHT 480
FRAME_WIDTH 640
CENTER_X 320
CENTER_Y 240
全局信息状态结束，平均每帧耗时 0.2423396110534668
进入标定状态
Camera calibration result loaded from 'calibration_result.p'
进入检测状态
进入前进状态，寻找目标 17
丢失目标 17 正在调整
1  运动指令 a
2  运动指令 a
3  运动指令 a
4  运动指令 a
5  运动指令 a
6  运动指令 a
7  运动指令 a
8  运动指令 a
9  运动指令 a
10  运动指令 a
11  运动指令 a
12  运动指令 a
13  运动指令 a
14  运动指令 a
15  运动指令 a
16  运动指令 a
17  运动指令 a
18  运动指令 a
19  运动指令 a
20  运动指令 a
21  运动指令 a
22  运动指令 a
23  运动指令 a
24  运动指令 a
25  运动指令 a
26  运动指令 a
27  运动指令 a
28  运动指令 a
29  运动指令 a
30  运动指令 a
31  运动指令 a
丢失目标 17 时间过长
进入检测状态
进入前进状态，寻找目标 33
丢失目标 33 正在调整
1  运动指令 a
2  运动指令 a
进入前进状态，寻找目标 33
Marker 33: C(140.8, 145.8) P1(98.0, 64.0), P2(227.0, 105.0), P3(181.0, 226.0), P4(57.0, 188.0)  
aruco_ratio 0.05754618326822917
运动指令 m
投喂目标 33
进入检测状态
进入前进状态，寻找目标 5
丢失目标 5 正在调整
1  运动指令 a
2  运动指令 a
进入前进状态，寻找目标 5
Marker 5: C(381.0, 379.0) P1(375.0, 372.0), P2(388.0, 373.0), P3(387.0, 386.0), P4(374.0, 385.0)  
aruco_ratio 0.0005533853669961293
运动指令 d
丢失目标 5 正在调整
1  运动指令 a
进入前进状态，寻找目标 5
Marker 5: C(393.0, 381.8) P1(387.0, 374.0), P2(400.0, 376.0), P3(399.0, 389.0), P4(386.0, 388.0)  
aruco_ratio 0.0006009453038374583
运动指令 d
Marker 5: C(393.5, 384.0) P1(387.0, 377.0), P2(401.0, 378.0), P3(400.0, 391.0), P4(386.0, 390.0)  
aruco_ratio 0.0005957119663556417
运动指令 d
Marker 5: C(395.8, 379.5) P1(390.0, 372.0), P2(403.0, 374.0), P3(402.0, 387.0), P4(388.0, 385.0)  
aruco_ratio 0.0005631510416666667
运动指令 d
丢失目标 5 正在调整
1  运动指令 a
进入前进状态，寻找目标 5
Marker 5: C(401.5, 379.8) P1(395.0, 372.0), P2(409.0, 374.0), P3(408.0, 387.0), P4(394.0, 386.0)  
aruco_ratio 0.0006461403767267863
运动指令 d
Marker 5: C(401.5, 379.5) P1(395.0, 372.0), P2(409.0, 373.0), P3(408.0, 387.0), P4(394.0, 386.0)  
aruco_ratio 0.0006412759919961294
运动指令 d
Marker 5: C(400.2, 377.8) P1(394.0, 370.0), P2(408.0, 372.0), P3(406.0, 385.0), P4(393.0, 384.0)  
aruco_ratio 0.0006461403767267863
运动指令 d
Marker 5: C(400.2, 378.2) P1(394.0, 371.0), P2(408.0, 372.0), P3(406.0, 386.0), P4(393.0, 384.0)  
aruco_ratio 0.0005957119663556417
运动指令 d
Marker 5: C(399.2, 378.5) P1(393.0, 371.0), P2(407.0, 372.0), P3(405.0, 386.0), P4(392.0, 385.0)  
aruco_ratio 0.0006412759919961294
运动指令 d
丢失目标 5 正在调整
1  运动指令 a
进入前进状态，寻找目标 5
Marker 5: C(401.0, 378.5) P1(395.0, 371.0), P2(408.0, 372.0), P3(407.0, 386.0), P4(394.0, 385.0)  
aruco_ratio 0.0005957119663556417
运动指令 d
丢失目标 5 正在调整
1  运动指令 a
进入前进状态，寻找目标 5
Marker 5: C(392.5, 387.5) P1(386.0, 380.0), P2(400.0, 381.0), P3(399.0, 395.0), P4(385.0, 394.0)  
aruco_ratio 0.0006412759919961294
运动指令 d
Marker 5: C(386.8, 383.5) P1(380.0, 376.0), P2(395.0, 378.0), P3(393.0, 391.0), P4(379.0, 389.0)  
aruco_ratio 0.0006422749161720275
运动指令 d
丢失目标 5 正在调整
1  运动指令 a
2  运动指令 a
进入前进状态，寻找目标 5
Marker 5: C(302.0, 387.5) P1(297.0, 380.0), P2(308.0, 383.0), P3(307.0, 395.0), P4(296.0, 392.0)  
aruco_ratio 0.00044692481557528175
运动指令 w
丢失目标 5 正在调整
1  运动指令 a
2  运动指令 a
3  运动指令 a
4  运动指令 a
5  运动指令 a
6  运动指令 a
7  运动指令 a
8  运动指令 a
9  运动指令 a
进入前进状态，寻找目标 5
丢失目标 5 正在调整
1  运动指令 a
2  运动指令 a
3  运动指令 a
4  运动指令 a
5  运动指令 a
6  运动指令 a
7  运动指令 a
8  运动指令 a
9  运动指令 a
10  运动指令 a
11  运动指令 a
12  运动指令 a
13  运动指令 a
14  运动指令 a
15  运动指令 a
16  运动指令 a
17  运动指令 a
18  运动指令 a
19  运动指令 a
20  运动指令 a
21  运动指令 a
22  运动指令 a
23  运动指令 a
24  运动指令 a
25  运动指令 a
26  运动指令 a
进入前进状态，寻找目标 5
丢失目标 5 正在调整
1  运动指令 a
2  运动指令 a
3  运动指令 a
4  运动指令 a
5  运动指令 a
6  运动指令 a
7  运动指令 a
8  运动指令 a
9  运动指令 a
10  运动指令 a
11  运动指令 a
进入前进状态，寻找目标 5
丢失目标 5 正在调整
1  运动指令 a
进入前进状态，寻找目标 5
丢失目标 5 正在调整
1  运动指令 a
2  运动指令 a
3  运动指令 a
4  运动指令 a
5  运动指令 a
6  运动指令 a
7  运动指令 a
8  运动指令 a
9  运动指令 a
进入前进状态，寻找目标 5
丢失目标 5 正在调整
1  运动指令 a
进入前进状态，寻找目标 5
Marker 5: C(285.8, 402.0) P1(280.0, 395.0), P2(292.0, 396.0), P3(292.0, 409.0), P4(279.0, 408.0)  
aruco_ratio 0.0005110780398050944
运动指令 w
Marker 5: C(286.0, 403.0) P1(280.0, 396.0), P2(292.0, 397.0), P3(292.0, 410.0), P4(280.0, 409.0)  
aruco_ratio 0.0005095726748307546
运动指令 w
Marker 5: C(286.8, 404.0) P1(281.0, 397.0), P2(293.0, 398.0), P3(293.0, 411.0), P4(280.0, 410.0)  
aruco_ratio 0.0005110780398050944
运动指令 w
Marker 5: C(287.0, 405.0) P1(281.0, 398.0), P2(294.0, 399.0), P3(293.0, 412.0), P4(280.0, 411.0)  
aruco_ratio 0.0005533853669961293
运动指令 w
Marker 5: C(287.2, 405.0) P1(281.0, 398.0), P2(294.0, 399.0), P3(293.0, 412.0), P4(281.0, 411.0)  
aruco_ratio 0.0005517553786436717
运动指令 w
丢失目标 5 正在调整
1  运动指令 a
2  运动指令 a
进入前进状态，寻找目标 5
Marker 5: C(286.8, 408.0) P1(281.0, 401.0), P2(293.0, 402.0), P3(293.0, 415.0), P4(280.0, 414.0)  
aruco_ratio 0.0005110780398050944
运动指令 w
Marker 5: C(287.5, 410.8) P1(281.0, 404.0), P2(294.0, 404.0), P3(294.0, 418.0), P4(281.0, 417.0)  
aruco_ratio 0.0005501302083333334
运动指令 w
Marker 5: C(282.5, 420.5) P1(276.0, 413.0), P2(289.0, 414.0), P3(289.0, 428.0), P4(276.0, 427.0)  
aruco_ratio 0.0005941981077194214
运动指令 w
丢失目标 5 正在调整
1  运动指令 a
2  运动指令 a
进入前进状态，寻找目标 5
丢失目标 5 正在调整
1  运动指令 a
进入前进状态，寻找目标 5
Marker 5: C(257.5, 440.2) P1(250.0, 433.0), P2(264.0, 433.0), P3(265.0, 447.0), P4(251.0, 448.0)  
aruco_ratio 0.0006851111849149068
运动指令 d
Marker 5: C(258.5, 440.8) P1(251.0, 434.0), P2(265.0, 433.0), P3(266.0, 448.0), P4(252.0, 448.0)  
aruco_ratio 0.0006412759919961294
运动指令 d
Marker 5: C(259.5, 439.8) P1(252.0, 433.0), P2(266.0, 432.0), P3(267.0, 447.0), P4(253.0, 447.0)  
aruco_ratio 0.0006412759919961294
运动指令 d
Marker 5: C(260.8, 437.0) P1(253.0, 430.0), P2(268.0, 430.0), P3(268.0, 444.0), P4(254.0, 444.0)  
aruco_ratio 0.0006853353480497996
运动指令 d
Marker 5: C(261.5, 436.2) P1(254.0, 429.0), P2(268.0, 429.0), P3(269.0, 443.0), P4(255.0, 444.0)  
aruco_ratio 0.0006851111849149068
运动指令 d
Marker 5: C(260.8, 436.5) P1(254.0, 429.0), P2(267.0, 429.0), P3(268.0, 444.0), P4(254.0, 444.0)  
aruco_ratio 0.000634765625
运动指令 d
丢失目标 5 正在调整
1  运动指令 a
2  运动指令 a
3  运动指令 a
4  运动指令 a
5  运动指令 a
6  运动指令 a
7  运动指令 a
8  运动指令 a
9  运动指令 a
10  运动指令 a
11  运动指令 a
12  运动指令 a
13  运动指令 a
14  运动指令 a
15  运动指令 a
16  运动指令 a
17  运动指令 a
18  运动指令 a
19  运动指令 a
20  运动指令 a
21  运动指令 a
22  运动指令 a
23  运动指令 a
24  运动指令 a
25  运动指令 a
26  运动指令 a
27  运动指令 a
28  运动指令 a
29  运动指令 a
30  运动指令 a
31  运动指令 a
丢失目标 5 时间过长
