等待连接...
连接到：('192.168.137.159', 42476)
进入全局信息状态
FRAME_HEIGHT 480
FRAME_WIDTH 640
CENTER_X 320
CENTER_Y 240
命令 m
命令 m
命令 m
命令 m
命令 m
命令 m
命令 m
命令 m
命令 m
命令 m
命令 m
全局信息状态结束，平均每帧耗时 0.2570744752883911
命令 m
进入标定状态
Camera calibration result loaded from 'calibration_result.p'
命令 m
进入检测状态
命令 q
命令 q
命令 q
命令 q
命令 q
命令 q
命令 q
命令 q
命令 q
命令 q
命令 q
命令 q
命令 q
命令 q
命令 q
命令 q
命令 q
命令 q
命令 q
命令 q
命令 q
命令 q
命令 q
命令 q
命令 q
命令 q
命令 q
命令 q
命令 q
命令 q
命令 q
命令 q
命令 q
命令 q
命令 q
命令 q
命令 q
命令 q
命令 q
命令 q
命令 q
命令 q
命令 q
命令 q
命令 q
命令 q
命令 q
命令 q
命令 q
命令 q
命令 q
命令 q
命令 q
命令 q
命令 q
命令 q
命令 q
命令 q
命令 q
命令 q
命令 q
命令 q
命令 q
命令 q
命令 q
命令 q
命令 q
命令 q
命令 q
命令 q
命令 q
命令 q
命令 q
命令 q
命令 q
命令 q
命令 q
命令 q
命令 q
命令 q
命令 q
命令 q
命令 q
命令 q
命令 q
命令 q
命令 q
命令 q
命令 q
命令 q
命令 q
命令 q
命令 q
进入前进状态，寻找目标 33
Marker 33: C(97.8, 275.8) P1(107.0, 286.0), P2(87.0, 286.0), P3(87.0, 266.0), P4(110.0, 265.0)  
aruco_ratio 0.001381067931652069
命令 d
Marker 33: C(19.5, 277.8) P1(30.0, 288.0), P2(7.0, 289.0), P3(8.0, 268.0), P4(33.0, 266.0)  
aruco_ratio 0.001663949688275655
命令 d
命令 m
丢失目标 33 正在调整
1  运动指令 q
命令 q
2  运动指令 q
命令 q
3  运动指令 q
命令 q
4  运动指令 q
命令 q
5  运动指令 q
命令 q
6  运动指令 q
命令 q
7  运动指令 q
命令 q
8  运动指令 q
命令 q
9  运动指令 q
命令 q
10  运动指令 q
命令 q
11  运动指令 q
命令 q
12  运动指令 q
命令 q
13  运动指令 q
命令 q
14  运动指令 q
命令 q
15  运动指令 q
命令 q
16  运动指令 q
命令 q
17  运动指令 q
命令 q
18  运动指令 q
命令 q
19  运动指令 q
命令 q
20  运动指令 q
命令 q
21  运动指令 q
命令 q
22  运动指令 q
命令 q
23  运动指令 q
命令 q
24  运动指令 q
命令 q
25  运动指令 q
命令 q
26  运动指令 q
命令 q
27  运动指令 q
命令 q
28  运动指令 q
命令 q
29  运动指令 q
命令 q
30  运动指令 q
命令 q
31  运动指令 q
丢失目标 33 时间过长
命令 m
进入检测状态
命令 q
命令 q
命令 q
命令 q
命令 q
命令 q
命令 q
命令 q
命令 q
命令 q
命令 q
命令 q
命令 q
命令 q
命令 q
命令 q
命令 q
命令 q
命令 q
命令 q
命令 q
命令 q
命令 q
命令 q
命令 q
命令 q
命令 q
命令 q
命令 q
命令 q
命令 q
命令 q
命令 q
命令 q
命令 q
命令 q
命令 q
命令 q
命令 q
命令 q
命令 q
命令 q
命令 q
命令 q
命令 q
命令 q
命令 q
命令 q
命令 q
命令 q
命令 q
进入前进状态，寻找目标 33
命令 m
丢失目标 33 正在调整
1  运动指令 q
命令 q
2  运动指令 q
命令 q
3  运动指令 q
命令 q
4  运动指令 q
命令 q
5  运动指令 