等待连接...
连接到：('192.168.137.36', 36302)
状态码 a  进入全局信息状态
FRAME_HEIGHT 480
FRAME_WIDTH 640
CENTER_X 320
CENTER_Y 240
命令 m
状态码 a  命令 m
状态码 a  命令 m
状态码 a  命令 m
状态码 a  命令 m
状态码 a  命令 m
状态码 a  命令 m
状态码 a  命令 m
状态码 a  命令 m
状态码 a  命令 m
状态码 a  命令 m
状态码 a  全局信息状态结束，平均每帧耗时 0.13206629753112792
命令 m
状态码 a  进入标定状态
Camera calibration result loaded from 'calibration_result.p'
命令 m
状态码 a  进入检测状态
命令 q
状态码 a  命令 q
状态码 a  命令 q
状态码 a  命令 q
状态码 a  命令 q
状态码 a  命令 q
状态码 a  命令 q
状态码 a  命令 q
状态码 a  命令 q
状态码 a  命令 q
状态码 a  命令 q
状态码 a  命令 q
状态码 a  命令 q
状态码 a  命令 q
状态码 a  命令 q
状态码 a  命令 q
状态码 a  命令 q
状态码 a  命令 q
状态码 a  命令 q
状态码 a  命令 q
状态码 a  命令 q
状态码 a  命令 q
状态码 a  命令 q
状态码 a  命令 q
状态码 a  命令 q
状态码 a  命令 q
状态码 a  命令 q
状态码 a  命令 q
状态码 a  命令 q
状态码 a  命令 q
状态码 a  命令 q
状态码 a  命令 q
状态码 a  命令 q
状态码 a  命令 q
状态码 a  命令 q
状态码 a  命令 q
状态码 a  命令 q
状态码 a  命令 q
状态码 a  命令 q
状态码 a  命令 q
状态码 a  命令 q
状态码 a  命令 q
状态码 a  命令 q
状态码 a  命令 q
状态码 a  命令 q
状态码 a  命令 q
状态码 a  命令 q
状态码 a  命令 q
状态码 a  命令 q
状态码 a  命令 q
状态码 a  命令 q
状态码 a  命令 q
状态码 a  命令 q
状态码 a  命令 q
状态码 a  命令 q
状态码 a  命令 q
状态码 a  命令 q
状态码 a  命令 q
状态码 a  命令 q
状态码 a  命令 q
状态码 a  命令 q
状态码 a  命令 q
状态码 a  命令 q
状态码 a  命令 q
状态码 a  命令 q
状态码 a  命令 q
状态码 a  命令 q
状态码 a  命令 q
状态码 a  命令 q
状态码 a  命令 q
状态码 a  命令 q
状态码 a  命令 q
状态码 a  命令 q
状态码 a  命令 q
状态码 a  命令 q
状态码 a  命令 q
状态码 a  命令 q
状态码 a  命令 q
状态码 a  命令 q
状态码 a  命令 q
状态码 a  命令 q
状态码 a  命令 q
状态码 a  命令 q
状态码 a  命令 q
状态码 a  命令 q
状态码 a  命令 q
状态码 a  命令 q
状态码 a  命令 q
状态码 a  命令 q
状态码 a  命令 q
状态码 a  命令 q
状态码 a  命令 q
状态码 a  命令 q
状态码 a  命令 q
状态码 a  命令 q
状态码 a  命令 q
状态码 a  命令 q
状态码 a  命令 q
状态码 a  命令 q
状态码 a  命令 q
状态码 a  命令 q
状态码 a  命令 q
状态码 a  命令 q
状态码 a  命令 q
状态码 a  命令 q
状态码 a  命令 q
状态码 a  命令 q
状态码 a  命令 q
状态码 a  命令 q
状态码 a  命令 q
状态码 a  命令 q
状态码 a  命令 q
状态码 a  命令 q
状态码 a  命令 q
状态码 a  命令 q
状态码 a  命令 q
状态码 a  命令 q
状态码 a  命令 q
状态码 a  命令 q
状态码 a  命令 q
状态码 a  命令 q
状态码 a  命令 q
状态码 a  命令 q
状态码 a  命令 q
状态码 a  命令 q
状态码 a  命令 q
状态码 a  命令 q
状态码 a  命令 q
状态码 a  命令 q
状态码 a  命令 q
状态码 a  命令 q
状态码 a  命令 q
状态码 a  命令 q
状态码 a  命令 q
状态码 a  命令 q
状态码 a  命令 q
状态码 a  命令 q
状态码 a  命令 q
状态码 a  命令 q
状态码 a  命令 q
状态码 a  命令 q
状态码 a  命令 q
状态码 a  命令 q
状态码 a  命令 q
状态码 a  命令 q
状态码 a  命令 q
状态码 a  命令 q
状态码 a  命令 q
状态码 a  命令 q
状态码 a  命令 q
状态码 a  命令 q
状态码 a  命令 q
状态码 a  命令 q
状态码 a  命令 q
状态码 a  命令 q
状态码 a  命令 q
状态码 a  命令 q
状态码 a  命令 q
状态码 a  命令 q
状态码 a  命令 q
状态码 a  命令 q
状态码 a  命令 q
状态码 a  命令 q
状态码 a  命令 q
状态码 a  命令 q
状态码 a  命令 q
状态码 a  命令 q
状态码 a  命令 q
状态码 a  命令 q
状态码 a  命令 q
状态码 a  命令 q
状态码 a  命令 q
状态码 a  命令 q
状态码 a  命令 q
状态码 a  命令 q
状态码 a  命令 q
状态码 a  命令 q
状态码 a  命令 q
状态码 a  命令 q
状态码 a  命令 q
状态码 a  命令 q
状态码 a  命令 q
状态码 a  命令 q
状态码 a  命令 q
状态码 a  命令 q
状态码 a  命令 q
状态码 a  命令 q
状态码 a  命令 q
状态码 a  命令 q
状态码 a  命令 q
状态码 a  命令 q
状态码 a  命令 q
状态码 a  命令 q
状态码 a  命令 q
状态码 a  命令 q
状态码 a  命令 q
状态码 a  命令 q
状态码 a  命令 q
状态码 a  命令 q
状态码 a  命令 q
状态码 a  命令 q
状态码 a  命令 q
状态码 a  命令 q
状态码 a  命令 q
状态码 a  命令 q
状态码 a  命令 q
状态码 a  命令 q
状态码 a  命令 q
状态码 a  命令 q
状态码 a  命令 q
状态码 a  命令 q
状态码 a  命令 q
状态码 a  命令 q
状态码 a  命令 q
状态码 a  命令 q
状态码 a  命令 q
状态码 a  命令 q
状态码 a  命令 q
状态码 a  命令 q
状态码 a  命令 q
状态码 a  命令 q
状态码 a  命令 q
状态码 a  命令 q
状态码 a  命令 q
状态码 a  命令 q
状态码 a  命令 q
状态码 a  命令 q
状态码 a  命令 q
状态码 a  命令 q
状态码 a  命令 q
状态码 a  命令 q
状态码 a  命令 q
状态码 a  命令 q
状态码 a  命令 q
状态码 a  命令 q
状态码 a  命令 q
状态码 a  命令 q
状态码 a  命令 q
状态码 a  命令 q
状态码 a  命令 q
状态码 a  命令 q
状态码 a  命令 q
状态码 a  命令 q
状态码 a  命令 q
状态码 a  命令 q
状态码 a  命令 q
状态码 a  命令 q
状态码 a  命令 q
状态码 a  命令 q
状态码 a  命令 q
状态码 a  命令 q
状态码 a  命令 q
状态码 a  命令 q
状态码 a  命令 q
状态码 a  命令 q
状态码 a  命令 q
状态码 a  命令 q
状态码 a  命令 q
状态码 a  命令 q
状态码 a  命令 q
状态码 a  命令 q
状态码 a  命令 q
状态码 a  命令 q
状态码 a  命令 q
状态码 a  命令 q
状态码 a  命令 q
状态码 a  命令 q
状态码 a  命令 q
状态码 a  命令 q
状态码 a  命令 q
状态码 a  命令 q
状态码 a  命令 q
状态码 a  命令 q
状态码 a  命令 q
状态码 a  命令 q
状态码 a  命令 q
状态码 a  命令 q
状态码 a  命令 q
状态码 a  命令 q
状态码 a  命令 q
状态码 a  命令 q
状态码 a  命令 q
状态码 a  命令 q
状态码 a  命令 q
状态码 a  命令 q
状态码 a  命令 q
状态码 a  命令 q
状态码 a  命令 q
状态码 a  命令 q
状态码 a  命令 q
状态码 a  命令 q
状态码 a  命令 q
状态码 a  命令 q
状态码 a  命令 q
状态码 a  命令 q
状态码 a  命令 q
状态码 a  命令 q
状态码 a  命令 q
状态码 a  命令 q
状态码 a  命令 q
状态码 a  命令 q
状态码 a  命令 q
状态码 a  命令 q
状态码 a  命令 q
状态码 a  命令 q
状态码 a  命令 q
状态码 a  命令 q
状态码 a  命令 q
状态码 a  命令 q
状态码 a  命令 q
状态码 a  命令 q
状态码 a  命令 q
状态码 a  命令 q
状态码 a  命令 q
状态码 a  命令 q
状态码 a  命令 q
状态码 a  命令 q
状态码 a  命令 q
状态码 a  命令 q
状态码 a  命令 q
状态码 a  命令 q
状态码 a  命令 q
状态码 a  命令 q
状态码 a  命令 q
状态码 a  命令 q
状态码 a  命令 q
状态码 a  命令 q
状态码 a  命令 q
状态码 a  命令 q
状态码 a  命令 q
状态码 a  命令 q
状态码 a  命令 q
状态码 a  命令 q
状态码 a  命令 q
状态码 a  命令 q
状态码 a  命令 q
状态码 a  命令 q
状态码 a  命令 q
状态码 a  命令 q
状态码 a  命令 q
状态码 a  命令 q
状态码 a  命令 q
状态码 a  命令 q
状态码 a  命令 q
状态码 a  命令 q
状态码 a  命令 q
状态码 a  命令 q
状态码 a  命令 q
状态码 a  命令 q
状态码 a  命令 q
状态码 a  命令 q
状态码 a  命令 q
状态码 a  命令 q
状态码 a  命令 q
状态码 a  命令 q
状态码 a  命令 q
状态码 a  命令 q
状态码 a  命令 q
状态码 a  命令 q
状态码 a  命令 q
状态码 a  命令 q
状态码 a  命令 q
状态码 a  命令 q
状态码 a  命令 q
状态码 a  命令 q
状态码 a  命令 q
状态码 a  命令 q
状态码 a  命令 q
状态码 a  命令 q
状态码 a  命令 q
状态码 a  命令 q
状态码 a  命令 q
状态码 a  命令 q
状态码 a  命令 q
状态码 a  命令 q
状态码 a  命令 q
状态码 a  命令 q
状态码 a  命令 q
状态码 a  命令 q
状态码 a  命令 q
状态码 a  命令 q
状态码 a  命令 q
状态码 a  命令 q
状态码 a  命令 q
状态码 a  命令 q
状态码 a  命令 q
状态码 a  命令 q
状态码 a  命令 q
状态码 a  命令 q
状态码 a  命令 q
状态码 a  命令 q
状态码 a  命令 q
状态码 a  命令 q
状态码 a  命令 q
状态码 a  命令 q
状态码 a  命令 q
状态码 a  命令 q
状态码 a  命令 q
状态码 a  命令 q
状态码 a  命令 q
状态码 a  命令 q
状态码 a  命令 q
状态码 a  命令 q
状态码 a  命令 q
状态码 a  命令 q
状态码 a  命令 q
状态码 a  命令 q
状态码 a  命令 q
状态码 a  命令 q
状态码 a  命令 q
状态码 a  命令 q
状态码 a  命令 q
状态码 a  命令 q
状态码 a  命令 q
状态码 a  命令 q
状态码 a  命令 q
状态码 a  命令 q
状态码 a  命令 q
状态码 a  命令 q
状态码 a  命令 q
状态码 a  命令 q
状态码 a  命令 q
状态码 a  命令 q
状态码 a  命令 q
状态码 a  命令 q
状态码 a  命令 q
状态码 a  命令 q
状态码 a  命令 q
状态码 a  命令 q
状态码 a  命令 q
状态码 a  命令 q
状态码 a  命令 q
状态码 a  命令 q
状态码 a  命令 q
状态码 a  命令 q
状态码 a  命令 q
状态码 a  命令 q
状态码 a  命令 q
状态码 a  命令 q
状态码 a  命令 q
状态码 a  命令 q
状态码 a  命令 q
状态码 a  命令 q
状态码 a  命令 q
状态码 a  命令 q
状态码 a  命令 q
状态码 a  命令 q
状态码 a  命令 q
状态码 a  命令 q
状态码 a  命令 q
状态码 a  命令 q
状态码 a  命令 q
状态码 a  命令 q
状态码 a  命令 q
状态码 a  命令 q
状态码 a  命令 q
状态码 a  命令 q
状态码 a  命令 q
状态码 a  命令 q
状态码 a  命令 q
状态码 a  命令 q
状态码 a  命令 q
状态码 a  命令 q
状态码 a  命令 q
状态码 a  命令 q
状态码 a  命令 q
状态码 a  命令 q
状态码 a  命令 q
状态码 a  命令 q
状态码 a  命令 q
状态码 a  命令 q
状态码 a  命令 q
状态码 a  命令 q
状态码 a  命令 q
状态码 a  命令 q
状态码 a  命令 q
状态码 a  命令 q
状态码 a  命令 q
状态码 a  命令 q
状态码 a  命令 q
状态码 a  命令 q
状态码 a  命令 q
状态码 a  命令 q
状态码 a  命令 q
状态码 a  命令 q
状态码 a  命令 q
状态码 a  命令 q
状态码 a  命令 q
状态码 a  命令 q
状态码 a  命令 q
状态码 a  命令 q
状态码 a  命令 q
状态码 a  命令 q
状态码 a  命令 q
状态码 a  命令 q
状态码 a  命令 q
状态码 a  命令 q
状态码 a  命令 q
状态码 a  命令 q
状态码 a  命令 q
状态码 a  命令 q
状态码 a  命令 q
状态码 a  命令 q
状态码 a  命令 q
状态码 a  命令 q
状态码 a  命令 q
状态码 a  命令 q
状态码 a  命令 q
状态码 a  命令 q
状态码 a  命令 q
状态码 a  命令 q
状态码 a  命令 q
状态码 a  命令 q
状态码 a  命令 q
状态码 a  命令 q
状态码 a  命令 q
状态码 a  命令 q
状态码 a  命令 q
状态码 a  命令 q
状态码 a  命令 q
状态码 a  命令 q
状态码 a  命令 q
状态码 a  命令 q
状态码 a  命令 q
状态码 a  命令 q
状态码 a  命令 q
状态码 a  命令 q
状态码 a  命令 q
状态码 a  命令 q
状态码 a  命令 q
状态码 a  命令 q
状态码 a  命令 q
状态码 a  命令 q
状态码 a  命令 q
状态码 a  命令 q
状态码 a  命令 q
状态码 a  命令 q
状态码 a  命令 q
状态码 a  命令 q
状态码 a  命令 q
状态码 a  命令 q
状态码 a  命令 q
状态码 a  命令 q
状态码 a  命令 q
状态码 a  命令 q
状态码 a  命令 q
状态码 a  命令 q
状态码 a  命令 q
状态码 a  命令 q
状态码 a  命令 q
状态码 a  命令 q
状态码 a  命令 q
状态码 a  命令 q
状态码 a  命令 q
状态码 a  命令 q
状态码 a  命令 q
状态码 a  命令 q
状态码 a  命令 q
状态码 a  命令 q
状态码 a  命令 q
状态码 a  命令 q
状态码 a  命令 q
状态码 a  命令 q
状态码 a  命令 q
状态码 a  命令 q
状态码 a  命令 q
状态码 a  命令 q
状态码 a  命令 q
状态码 a  命令 q
状态码 a  命令 q
状态码 a  命令 q
状态码 a  命令 q
状态码 a  命令 q
状态码 a  命令 q
状态码 a  命令 q
状态码 a  命令 q
状态码 a  命令 q
状态码 a  命令 q
状态码 a  命令 q
状态码 a  命令 q
状态码 a  命令 q
状态码 a  命令 q
状态码 a  命令 q
状态码 a  命令 q
状态码 a  命令 q
状态码 a  命令 q
状态码 a  命令 q
状态码 a  命令 q
状态码 a  命令 q
状态码 a  命令 q
状态码 a  命令 q
状态码 a  命令 q
状态码 a  命令 q
状态码 a  命令 q
状态码 a  命令 q
状态码 a  命令 q
状态码 a  命令 q
状态码 a  命令 q
状态码 a  命令 q
状态码 a  命令 q
状态码 a  命令 q
状态码 a  命令 q
状态码 a  命令 q
状态码 a  命令 q
状态码 a  命令 q
状态码 a  命令 q
状态码 a  命令 q
状态码 a  命令 q
状态码 a  命令 q
状态码 a  命令 q
状态码 a  命令 q
状态码 a  命令 q
状态码 a  命令 q
状态码 a  命令 q
状态码 a  命令 q
状态码 a  命令 q
状态码 a  命令 q
状态码 a  命令 q
状态码 a  命令 q
状态码 a  命令 q
状态码 a  命令 q
状态码 a  命令 q
状态码 a  命令 q
状态码 a  命令 q
状态码 a  命令 q
状态码 a  命令 q
状态码 a  命令 q
状态码 a  命令 q
状态码 a  命令 q
状态码 a  命令 q
状态码 a  命令 q
状态码 a  命令 q
状态码 a  命令 q
状态码 a  命令 q
状态码 a  命令 q
状态码 a  命令 q
状态码 a  命令 q
状态码 a  命令 q
状态码 a  命令 q
状态码 a  命令 q
状态码 a  命令 q
状态码 a  命令 q
状态码 a  命令 q
状态码 a  命令 q
状态码 a  命令 q
状态码 a  命令 q
状态码 a  命令 q
状态码 a  命令 q
状态码 a  命令 q
状态码 a  命令 q
状态码 a  命令 q
状态码 a  命令 q
状态码 a  命令 q
状态码 a  命令 q
状态码 a  命令 q
状态码 a  命令 q
状态码 a  命令 q
状态码 a  命令 q
状态码 a  命令 q
状态码 a  命令 q
状态码 a  命令 q
状态码 a  命令 q
状态码 a  命令 q
状态码 a  命令 q
状态码 a  命令 q
状态码 a  命令 q
状态码 a  命令 q
状态码 a  命令 q
状态码 a  命令 q
状态码 a  命令 q
状态码 a  命令 q
状态码 a  命令 q
状态码 a  命令 q
状态码 a  命令 q
状态码 a  命令 q
状态码 a  命令 q
状态码 a  命令 q
状态码 a  命令 q
状态码 a  命令 q
状态码 a  命令 q
状态码 a  命令 q
状态码 a  命令 q
状态码 a  命令 q
状态码 a  命令 q
状态码 a  命令 q
状态码 a  命令 q
状态码 a  命令 q
状态码 a  命令 q
状态码 a  命令 q
状态码 a  命令 q
状态码 a  命令 q
状态码 a  命令 q
状态码 a  命令 q
状态码 a  命令 q
状态码 a  命令 q
状态码 a  命令 q
状态码 a  命令 q
状态码 a  命令 q
状态码 a  命令 q
状态码 a  命令 q
状态码 a  命令 q
状态码 a  命令 q
状态码 a  命令 q
状态码 a  命令 q
状态码 a  命令 q
状态码 a  命令 q
状态码 a  命令 q
状态码 a  命令 q
状态码 a  命令 q
状态码 a  命令 q
状态码 a  命令 q
状态码 a  命令 q
状态码 a  命令 q
状态码 a  命令 q
状态码 a  命令 q
状态码 a  命令 q
状态码 a  命令 q
状态码 a  命令 q
状态码 a  命令 q
状态码 a  命令 q
状态码 a  命令 q
状态码 a  命令 q
状态码 a  命令 q
状态码 a  命令 q
状态码 a  命令 q
状态码 a  命令 q
状态码 a  命令 q
状态码 a  命令 q
状态码 a  命令 q
状态码 a  命令 q
状态码 a  命令 q
状态码 a  命令 q
状态码 a  命令 q
状态码 a  命令 q
状态码 a  命令 q
状态码 a  命令 q
状态码 a  命令 q
状态码 a  命令 q
状态码 a  命令 q
状态码 a  命令 q
状态码 a  命令 q
状态码 a  命令 q
状态码 a  命令 q
状态码 a  命令 q
状态码 a  命令 q
状态码 a  命令 q
状态码 a  命令 q
状态码 a  命令 q
状态码 a  命令 q
状态码 a  命令 q
状态码 a  命令 q
状态码 a  命令 q
状态码 a  命令 q
状态码 a  命令 q
状态码 a  命令 q
状态码 a  命令 q
状态码 a  命令 q
状态码 a  命令 q
状态码 a  命令 q
状态码 a  命令 q
状态码 a  命令 q
状态码 a  命令 q
状态码 a  命令 q
状态码 a  命令 q
状态码 a  命令 q
状态码 a  命令 q
状态码 a  命令 q
状态码 a  命令 q
状态码 a  命令 q
状态码 a  命令 q
状态码 a  命令 q
状态码 a  命令 q
状态码 a  命令 q
状态码 a  命令 q
状态码 a  命令 q
状态码 a  命令 q
状态码 a  命令 q
状态码 a  命令 q
状态码 a  命令 q
状态码 a  命令 q
状态码 a  命令 q
状态码 a  命令 q
状态码 a  命令 q
状态码 a  命令 q
状态码 a  命令 q
状态码 a  命令 q
状态码 a  命令 q
状态码 a  命令 q
状态码 a  命令 q
状态码 a  命令 q
状态码 a  命令 q
状态码 a  命令 q
状态码 a  命令 q
状态码 a  命令 q
状态码 a  命令 q
状态码 a  命令 q
状态码 a  命令 q
状态码 a  命令 q
状态码 a  命令 q
状态码 a  命令 q
状态码 a  命令 q
状态码 a  命令 q
状态码 a  命令 q
状态码 a  命令 q
状态码 a  命令 q
状态码 a  命令 q
状态码 a  命令 q
状态码 a  命令 q
状态码 a  命令 q
状态码 a  命令 q
状态码 a  命令 q
状态码 a  命令 q
状态码 a  命令 q
状态码 a  命令 q
状态码 a  命令 q
状态码 a  命令 q
状态码 a  命令 q
状态码 a  命令 q
状态码 a  命令 q
状态码 a  命令 q
状态码 a  命令 q
状态码 a  命令 q
状态码 a  命令 q
状态码 a  命令 q
状态码 a  命令 q
状态码 a  命令 q
状态码 a  命令 q
状态码 a  命令 q
状态码 a  命令 q
状态码 a  命令 q
状态码 a  命令 q
状态码 a  命令 q
状态码 a  命令 q
状态码 a  命令 q
状态码 a  命令 q
状态码 a  命令 q
状态码 a  命令 q
状态码 a  命令 q
状态码 a  命令 q
状态码 a  命令 q
状态码 a  命令 q
状态码 a  命令 q
状态码 a  命令 q
状态码 a  命令 q
状态码 a  命令 q
状态码 a  命令 q
状态码 a  命令 q
状态码 a  命令 q
状态码 a  命令 q
状态码 a  命令 q
状态码 a  命令 q
状态码 a  命令 q
状态码 a  命令 q
状态码 a  命令 q
状态码 a  命令 q
状态码 a  命令 q
状态码 a  命令 q
状态码 a  命令 q
状态码 a  命令 q
状态码 a  命令 q
状态码 a  命令 q
状态码 a  命令 q
状态码 a  命令 q
状态码 a  命令 q
状态码 a  命令 q
状态码 a  命令 q
状态码 a  命令 q
状态码 a  命令 q
状态码 a  命令 q
状态码 a  命令 q
状态码 a  命令 q
状态码 a  命令 q
状态码 a  命令 q
状态码 a  命令 q
状态码 a  命令 q
状态码 a  命令 q
状态码 a  命令 q
状态码 a  命令 q
状态码 a  命令 q
状态码 a  命令 q
状态码 a  命令 q
状态码 a  命令 q
状态码 a  命令 q
状态码 a  命令 q
状态码 a  命令 q
状态码 a  命令 q
状态码 a  命令 q
状态码 a  命令 q
状态码 a  命令 q
状态码 a  命令 q
状态码 a  命令 q
状态码 a  命令 q
状态码 a  命令 q
状态码 a  命令 q
状态码 a  命令 q
状态码 a  命令 q
状态码 a  命令 q
状态码 a  命令 q
状态码 a  命令 q
状态码 a  命令 q
状态码 a  命令 q
状态码 a  命令 q
状态码 a  命令 q
状态码 a  命令 q
状态码 a  命令 q
状态码 a  命令 q
状态码 a  命令 q
状态码 a  命令 q
状态码 a  命令 q
状态码 a  命令 q
状态码 a  命令 q
状态码 a  命令 q
状态码 a  命令 q
状态码 a  命令 q
状态码 a  命令 q
状态码 a  命令 q
状态码 a  命令 q
状态码 a  命令 q
状态码 a  命令 q
状态码 a  命令 q
状态码 a  命令 q
状态码 a  命令 q
状态码 a  命令 q
状态码 a  命令 q
状态码 a  命令 q
状态码 a  命令 q
状态码 a  命令 q
状态码 a  命令 q
状态码 a  命令 q
状态码 a  命令 q
状态码 a  命令 q
状态码 a  命令 q
状态码 a  命令 q
状态码 a  命令 q
状态码 a  命令 q
状态码 a  命令 q
状态码 a  命令 q
状态码 a  命令 q
状态码 a  命令 q
状态码 a  命令 q
状态码 a  命令 q
状态码 a  命令 q
状态码 a  命令 q
状态码 a  命令 q
状态码 a  命令 q
状态码 a  命令 q
状态码 a  命令 q
状态码 a  命令 q
状态码 a  命令 q
状态码 a  命令 q
状态码 a  命令 q
状态码 a  命令 q
状态码 a  命令 q
状态码 a  命令 q
状态码 a  命令 q
状态码 a  命令 q
状态码 a  命令 q
状态码 a  命令 q
状态码 a  命令 q
状态码 a  命令 q
状态码 a  命令 q
状态码 a  命令 q
状态码 a  命令 q
状态码 a  命令 q
状态码 a  命令 q
状态码 a  命令 q
状态码 a  命令 q
状态码 a  命令 q
状态码 a  命令 q
状态码 a  命令 q
状态码 a  命令 q
状态码 a  命令 q
状态码 a  命令 q
状态码 a  命令 q
状态码 a  命令 q
状态码 a  命令 q
状态码 a  命令 q
状态码 a  命令 q
状态码 a  命令 q
状态码 a  命令 q
状态码 a  命令 q
状态码 a  命令 q
状态码 a  命令 q
状态码 a  命令 q
状态码 a  命令 q
状态码 a  命令 q
状态码 a  命令 q
状态码 a  命令 q
状态码 a  命令 q
状态码 a  命令 q
状态码 a  命令 q
状态码 a  命令 q
状态码 a  命令 q
状态码 a  命令 q
状态码 a  命令 q
状态码 a  命令 q
状态码 a  命令 q
状态码 a  命令 q
状态码 a  命令 q
状态码 a  命令 q
状态码 a  命令 q
状态码 a  命令 q
状态码 a  命令 q
状态码 a  命令 q
状态码 a  命令 q
状态码 a  命令 q
状态码 a  命令 q
状态码 a  命令 q
状态码 a  命令 q
状态码 a  命令 q
状态码 a  命令 q
状态码 a  命令 q
状态码 a  命令 q
状态码 a  命令 q
状态码 a  命令 q
状态码 a  命令 q
状态码 a  命令 q
状态码 a  命令 q
状态码 a  命令 q
状态码 a  命令 q
状态码 a  命令 q
状态码 a  命令 q
状态码 a  命令 q
状态码 a  命令 q
状态码 a  命令 q
状态码 a  命令 q
状态码 a  命令 q
状态码 a  命令 q
状态码 a  命令 q
状态码 a  命令 q
状态码 a  命令 q
状态码 a  命令 q
状态码 a  命令 q
状态码 a  命令 q
状态码 a  命令 q
状态码 a  命令 q
状态码 a  命令 q
状态码 a  命令 q
状态码 a  命令 q
状态码 a  命令 q
状态码 a  命令 q
状态码 a  命令 q
状态码 a  命令 q
状态码 a  命令 q
状态码 a  命令 q
状态码 a  命令 q
状态码 a  命令 q
状态码 a  命令 q
状态码 a  命令 q
状态码 a  命令 q
状态码 a  命令 q
状态码 a  命令 q
状态码 a  命令 q
状态码 a  命令 q
状态码 a  命令 q
状态码 a  命令 q
状态码 a  命令 q
状态码 a  命令 q
状态码 a  命令 q
状态码 a  命令 q
状态码 a  命令 q
状态码 a  命令 q
状态码 a  命令 q
状态码 a  命令 q
状态码 a  命令 q
状态码 a  命令 q
状态码 a  命令 q
状态码 a  命令 q
状态码 a  命令 q
状态码 a  命令 q
状态码 a  命令 q
状态码 a  命令 q
状态码 a  命令 q
状态码 a  命令 q
状态码 a  命令 q
状态码 a  命令 q
状态码 a  命令 q
状态码 a  命令 q
状态码 a  命令 q
状态码 a  命令 q
状态码 a  命令 q
状态码 a  命令 q
状态码 a  命令 q
状态码 a  命令 q
状态码 a  命令 q
状态码 a  命令 q
状态码 a  命令 q
状态码 a  命令 q
状态码 a  命令 q
状态码 a  命令 q
状态码 a  命令 q
状态码 a  命令 q
状态码 a  命令 q
状态码 a  命令 q
状态码 a  命令 q
状态码 a  命令 q
状态码 a  命令 q
状态码 a  命令 q
状态码 a  命令 q
状态码 a  命令 q
状态码 a  命令 q
状态码 a  命令 q
状态码 a  命令 q
状态码 a  命令 q
状态码 a  命令 q
状态码 a  命令 q
状态码 a  命令 q
状态码 a  命令 q
状态码 a  命令 q
状态码 a  命令 q
状态码 a  命令 q
状态码 a  命令 q
状态码 a  命令 q
状态码 a  命令 q
状态码 a  命令 q
状态码 a  命令 q
状态码 a  命令 q
状态码 a  命令 q
状态码 a  命令 q
状态码 a  命令 q
状态码 a  命令 q
状态码 a  命令 q
状态码 a  命令 q
状态码 a  命令 q
状态码 a  命令 q
状态码 a  命令 q
状态码 a  命令 q
状态码 a  命令 q
状态码 a  命令 q
状态码 a  命令 q
状态码 a  命令 q
状态码 a  命令 q
状态码 a  命令 q
状态码 a  命令 q
状态码 a  命令 q
状态码 a  命令 q
状态码 a  命令 q
状态码 a  命令 q
状态码 a  命令 q
状态码 a  命令 q
状态码 a  命令 q
状态码 a  命令 q
状态码 a  命令 q
状态码 a  命令 q
状态码 a  命令 q
状态码 a  命令 q
状态码 a  命令 q
状态码 a  命令 q
状态码 a  命令 q
状态码 a  命令 q
状态码 a  命令 q
状态码 a  命令 q
状态码 a  命令 q
状态码 a  命令 q
状态码 a  命令 q
状态码 a  命令 q
状态码 a  命令 q
状态码 a  命令 q
状态码 a  命令 q
状态码 a  命令 q
状态码 a  命令 q
状态码 a  命令 q
状态码 a  命令 q
状态码 a  命令 q
状态码 a  命令 q
状态码 a  命令 q
状态码 a  命令 q
状态码 a  命令 q
状态码 a  命令 q
状态码 a  命令 q
状态码 a  命令 q
状态码 a  命令 q
状态码 a  命令 q
状态码 a  命令 q
状态码 a  命令 q
状态码 a  命令 q
状态码 a  命令 q
状态码 a  命令 q
状态码 a  命令 q
状态码 a  命令 q
状态码 a  命令 q
状态码 a  命令 q
状态码 a  命令 q
状态码 a  命令 q
状态码 a  命令 q
状态码 a  命令 q
状态码 a  命令 q
状态码 a  命令 q
状态码 a  命令 q
状态码 a  命令 q
状态码 a  命令 q
状态码 a  命令 q
状态码 a  命令 q
状态码 a  命令 q
状态码 a  命令 q
状态码 a  命令 q
状态码 a  命令 q
状态码 a  命令 q
状态码 a  命令 q
状态码 a  命令 q
状态码 a  命令 q
状态码 a  命令 q
状态码 a  命令 q
状态码 a  命令 q
状态码 a  命令 q
状态码 a  命令 q
状态码 a  命令 q
状态码 a  命令 q
状态码 a  命令 q
状态码 a  命令 q
状态码 a  命令 q
状态码 a  命令 q
状态码 a  命令 q
状态码 a  命令 q
状态码 a  命令 q
状态码 a  命令 q
状态码 a  命令 q
状态码 a  命令 q
状态码 a  命令 q
状态码 a  命令 q
状态码 a  命令 q
状态码 a  命令 q
状态码 a  命令 q
状态码 a  命令 q
状态码 a  命令 q
状态码 a  命令 q
状态码 a  命令 q
状态码 a  命令 q
状态码 a  命令 q
状态码 a  命令 q
状态码 a  命令 q
状态码 a  命令 q
状态码 a  命令 q
状态码 a  命令 q
状态码 a  命令 q
状态码 a  命令 q
状态码 a  命令 q
状态码 a  命令 q
状态码 a  命令 q
状态码 a  命令 q
状态码 a  命令 q
状态码 a  命令 q
状态码 a  命令 q
状态码 a  命令 q
状态码 a  命令 q
状态码 a  命令 q
状态码 a  命令 q
状态码 a  命令 q
状态码 a  命令 q
状态码 a  命令 q
状态码 a  命令 q
状态码 a  命令 q
状态码 a  命令 q
状态码 a  命令 q
状态码 a  命令 q
状态码 a  命令 q
状态码 a  命令 q
状态码 a  命令 q
状态码 a  命令 q
状态码 a  命令 q
状态码 a  命令 q
状态码 a  命令 q
状态码 a  命令 q
状态码 a  命令 q
状态码 a  命令 q
状态码 a  命令 q
状态码 a  命令 q
状态码 a  命令 q
状态码 a  命令 q
状态码 a  命令 q
状态码 a  命令 q
状态码 a  命令 q
状态码 a  命令 q
状态码 a  命令 q
状态码 a  命令 q
状态码 a  命令 q
状态码 a  命令 q
状态码 a  命令 q
状态码 a  命令 q
状态码 a  命令 q
状态码 a  命令 q
状态码 a  命令 q
状态码 a  命令 q
状态码 a  命令 q
状态码 a  命令 q
状态码 a  命令 q
状态码 a  命令 q
状态码 a  命令 q
状态码 a  命令 q
状态码 a  命令 q
状态码 a  命令 q
状态码 a  命令 q
状态码 a  命令 q
状态码 a  命令 q
状态码 a  命令 q
状态码 a  命令 q
状态码 a  命令 q
状态码 a  命令 q
状态码 a  命令 q
状态码 a  命令 q
状态码 a  命令 q
状态码 a  命令 q
状态码 a  命令 q
状态码 a  命令 q
状态码 a  命令 q
状态码 a  命令 q
状态码 a  命令 q
状态码 a  命令 q
状态码 a  命令 q
状态码 a  命令 q
状态码 a  命令 q
状态码 a  命令 q
状态码 a  命令 q
状态码 a  命令 q
状态码 a  命令 q
状态码 a  命令 q
状态码 a  命令 q
状态码 a  命令 q
状态码 a  命令 q
状态码 a  命令 q
状态码 a  命令 q
状态码 a  命令 q
状态码 a  命令 q
状态码 a  命令 q
状态码 a  命令 q
状态码 a  命令 q
状态码 a  命令 q
状态码 a  命令 q
状态码 a  命令 q
状态码 a  命令 q
状态码 a  命令 q
状态码 a  命令 q
状态码 a  命令 q
状态码 a  命令 q
状态码 a  命令 q
状态码 a  命令 q
状态码 a  命令 q
状态码 a  命令 q
状态码 a  命令 q
状态码 a  命令 q
状态码 a  命令 q
状态码 a  命令 q
状态码 a  命令 q
状态码 a  命令 q
状态码 a  命令 q
状态码 a  命令 q
状态码 a  命令 q
状态码 a  命令 q
状态码 a  命令 q
状态码 a  命令 q
状态码 a  命令 q
状态码 a  命令 q
状态码 a  命令 q
状态码 a  命令 q
状态码 a  命令 q
状态码 a  命令 q
状态码 a  命令 q
状态码 a  命令 q
状态码 a  命令 q
状态码 a  命令 q
状态码 a  命令 q
状态码 a  命令 q
状态码 a  命令 q
状态码 a  命令 q
状态码 a  命令 q
状态码 a  命令 q
状态码 a  命令 q
状态码 a  命令 q
状态码 a  命令 q
状态码 a  命令 q
状态码 a  命令 q
状态码 a  命令 q
状态码 a  命令 q
状态码 a  命令 q
状态码 a  命令 q
状态码 a  命令 q
状态码 a  命令 q
状态码 a  命令 q
状态码 a  命令 q
状态码 a  命令 q
状态码 a  命令 q
状态码 a  命令 q
状态码 a  命令 q
状态码 a  命令 q
状态码 a  命令 q
状态码 a  命令 q
状态码 a  命令 q
状态码 a  命令 q
状态码 a  命令 q
状态码 a  命令 q
状态码 a  命令 q
状态码 a  命令 q
状态码 a  命令 q
状态码 a  命令 q
状态码 a  命令 q
状态码 a  进入前进状态，寻找目标 33
命令 m
状态码 a  丢失目标 33 正在调整
1  运动指令 a
命令 m
状态码 a  进入前进状态，寻找目标 33
Marker 33: C(250.8, 278.2) P1(276.0, 305.0), P2(227.0, 306.0), P3(225.0, 254.0), P4(275.0, 248.0)  
aruco_ratio 0.009095089435577393
命令 d
状态码 a  Marker 33: C(257.8, 255.2) P1(285.0, 281.0), P2(234.0, 286.0), P3(229.0, 233.0), P4(283.0, 221.0)  
aruco_ratio 0.010014252662658691
命令 d
状态码 a  Marker 33: C(257.0, 267.0) P1(283.0, 292.0), P2(234.0, 297.0), P3(229.0, 245.0), P4(282.0, 234.0)  
aruco_ratio 0.009300723075866699
命令 d
状态码 a  Marker 33: C(251.5, 287.8) P1(276.0, 314.0), P2(228.0, 316.0), P3(225.0, 264.0), P4(277.0, 257.0)  
aruco_ratio 0.00891534964243571
命令 d
状态码 a  Marker 33: C(259.8, 299.0) P1(284.0, 324.0), P2(237.0, 325.0), P3(234.0, 277.0), P4(284.0, 270.0)  
aruco_ratio 0.008263587951660156
命令 d
状态码 a  Marker 33: C(274.2, 293.0) P1(297.0, 316.0), P2(252.0, 318.0), P3(250.0, 273.0), P4(298.0, 265.0)  
aruco_ratio 0.007479515075683594
命令 d
状态码 a  Marker 33: C(288.2, 287.2) P1(311.0, 309.0), P2(268.0, 311.0), P3(264.0, 267.0), P4(310.0, 262.0)  
aruco_ratio 0.00658737858136495
命令 d
状态码 a  Marker 33: C(306.2, 280.2) P1(328.0, 302.0), P2(287.0, 304.0), P3(282.0, 262.0), P4(328.0, 253.0)  
aruco_ratio 0.006547489563624064
命令 w
状态码 a  Marker 33: C(310.2, 275.8) P1(332.0, 297.0), P2(291.0, 300.0), P3(287.0, 257.0), P4(331.0, 249.0)  
aruco_ratio 0.0064247699578603105
命令 w
状态码 a  命令 m
状态码 a  丢失目标 33 正在调整
1  运动指令 q
命令 m
状态码 a  进入前进状态，寻找目标 33
Marker 33: C(316.5, 271.5) P1(337.0, 294.0), P2(296.0, 295.0), P3(294.0, 252.0), P4(339.0, 245.0)  
aruco_ratio 0.006547104914983113
命令 w
状态码 a  Marker 33: C(319.8, 272.2) P1(340.0, 296.0), P2(299.0, 295.0), P3(297.0, 252.0), P4(343.0, 246.0)  
aruco_ratio 0.006687165896097819
命令 w
状态码 a  Marker 33: C(322.2, 274.0) P1(343.0, 298.0), P2(302.0, 297.0), P3(299.0, 253.0), P4(345.0, 248.0)  
aruco_ratio 0.006680499712626139
命令 w
状态码 a  Marker 33: C(322.8, 272.0) P1(343.0, 296.0), P2(301.0, 295.0), P3(299.0, 251.0), P4(348.0, 246.0)  
aruco_ratio 0.006871979236602783
命令 w
状态码 a  Marker 33: C(321.2, 269.8) P1(342.0, 294.0), P2(300.0, 293.0), P3(298.0, 248.0), P4(345.0, 244.0)  
aruco_ratio 0.006850171883900961
命令 w
状态码 a  Marker 33: C(319.8, 263.8) P1(341.0, 288.0), P2(297.0, 287.0), P3(297.0, 242.0), P4(344.0, 238.0)  
aruco_ratio 0.007176190217336019
命令 w
状态码 a  命令 m
状态码 a  丢失目标 33 正在调整
1  运动指令 q
命令 m
状态码 a  2  运动指令 q
命令 m
状态码 a  进入前进状态，寻找目标 33
命令 m
状态码 a  丢失目标 33 正在调整
1  运动指令 q
命令 m
状态码 a  进入前进状态，寻找目标 33
Marker 33: C(325.2, 250.0) P1(347.0, 275.0), P2(301.0, 275.0), P3(301.0, 228.0), P4(352.0, 222.0)  
aruco_ratio 0.007971435387929281
命令 w
状态码 a  命令 m
状态码 a  丢失目标 33 正在调整
1  运动指令 q
命令 m
状态码 a  2  运动指令 q
命令 m
状态码 a  进入前进状态，寻找目标 33
Marker 33: C(324.0, 305.0) P1(357.0, 339.0), P2(291.0, 338.0), P3(291.0, 271.0), P4(357.0, 272.0)  
aruco_ratio 0.014396184285481771
命令 w
状态码 a  Marker 33: C(328.8, 291.0) P1(361.0, 327.0), P2(293.0, 326.0), P3(294.0, 259.0), P4(367.0, 252.0)  
aruco_ratio 0.016656403541564942
命令 w
状态码 a  Marker 33: C(331.5, 294.2) P1(363.0, 332.0), P2(294.0, 328.0), P3(297.0, 260.0), P4(372.0, 257.0)  
aruco_ratio 0.016995043754577638
命令 w
状态码 a  Marker 33: C(332.2, 296.8) P1(362.0, 335.0), P2(295.0, 330.0), P3(299.0, 262.0), P4(373.0, 260.0)  
aruco_ratio 0.016578391393025717
命令 w
状态码 a  Marker 33: C(332.0, 304.0) P1(362.0, 342.0), P2(295.0, 337.0), P3(299.0, 270.0), P4(372.0, 267.0)  
aruco_ratio 0.016548067728678385
命令 w
状态码 a  命令 m
状态码 a  丢失目标 33 正在调整
1  运动指令 q
命令 m
状态码 a  2  运动指令 q
命令 m
状态码 a  进入前进状态，寻找目标 33
命令 m
状态码 a  丢失目标 33 正在调整
1  运动指令 q
命令 m
状态码 a  进入前进状态，寻找目标 33
Marker 33: C(331.2, 305.2) P1(361.0, 344.0), P2(294.0, 338.0), P3(298.0, 270.0), P4(372.0, 269.0)  
aruco_ratio 0.016598579088846842
命令 w
状态码 a  Marker 33: C(330.5, 305.2) P1(361.0, 344.0), P2(293.0, 338.0), P3(297.0, 270.0), P4(371.0, 269.0)  
aruco_ratio 0.016813551584879557
命令 w
状态码 a  命令 m
状态码 a  丢失目标 33 正在调整
1  运动指令 q
命令 m
状态码 a  2  运动指令 q
命令 m
状态码 a  进入前进状态，寻找目标 33
Marker 33: C(329.5, 306.8) P1(360.0, 345.0), P2(292.0, 340.0), P3(296.0, 272.0), P4(370.0, 270.0)  
aruco_ratio 0.01679369608561198
命令 w
状态码 a  命令 m
状态码 a  丢失目标 33 正在调整
1  运动指令 q
命令 m
状态码 a  进入前进状态，寻找目标 33
Marker 33: C(331.0, 309.2) P1(362.0, 348.0), P2(293.0, 342.0), P3(297.0, 274.0), P4(372.0, 273.0)  
aruco_ratio 0.017058912913004556
命令 w
状态码 a  Marker 33: C(331.8, 310.2) P1(362.0, 349.0), P2(294.0, 343.0), P3(298.0, 275.0), P4(373.0, 274.0)  
aruco_ratio 0.016844361623128256
命令 w
状态码 a  Marker 33: C(333.2, 310.5) P1(364.0, 349.0), P2(295.0, 344.0), P3(300.0, 275.0), P4(374.0, 274.0)  
aruco_ratio 0.0170393435160319
命令 w
状态码 a  Marker 33: C(334.8, 311.0) P1(365.0, 350.0), P2(297.0, 344.0), P3(301.0, 276.0), P4(376.0, 274.0)  
aruco_ratio 0.017064253489176433
命令 w
状态码 a  Marker 33: C(336.0, 310.2) P1(367.0, 349.0), P2(298.0, 344.0), P3(302.0, 275.0), P4(377.0, 273.0)  
aruco_ratio 0.017262593905131022
命令 w
状态码 a  Marker 33: C(337.5, 310.5) P1(369.0, 349.0), P2(300.0, 345.0), P3(303.0, 275.0), P4(378.0, 273.0)  
aruco_ratio 0.017218448321024576
命令 w
状态码 a  Marker 33: C(339.2, 307.5) P1(372.0, 345.0), P2(303.0, 343.0), P3(304.0, 274.0), P4(378.0, 268.0)  
aruco_ratio 0.01735463301340739
命令 w
状态码 a  Marker 33: C(341.2, 306.5) P1(375.0, 343.0), P2(306.0, 343.0), P3(305.0, 274.0), P4(379.0, 266.0)  
aruco_ratio 0.01731824239095052
命令 a
状态码 a  命令 m
状态码 a  丢失目标 33 正在调整
1  运动指令 q
命令 m
状态码 a  进入前进状态，寻找目标 33
命令 m
状态码 a  丢失目标 33 正在调整
1  运动指令 q
命令 m
状态码 a  进入前进状态，寻找目标 33
Marker 33: C(347.0, 320.5) P1(381.0, 358.0), P2(311.0, 357.0), P3(311.0, 287.0), P4(385.0, 280.0)  
aruco_ratio 0.01779860814412435
命令 a
状态码 a  Marker 33: C(347.0, 323.0) P1(381.0, 361.0), P2(311.0, 360.0), P3(311.0, 289.0), P4(385.0, 282.0)  
aruco_ratio 0.018026200930277507
命令 a
状态码 a  命令 m
状态码 a  丢失目标 33 正在调整
1  运动指令 q
命令 m
状态码 a  进入前进状态，寻找目标 33
Marker 33: C(349.2, 329.0) P1(384.0, 367.0), P2(311.0, 366.0), P3(312.0, 294.0), P4(390.0, 289.0)  
aruco_ratio 0.018591658274332682
命令 a
状态码 a  命令 m
状态码 a  丢失目标 33 正在调整
1  运动指令 q
命令 m
状态码 a  进入前进状态，寻找目标 33
Marker 33: C(356.5, 327.8) P1(392.0, 368.0), P2(317.0, 366.0), P3(318.0, 291.0), P4(399.0, 286.0)  
aruco_ratio 0.0200994873046875
命令 m
状态码 a  投喂目标 33
状态码 a  进入检测状态
命令 q
状态码 a  命令 q
状态码 a  命令 q
状态码 a  命令 q
状态码 a  命令 q
状态码 a  命令 q
状态码 a  命令 q
状态码 a  命令 q
状态码 a  命令 q
状态码 a  命令 q
状态码 a  命令 q
状态码 a  命令 q
状态码 a  命令 q
状态码 a  命令 q
状态码 a  命令 q
状态码 a  命令 q
状态码 a  命令 q
状态码 a  命令 q
状态码 a  命令 q
状态码 a  命令 q
状态码 a  命令 q
状态码 a  命令 q
状态码 a  命令 q
状态码 a  命令 q
状态码 a  命令 q
状态码 a  命令 q
状态码 a  命令 q
状态码 a  命令 q
状态码 a  命令 q
状态码 a  命令 q
状态码 a  命令 q
状态码 a  命令 q
状态码 a  命令 q
状态码 a  命令 q
状态码 a  命令 q
状态码 a  命令 q
状态码 a  命令 q
状态码 a  命令 q
状态码 a  命令 q
状态码 a  命令 q
状态码 a  命令 q
状态码 a  命令 q
状态码 a  命令 q
状态码 a  命令 q
状态码 a  命令 q
状态码 a  命令 q
状态码 a  命令 q
状态码 a  命令 q
状态码 a  命令 q
状态码 a  命令 q
状态码 a  命令 q
状态码 a  命令 q
状态码 a  命令 q
状态码 a  命令 q
状态码 a  命令 q
状态码 a  命令 q
状态码 a  命令 q
状态码 a  命令 q
状态码 a  命令 q
状态码 a  命令 q
状态码 a  命令 q
状态码 a  命令 q
状态码 a  命令 q
状态码 a  命令 q
状态码 a  命令 q
状态码 a  命令 q
状态码 a  命令 q
状态码 a  命令 q
状态码 a  命令 q
状态码 a  命令 q
状态码 a  命令 q
状态码 a  命令 q
状态码 a  命令 q
状态码 a  命令 q
状态码 a  命令 q
状态码 a  命令 q
状态码 a  命令 q
状态码 a  命令 q
状态码 a  命令 q
状态码 a  命令 q
状态码 a  命令 q
状态码 a  命令 q
状态码 a  命令 q
状态码 a  命令 q
状态码 a  命令 q
状态码 a  命令 q
状态码 a  命令 q
状态码 a  命令 q
状态码 a  命令 q
状态码 a  命令 q
状态码 a  命令 q
状态码 a  命令 q
状态码 a  命令 q
状态码 a  命令 q
状态码 a  命令 q
状态码 a  命令 q
状态码 a  命令 q
状态码 a  命令 q
状态码 a  命令 q
状态码 a  命令 q
状态码 a  命令 q
状态码 a  命令 q
状态码 a  命令 q
状态码 a  命令 q
状态码 a  命令 q
状态码 a  命令 q
状态码 a  命令 q
状态码 a  命令 q
状态码 a  命令 q
状态码 a  命令 q
状态码 a  命令 q
状态码 a  命令 q
状态码 a  命令 q
状态码 a  命令 q
状态码 a  命令 q
状态码 a  命令 q
状态码 a  命令 q
状态码 a  命令 q
状态码 a  命令 q
状态码 a  命令 q
状态码 a  命令 q
状态码 a  命令 q
状态码 a  命令 q
状态码 a  命令 q
状态码 a  命令 q
状态码 a  命令 q
状态码 a  命令 q
状态码 a  命令 q
状态码 a  命令 q
状态码 a  命令 q
状态码 a  命令 q
状态码 a  命令 q
状态码 a  命令 q
状态码 a  命令 q
状态码 a  命令 q
状态码 a  命令 q
状态码 a  命令 q
状态码 a  命令 q
状态码 a  命令 q
状态码 a  命令 q
状态码 a  命令 q
状态码 a  命令 q
状态码 a  命令 q
状态码 a  命令 q
状态码 a  命令 q
状态码 a  命令 q
状态码 a  命令 q
状态码 a  命令 q
状态码 a  命令 q
状态码 a  命令 q
状态码 a  命令 q
状态码 a  命令 q
状态码 a  命令 q
状态码 a  命令 q
状态码 a  命令 q
状态码 a  命令 q
状态码 a  命令 q
状态码 a  命令 q
状态码 a  命令 q
状态码 a  命令 q
状态码 a  命令 q
状态码 a  命令 q
状态码 a  命令 q
状态码 a  命令 q
状态码 a  命令 q
状态码 a  命令 q
状态码 a  命令 q
状态码 a  命令 q
状态码 a  命令 q
状态码 a  命令 q
状态码 a  命令 q
状态码 a  命令 q
状态码 a  命令 q
状态码 a  命令 q
状态码 a  命令 q
