等待连接...
连接到：('192.168.137.159', 46990)
进入全局信息状态
FRAME_HEIGHT 480
FRAME_WIDTH 640
CENTER_X 320
CENTER_Y 240
全局信息状态结束，平均每帧耗时 0.28201730251312257
进入标定状态
Camera calibration result loaded from 'calibration_result.p'
进入检测状态
进入前进状态，寻找目标 17
丢失目标 17 正在调整
1  运动指令 a
2  运动指令 a
3  运动指令 a
4  运动指令 a
5  运动指令 a
6  运动指令 a
7  运动指令 a
8  运动指令 a
9  运动指令 a
10  运动指令 a
11  运动指令 a
12  运动指令 a
13  运动指令 a
14  运动指令 a
15  运动指令 a
16  运动指令 a
17  运动指令 a
18  运动指令 a
19  运动指令 a
20  运动指令 a
21  运动指令 a
22  运动指令 a
23  运动指令 a
24  运动指令 a
25  运动指令 a
26  运动指令 a
27  运动指令 a
28  运动指令 a
29  运动指令 a
30  运动指令 a
31  运动指令 a
丢失目标 17 时间过长
进入检测状态
进入前进状态，寻找目标 33
丢失目标 33 正在调整
1  运动指令 a
进入前进状态，寻找目标 33
丢失目标 33 正在调整
1  运动指令 a
2  运动指令 a
3  运动指令 a
4  运动指令 a
进入前进状态，寻找目标 33
丢失目标 33 正在调整
1  运动指令 a
进入前进状态，寻找目标 33
丢失目标 33 正在调整
1  运动指令 a
2  运动指令 a
3  运动指令 a
4  运动指令 a
5  运动指令 a
进入前进状态，寻找目标 33
Marker 33: C(455.2, 263.8) P1(471.0, 280.0), P2(438.0, 281.0), P3(438.0, 250.0), P4(474.0, 244.0)  
aruco_ratio 0.0038823731740315753
运动指令 a
Marker 33: C(453.8, 264.0) P1(470.0, 280.0), P2(437.0, 281.0), P3(436.0, 250.0), P4(472.0, 245.0)  
aruco_ratio 0.003767627477645874
运动指令 a
Marker 33: C(452.5, 262.0) P1(468.0, 279.0), P2(436.0, 279.0), P3(435.0, 248.0), P4(471.0, 242.0)  
aruco_ratio 0.0038668147722880045
运动指令 a
Marker 33: C(452.8, 261.2) P1(469.0, 278.0), P2(436.0, 279.0), P3(435.0, 247.0), P4(471.0, 241.0)  
aruco_ratio 0.003982239166895549
运动指令 a
Marker 33: C(454.5, 258.0) P1(471.0, 275.0), P2(437.0, 276.0), P3(437.0, 243.0), P4(473.0, 238.0)  
aruco_ratio 0.004102803866068522
运动指令 a
Marker 33: C(456.5, 259.8) P1(473.0, 277.0), P2(439.0, 278.0), P3(438.0, 245.0), P4(476.0, 239.0)  
aruco_ratio 0.00422063946723938
运动指令 a
Marker 33: C(453.5, 256.0) P1(470.0, 273.0), P2(436.0, 274.0), P3(435.0, 241.0), P4(473.0, 236.0)  
aruco_ratio 0.004110267162322998
运动指令 a
Marker 33: C(453.5, 258.0) P1(470.0, 276.0), P2(436.0, 276.0), P3(435.0, 243.0), P4(473.0, 237.0)  
aruco_ratio 0.004329158067703247
运动指令 a
Marker 33: C(453.5, 257.5) P1(470.0, 275.0), P2(436.0, 276.0), P3(435.0, 242.0), P4(473.0, 237.0)  
aruco_ratio 0.00422063946723938
运动指令 a
Marker 33: C(453.5, 257.5) P1(470.0, 275.0), P2(436.0, 276.0), P3(435.0, 242.0), P4(473.0, 237.0)  
aruco_ratio 0.00422063946723938
运动指令 a
Marker 33: C(453.5, 257.8) P1(470.0, 275.0), P2(436.0, 276.0), P3(435.0, 243.0), P4(473.0, 237.0)  
aruco_ratio 0.00422063946723938
运动指令 a
Marker 33: C(454.0, 257.0) P1(471.0, 275.0), P2(436.0, 275.0), P3(435.0, 242.0), P4(474.0, 236.0)  
aruco_ratio 0.004456486304601034
运动指令 a
Marker 33: C(455.8, 257.5) P1(473.0, 275.0), P2(438.0, 276.0), P3(437.0, 242.0), P4(475.0, 237.0)  
aruco_ratio 0.004337188800175985
运动指令 a
Marker 33: C(457.8, 256.2) P1(475.0, 274.0), P2(439.0, 275.0), P3(439.0, 241.0), P4(478.0, 235.0)  
aruco_ratio 0.004585582415262858
运动指令 a
Marker 33: C(458.5, 254.5) P1(476.0, 273.0), P2(440.0, 273.0), P3(439.0, 239.0), P4(479.0, 233.0)  
aruco_ratio 0.00470066507657369
运动指令 a
Marker 33: C(458.5, 254.0) P1(476.0, 273.0), P2(439.0, 273.0), P3(439.0, 238.0), P4(480.0, 232.0)  
aruco_ratio 0.004961596330006917
运动指令 a
Marker 33: C(461.0, 253.5) P1(479.0, 273.0), P2(441.0, 273.0), P3(441.0, 237.0), P4(483.0, 231.0)  
aruco_ratio 0.005218820571899414
运动指令 a
Marker 33: C(466.2, 254.0) P1(486.0, 274.0), P2(445.0, 274.0), P3(445.0, 237.0), P4(489.0, 231.0)  
aruco_ratio 0.005752882162729899
运动指令 a
Marker 33: C(469.0, 248.8) P1(489.0, 269.0), P2(447.0, 270.0), P3(447.0, 231.0), P4(493.0, 225.0)  
aruco_ratio 0.006042143106460571
运动指令 a
Marker 33: C(475.0, 250.5) P1(496.0, 272.0), P2(452.0, 273.0), P3(452.0, 232.0), P4(500.0, 225.0)  
aruco_ratio 0.006757851441701253
运动指令 a
Marker 33: C(475.5, 257.8) P1(498.0, 281.0), P2(451.0, 281.0), P3(451.0, 238.0), P4(502.0, 231.0)  
aruco_ratio 0.007674179871877035
运动指令 a
Marker 33: C(482.5, 258.2) P1(507.0, 283.0), P2(456.0, 284.0), P3(456.0, 237.0), P4(511.0, 229.0)  
aruco_ratio 0.008991133371988933
运动指令 a
Marker 33: C(487.2, 256.0) P1(515.0, 284.0), P2(458.0, 284.0), P3(457.0, 233.0), P4(519.0, 223.0)  
aruco_ratio 0.011342667738596598
运动指令 a
Marker 33: C(497.0, 253.0) P1(527.0, 283.0), P2(466.0, 284.0), P3(464.0, 228.0), P4(531.0, 217.0)  
aruco_ratio 0.013131279945373536
运动指令 a
Marker 33: C(506.8, 248.2) P1(541.0, 281.0), P2(471.0, 282.0), P3(470.0, 219.0), P4(545.0, 211.0)  
aruco_ratio 0.01597817103068034
运动指令 a
Marker 33: C(518.8, 238.8) P1(557.0, 274.0), P2(480.0, 275.0), P3(478.0, 208.0), P4(560.0, 198.0)  
aruco_ratio 0.019065922101338704
运动指令 a
Marker 33: C(532.8, 224.2) P1(575.0, 262.0), P2(491.0, 264.0), P3(489.0, 192.0), P4(576.0, 179.0)  
aruco_ratio 0.022703391710917155
运动指令 m
投喂目标 33
进入检测状态
进入前进状态，寻找目标 0
Marker 0: C(592.8, 264.5) P1(616.0, 283.0), P2(573.0, 285.0), P3(570.0, 246.0), P4(612.0, 244.0)  
aruco_ratio 0.005493554274241129
运动指令 a
Marker 0: C(592.0, 264.8) P1(616.0, 283.0), P2(572.0, 285.0), P3(569.0, 247.0), P4(611.0, 244.0)  
aruco_ratio 0.005637471675872803
运动指令 a
丢失目标 0 正在调整
1  运动指令 e
进入前进状态，寻找目标 0
Marker 0: C(514.0, 268.0) P1(531.0, 284.0), P2(498.0, 284.0), P3(497.0, 252.0), P4(530.0, 252.0)  
aruco_ratio 0.0034391780694325766
运动指令 a
丢失目标 0 正在调整
1  运动指令 e
进入前进状态，寻找目标 0
Marker 0: C(504.0, 265.5) P1(526.0, 283.0), P2(485.0, 285.0), P3(483.0, 248.0), P4(522.0, 246.0)  
aruco_ratio 0.004972830216089885
运动指令 a
丢失目标 0 正在调整
1  运动指令 e
进入前进状态，寻找目标 0
丢失目标 0 正在调整
1  运动指令 e
进入前进状态，寻找目标 0
Marker 0: C(504.8, 266.0) P1(527.0, 284.0), P2(486.0, 286.0), P3(483.0, 248.0), P4(523.0, 246.0)  
aruco_ratio 0.005105698506037394
运动指令 a
Marker 0: C(504.0, 266.8) P1(526.0, 285.0), P2(485.0, 287.0), P3(482.0, 249.0), P4(523.0, 246.0)  
aruco_ratio 0.005226662556330363
运动指令 a
丢失目标 0 正在调整
1  运动指令 e
进入前进状态，寻找目标 0
Marker 0: C(503.8, 265.0) P1(526.0, 284.0), P2(484.0, 284.0), P3(482.0, 247.0), P4(523.0, 245.0)  
aruco_ratio 0.0053477831681569415
运动指令 a
Marker 0: C(502.8, 265.0) P1(525.0, 284.0), P2(483.0, 284.0), P3(481.0, 247.0), P4(522.0, 245.0)  
aruco_ratio 0.0053477831681569415
运动指令 a
丢失目标 0 正在调整
1  运动指令 e
2  运动指令 e
3  运动指令 e
4  运动指令 e
5  运动指令 e
6  运动指令 e
进入前进状态，寻找目标 0
丢失目标 0 正在调整
1  运动指令 e
2  运动指令 e
3  运动指令 e
4  运动指令 e
5  运动指令 e
6  运动指令 e
7  运动指令 e
8  运动指令 e
9  运动指令 e
10  运动指令 e
11  运动指令 e
12  运动指令 e
13  运动指令 e
14  运动指令 e
15  运动指令 e
16  运动指令 e
17  运动指令 e
18  运动指令 e
19  运动指令 e
20  运动指令 e
21  运动指令 e
22  运动指令 e
23  运动指令 e
24  运动指令 e
25  运动指令 e
26  运动指令 e
27  运动指令 e
28  运动指令 e
29  运动指令 e
30  运动指令 e
31  运动指令 e
丢失目标 0 时间过长
进入检测状态
进入前进状态，寻找目标 17
Marker 17: C(249.5, 243.0) P1(239.0, 240.0), P2(249.0, 239.0), P3(256.0, 246.0), P4(254.0, 247.0)  
aruco_ratio 0.0005415203173955281
运动指令 d
丢失目标 17 正在调整
1  运动指令 q
2  运动指令 q
3  运动指令 q
4  运动指令 q
5  运动指令 q
6  运动指令 q
7  运动指令 q
8  运动指令 q
9  运动指令 q
10  运动指令 q
11  运动指令 q
12  运动指令 q
13  运动指令 q
14  运动指令 q
15  运动指令 q
16  运动指令 q
17  运动指令 q
18  运动指令 q
19  运动指令 q
20  运动指令 q
21  运动指令 q
22  运动指令 q
23  运动指令 q
24  运动指令 q
25  运动指令 q
26  运动指令 q
27  运动指令 q
28  运动指令 q
29  运动指令 q
30  运动指令 q
31  运动指令 q
丢失目标 17 时间过长
进入检测状态
进入前进状态，寻找目标 0
丢失目标 0 正在调整
1  运动指令 q
进入前进状态，寻找目标 0
Marker 0: C(435.8, 257.0) P1(455.0, 272.0), P2(420.0, 275.0), P3(416.0, 242.0), P4(452.0, 239.0)  
aruco_ratio 0.00378911296526591
运动指令 a
Marker 0: C(418.8, 257.2) P1(438.0, 273.0), P2(403.0, 275.0), P3(400.0, 242.0), P4(434.0, 239.0)  
aruco_ratio 0.003906776110331217
运动指令 a
丢失目标 0 正在调整
1  运动指令 e
2  运动指令 e
进入前进状态，寻找目标 0
Marker 0: C(399.5, 259.0) P1(418.0, 274.0), P2(384.0, 277.0), P3(381.0, 244.0), P4(415.0, 241.0)  
aruco_ratio 0.003681653340657552
运动指令 a
Marker 0: C(400.5, 258.0) P1(419.0, 273.0), P2(385.0, 276.0), P3(382.0, 243.0), P4(416.0, 240.0)  
aruco_ratio 0.003681653340657552
运动指令 a
Marker 0: C(399.2, 259.0) P1(418.0, 274.0), P2(384.0, 277.0), P3(380.0, 244.0), P4(415.0, 241.0)  
aruco_ratio 0.003681653340657552
运动指令 a
Marker 0: C(399.5, 258.2) P1(418.0, 274.0), P2(384.0, 276.0), P3(381.0, 243.0), P4(415.0, 240.0)  
aruco_ratio 0.003784170945485433
运动指令 a
丢失目标 0 正在调整
1  运动指令 e
进入前进状态，寻找目标 0
丢失目标 0 正在调整
1  运动指令 e
2  运动指令 e
3  运动指令 e
4  运动指令 e
进入前进状态，寻找目标 0
Marker 0: C(407.5, 264.5) P1(427.0, 281.0), P2(391.0, 283.0), P3(388.0, 248.0), P4(424.0, 246.0)  
aruco_ratio 0.004122949838638305
运动指令 a
Marker 0: C(407.5, 264.8) P1(427.0, 281.0), P2(391.0, 283.0), P3(388.0, 249.0), P4(424.0, 246.0)  
aruco_ratio 0.004122949838638305
运动指令 a
丢失目标 0 正在调整
1  运动指令 e
进入前进状态，寻找目标 0
丢失目标 0 正在调整
1  运动指令 e
2  运动指令 e
进入前进状态，寻找目标 0
Marker 0: C(507.0, 259.0) P1(529.0, 276.0), P2(489.0, 279.0), P3(485.0, 242.0), P4(525.0, 239.0)  
aruco_ratio 0.004859389464060466
运动指令 a
Marker 0: C(505.0, 260.8) P1(528.0, 278.0), P2(487.0, 281.0), P3(483.0, 244.0), P4(522.0, 240.0)  
aruco_ratio 0.005148171186447143
运动指令 a
Marker 0: C(507.2, 260.8) P1(530.0, 278.0), P2(489.0, 281.0), P3(485.0, 244.0), P4(525.0, 240.0)  
aruco_ratio 0.005129003922144572
运动指令 a
Marker 0: C(507.5, 260.8) P1(530.0, 278.0), P2(490.0, 281.0), P3(485.0, 244.0), P4(525.0, 240.0)  
aruco_ratio 0.005004581212997437
运动指令 a
丢失目标 0 正在调整
1  运动指令 e
进入前进状态，寻找目标 0
丢失目标 0 正在调整
1  运动指令 e
进入前进状态，寻找目标 0
Marker 0: C(606.0, 254.0) P1(632.0, 273.0), P2(585.0, 276.0), P3(581.0, 235.0), P4(626.0, 232.0)  
aruco_ratio 0.006352500518163045
运动指令 a
Marker 0: C(612.2, 258.0) P1(635.0, 276.0), P2(593.0, 278.0), P3(590.0, 240.0), P4(631.0, 238.0)  
aruco_ratio 0.005229935646057129
运动指令 a
丢失目标 0 正在调整
1  运动指令 e
2  运动指令 e
3  运动指令 e
4  运动指令 e
5  运动指令 e
6  运动指令 e
7  运动指令 e
8  运动指令 e
9  运动指令 e
10  运动指令 e
11  运动指令 e
12  运动指令 e
13  运动指令 e
14  运动指令 e
15  运动指令 e
16  运动指令 e
17  运动指令 e
18  运动指令 e
19  运动指令 e
20  运动指令 e
21  运动指令 e
22  运动指令 e
23  运动指令 e
24  运动指令 e
25  运动指令 e
26  运动指令 e
27  运动指令 e
28  运动指令 e
29  运动指令 e
30  运动指令 e
31  运动指令 e
