等待连接...
连接到：('192.168.137.159', 42478)
进入全局信息状态
FRAME_HEIGHT 480
FRAME_WIDTH 640
CENTER_X 320
CENTER_Y 240
命令 m
命令 m
命令 m
命令 m
命令 m
命令 m
命令 m
命令 m
命令 m
命令 m
命令 m
全局信息状态结束，平均每帧耗时 0.2622612714767456
命令 m
进入标定状态
Camera calibration result loaded from 'calibration_result.p'
命令 m
进入检测状态
命令 q
命令 q
命令 q
命令 q
命令 q
命令 q
命令 q
命令 q
命令 q
命令 q
进入前进状态，寻找目标 33
命令 m
丢失目标 33 正在调整
1  运动指令 a
命令 m
进入前进状态，寻找目标 33
Marker 33: C(261.0, 261.2) P1(270.0, 271.0), P2(251.0, 271.0), P3(251.0, 252.0), P4(272.0, 251.0)  
aruco_ratio 0.0012431486447652181
命令 d
命令 m
丢失目标 33 正在调整
1  运动指令 e
命令 e
2  运动指令 e
命令 e
3  运动指令 e
命令 e
4  运动指令 e
命令 e
5  运动指令 e
命令 e
6  运动指令 e
命令 e
7  运动指令 e
命令 e
8  运动指令 e
命令 e
9  运动指令 e
命令 e
10  运动指令 e
命令 e
11  运动指令 e
命令 e
12  运动指令 e
命令 e
13  运动指令 e
命令 e
14  运动指令 e
命令 e
15  运动指令 e
命令 e
16  运动指令 e
命令 e
17  运动指令 e
命令 e
18  运动指令 e
命令 e
19  运动指令 e
命令 e
20  运动指令 e
命令 e
21  运动指令 e
命令 e
22  运动指令 e
命令 e
23  运动指令 e
命令 e
24  运动指令 e
命令 e
25  运动指令 e
命令 e
26  运动指令 e
命令 m
进入前进状态，寻找目标 33
Marker 33: C(388.0, 263.0) P1(397.0, 273.0), P2(378.0, 273.0), P3(378.0, 254.0), P4(399.0, 252.0)  
aruco_ratio 0.0013047051429748535
命令 a
Marker 33: C(420.8, 261.8) P1(431.0, 271.0), P2(411.0, 272.0), P3(410.0, 253.0), P4(431.0, 251.0)  
aruco_ratio 0.0013037099440892537
命令 a
Marker 33: C(453.2, 260.8) P1(463.0, 271.0), P2(443.0, 271.0), P3(442.0, 252.0), P4(465.0, 249.0)  
aruco_ratio 0.0014381979902585347
命令 a
Marker 33: C(479.2, 259.8) P1(490.0, 270.0), P2(468.0, 270.0), P3(468.0, 251.0), P4(491.0, 248.0)  
aruco_ratio 0.0015771475434303284
命令 a
Marker 33: C(507.5, 265.5) P1(518.0, 276.0), P2(497.0, 276.0), P3(496.0, 256.0), P4(519.0, 254.0)  
aruco_ratio 0.0015054590503374736
命令 a
Marker 33: C(541.2, 262.8) P1(552.0, 273.0), P2(530.0, 274.0), P3(529.0, 254.0), P4(554.0, 250.0)  
aruco_ratio 0.0016550580660502116
命令 a
命令 m
丢失目标 33 正在调整
1  运动指令 q
命令 q
2  运动指令 q
命令 q
3  运动指令 q
命令 q
4  运动指令 q
命令 q
5  运动指令 q
命令 q
6  运动指令 q
命令 q
7  运动指令 q
命令 q
8  运动指令 q
命令 q
9  运动指令 q
命令 q
10  运动指令 q
命令 q
11  运动指令 q
命令 q
12  运动指令 q
命令 q
13  运动指令 q
命令 q
14  运动指令 q
命令 q
15  运动指令 q
命令 q
16  运动指令 q
命令 q
17  运动指令 q
命令 q
18  运动指令 q
命令 q
19  运动指令 q
命令 q
20  运动指令 q
命令 q
21  运动指令 q
命令 q
22  运动指令 q
命令 q
23  运动指令 q
命令 q
24  运动指令 q
命令 q
25  运动指令 q
命令 q
26  运动指令 q
命令 q
27  运动指令 q
命令 q
28  运动指令 q
命令 q
29  运动指令 q
命令 q
30  运动指令 q
命令 q
31  运动指令 q
丢失目标 33 时间过长
命令 m
进入检测状态
命令 q
进入前进状态，寻找目标 33
命令 m
丢失目标 33 正在调整
1  运动指令 q
命令 m
进入前进状态，寻找目标 33
命令 m
丢失目标 33 正在调整
1  运动指令 q
命令 m
进入前进状态，寻找目标 33
命令 m
丢失目标 33 正在调整
1  运动指令 q
命令 q
2  运动指令 q
命令 q
3  运动指令 q
命令 q
4  运动指令 q
命令 q
5  运动指令 q
命令 q
6  运动指令 q
命令 q
7  运动指令 q
命令 q
8  运动指令 q
命令 q
9  运动指令 q
命令 q
10  运动指令 q
命令 q
11  运动指令 q
命令 q
12  运动指令 q
命令 q
13  运动指令 q
命令 q
14  运动指令 q
命令 q
15  运动指令 q
命令 q
16  运动指令 q
命令 q
17  运动指令 q
命令 q
18  运动指令 q
命令 q
19  运动指令 q
命令 q
20  运动指令 q
命令 q
21  运动指令 q
命令 q
22  运动指令 q
命令 q
23  运动指令 q
命令 q
24  运动指令 q
命令 q
25  运动指令 q
命令 q
26  运动指令 q
命令 q
27  运动指令 q
命令 q
28  运动指令 q
命令 q
29  运动指令 q
命令 q
30  运动指令 q
命令 q
31  运动指令 q
丢失目标 33 时间过长
命令 m
进入检测状态
命令 q
命令 q
命令 q
命令 q
命令 q
命令 q
命令 q
命令 q
命令 q
命令 q
命令 q
命令 q
命令 q
命令 q
命令 q
命令 q
命令 q
命令 q
命令 q
命令 q
命令 q
命令 q
命令 q
命令 q
命令 q
命令 q
命令 q
命令 q
命令 q
命令 q
命令 q
命令 q
命令 q
命令 q
命令 q
命令 q
进入前进状态，寻找目标 33
Marker 33: C(432.8, 268.2) P1(443.0, 279.0), P2(422.0, 279.0), P3(421.0, 259.0), P4(445.0, 256.0)  
aruco_ratio 0.0015781986713409423
命令 a
命令 m
丢失目标 33 正在调整
1  运动指令 q
命令 m
进入前进状态，寻找目标 33
命令 m
丢失目标 33 正在调整
1  运动指令 q
命令 q
2  运动指令 q
命令 q
3  运动指令 q
命令 q
4  运动指令 q
命令 q
5  运动指令 q
命令 q
6  运动指令 q
命令 q
7  运动指令 q
命令 q
8  运动指令 q
命令 q
9  运动指令 q
命令 q
10  运动指令 q
命令 q
11  运动指令 q
命令 q
12  运动指令 q
命令 q
13  运动指令 q
命令 q
14  运动指令 q
命令 q
15  运动指令 q
命令 q
16  运动指令 q
命令 q
17  运动指令 q
命令 q
18  运动指令 q
命令 q
19  运动指令 q
命令 q
20  运动指令 q
命令 q
21  运动指令 q
命令 q
22  运动指令 q
命令 q
23  运动指令 q
命令 q
24  运动指令 q
命令 q
25  运动指令 q
命令 q
26  运动指令 q
命令 q
27  运动指令 q
命令 q
28  运动指令 q
命令 q
29  运动指令 q
命令 q
30  运动指令 q
命令 q
31  运动指令 q
丢失目标 33 时间过长
命令 m
进入检测状态
命令 q
命令 q
命令 q
命令 q
命令 q
命令 q
命令 q
命令 q
命令 q
命令 q
命令 q
命令 q
命令 q
命令 q
命令 q
命令 q
命令 q
命令 q
命令 q
命令 q
命令 q
命令 q
命令 q
命令 q
命令 q
命令 q
命令 q
命令 q
命令 q
命令 q
命令 q
命令 q
命令 q
命令 q
命令 q
命令 q
命令 q
命令 q
命令 q
进入前进状态，寻找目标 33
Marker 33: C(250.5, 271.5) P1(260.0, 282.0), P2(239.0, 282.0), P3(240.0, 262.0), P4(263.0, 260.0)  
aruco_ratio 0.0015178244312604268
命令 d
Marker 33: C(182.8, 273.8) P1(193.0, 285.0), P2(170.0, 284.0), P3(172.0, 264.0), P4(196.0, 262.0)  
aruco_ratio 0.0017382323741912842
命令 d
Marker 33: C(113.8, 275.2) P1(124.0, 287.0), P2(101.0, 286.0), P3(102.0, 265.0), P4(128.0, 263.0)  
aruco_ratio 0.0018233815828959147
命令 d
命令 m
丢失目标 33 正在调整
1  运动指令 e
命令 e
2  运动指令 e
命令 e
3  运动指令 e
命令 e
4  运动指令 e
命令 e
5  运动指令 e
命令 e
6  运动指令 e
命令 e
7  运动指令 e
命令 e
8  运动指令 e
命令 e
9  运动指令 e
命令 e
10  运动指令 e
命令 e
11  运动指令 e
命令 e
12  运动指令 e
命令 e
13  运动指令 e
命令 e
14  运动指令 e
命令 e
15  运动指令 e
命令 e
16  运动指令 e
命令 e
17  运动指令 e
命令 e
18  运动指令 e
命令 e
19  运动指令 e
命令 e
20  运动指令 e
命令 e
21  运动指令 e
命令 e
22  运动指令 e
命令 e
23  运动指令 e
命令 e
24  运动指令 e
命令 e
25  运动指令 e
命令 e
26  运动指令 e
命令 e
27  运动指令 e
命令 e
28  运动指令 e
命令 e
29  运动指令 e
命令 e
30  运动指令 e
命令 e
31  运动指令 e
丢失目标 33 时间过长
命令 m
进入检测状态
命令 q
命令 q
命令 q
命令 q
命令 q
命令 q
命令 q
命令 q
命令 q
命令 q
命令 q
命令 q
命令 q
命令 q
命令 q
命令 q
命令 q
命令 q
命令 q
命令 q
命令 q
命令 q
命令 q
命令 q
命令 q
命令 q
命令 q
命令 q
命令 q
命令 q
命令 q
命令 q
命令 q
命令 q
命令 q
命令 q
命令 q
命令 q
命令 q
命令 q
命令 q
命令 q
命令 q
命令 q
命令 q
命令 q
命令 q
命令 q
命令 q
命令 q
命令 q
命令 q
命令 q
命令 q
命令 q
命令 q
命令 q
命令 q
命令 q
命令 q
命令 q
命令 q
命令 q
命令 q
命令 q
命令 q
命令 q
命令 q
命令 q
命令 q
命令 q
命令 q
命令 q
命令 q
命令 q
命令 q
命令 q
命令 q
命令 q
命令 q
命令 q
命令 q
命令 q
命令 q
命令 q
命令 q
命令 q
进入前进状态，寻找目标 17
命令 m
丢失目标 17 正在调整
1  运动指令 e
命令 e
2  运动指令 e
命令 e
3  运动指令 e
命令 e
4  运动指令 e
命令 e
5  运动指令 e
命令 e
6  运动指令 e
命令 e
7  运动指令 e
命令 e
8  运动指令 e
命令 e
9  运动指令 e
命令 e
10  运动指令 e
命令 e
11  运动指令 e
命令 e
12  运动指令 e
命令 e
13  运动指令 e
命令 e
14  运动指令 e
命令 e
15  运动指令 e
命令 e
16  运动指令 e
命令 e
17  运动指令 e
命令 e
18  运动指令 e
命令 e
19  运动指令 e
命令 e
20  运动指令 e
命令 e
21  运动指令 e
命令 e
22  运动指令 e
命令 e
23  运动指令 e
命令 e
24  运动指令 e
命令 e
25  运动指令 e
命令 e
26  运动指令 e
命令 e
27  运动指令 e
命令 e
28  运动指令 e
命令 e
29  运动指令 e
命令 e
30  运动指令 e
命令 e
31  运动指令 e
丢失目标 17 时间过长
命令 m
进入检测状态
命令 q
命令 q
命令 q
命令 q
命令 q
命令 q
命令 q
命令 q
命令 q
命令 q
命令 q
命令 q
命令 q
命令 q
命令 q
命令 q
命令 q
命令 q
命令 q
命令 q
命令 q
命令 q
命令 q
命令 q
命令 q
命令 q
命令 q
命令 q
命令 q
命令 q
命令 q
命令 q
命令 q
命令 q
命令 q
命令 q
命令 q
进入前进状态，寻找目标 33
Marker 33: C(330.5, 264.0) P1(342.0, 276.0), P2(319.0, 277.0), P3(318.0, 253.0), P4(343.0, 250.0)  
aruco_ratio 0.0019498942295710245
命令 w
命令 m
丢失目标 33 正在调整
1  运动指令 q
命令 q
2  运动指令 q
命令 q
3  运动指令 q
命令 q
4  运动指令 q
命令 q
5  运动指令 q
命令 q
6  运动指令 q
命令 q
7  运动指令 q
命令 q
8  运动指令 q
命令 q
9  运动指令 q
命令 q
10  运动指令 q
命令 q
11  运动指令 q
命令 q
12  运动指令 q
命令 q
13  运动指令 q
命令 q
14  运动指令 q
命令 q
15  运动指令 q
命令 q
16  运动指令 q
命令 q
17  运动指令 q
命令 q
18  运动指令 q
命令 q
19  运动指令 q
命令 q
20  运动指令 q
命令 q
21  运动指令 q
命令 q
22  运动指令 q
命令 q
23  运动指令 q
命令 q
24  运动指令 q
命令 q
25  运动指令 q
命令 q
26  运动指令 q
命令 q
27  运动指令 q
命令 q
28  运动指令 q
命令 q
29  运动指令 q
命令 q
30  运动指令 q
命令 q
31  运动指令 q
丢失目标 33 时间过长
命令 m
进入检测状态
命令 q
命令 q
命令 q
命令 q
命令 q
命令 q
命令 q
命令 q
命令 q
命令 q
命令 q
命令 q
命令 q
命令 q
命令 q
命令 q
命令 q
命令 q
命令 q
命令 q
命令 q
命令 q
命令 q
命令 q
命令 q
命令 q
命令 q
命令 q
命令 q
命令 q
命令 q
命令 q
命令 q
命令 q
命令 q
命令 q
命令 q
命令 q
命令 q
命令 q
命令 q
命令 q
命令 q
命令 q
命令 q
命令 q
命令 q
命令 q
命令 q
命令 q
命令 q
命令 q
命令 q
命令 q
命令 q
命令 q
命令 q
命令 q
命令 q
命令 q
命令 q
命令 q
命令 q
命令 q
命令 q
命令 q
命令 q
进入前进状态，寻找目标 17
命令 m
丢失目标 17 正在调整
1  运动指令 q
命令 q
2  运动指令 q
命令 q
3  运动指令 q
命令 q
4  运动指令 q
命令 q
5  运动指令 q
命令 q
6  运动指令 q
命令 q
7  运动指令 q
命令 q
8  运动指令 q
命令 q
9  运动指令 q
命令 q
10  运动指令 q
命令 q
11  运动指令 q
命令 q
12  运动指令 q
命令 q
13  运动指令 q
命令 q
14  运动指令 q
命令 q
15  运动指令 q
命令 q
16  运动指令 q
命令 q
17  运动指令 q
命令 q
18  运动指令 q
命令 q
19  运动指令 q
命令 q
20  运动指令 q
命令 q
21  运动指令 q
命令 q
22  运动指令 q
命令 q
23  运动指令 q
命令 q
24  运动指令 q
命令 q
25  运动指令 q
命令 q
26  运动指令 q
命令 q
27  运动指令 q
命令 q
28  运动指令 q
命令 q
29  运动指令 q
命令 q
30  运动指令 q
命令 m
进入前进状态，寻找目标 17
命令 m
丢失目标 17 正在调整
1  运动指令 q
命令 q
2  运动指令 q
命令 q
3  运动指令 q
命令 q
4  运动指令 q
命令 q
5  运动指令 q
命令 q
6  运动指令 q
命令 q
7  运动指令 q
命令 q
8  运动指令 q
命令 q
9  运动指令 q
命令 q
10  运动指令 q
命令 q
11  运动指令 q
命令 q
12  运动指令 q
命令 q
13  运动指令 q
命令 q
14  运动指令 q
命令 q
15  运动指令 q
命令 q
16  运动指令 q
命令 q
17  运动指令 q
命令 q
18  运动指令 q
命令 q
19  运动指令 q
命令 q
20  运动指令 q
命令 q
21  运动指令 q
命令 q
22  运动指令 q
命令 q
23  运动指令 q
命令 q
24  运动指令 q
命令 q
25  运动指令 q
命令 q
26  运动指令 q
命令 q
27  运动指令 q
命令 q
28  运动指令 q
命令 q
29  运动指令 q
命令 q
30  运动指令 q
命令 q
31  运动指令 q
丢失目标 17 时间过长
命令 m
进入检测状态
命令 q
命令 q
命令 q
命令 q
命令 q
命令 q
命令 q
命令 q
命令 q
命令 q
命令 q
命令 q
命令 q
命令 q
命令 q
命令 q
命令 q
命令 q
命令 q
命令 q
命令 q
命令 q
命令 q
命令 q
命令 q
命令 q
命令 q
命令 q
命令 q
命令 q
命令 q
命令 q
命令 q
命令 q
命令 q
命令 q
命令 q
命令 q
命令 q
命令 q
命令 q
命令 q
命令 q
命令 q
命令 q
命令 q
命令 q
命令 q
命令 q
命令 q
命令 q
命令 q
命令 q
命令 q
命令 q
命令 q
命令 q
命令 q
命令 q
命令 q
命令 q
命令 q
命令 q
命令 q
命令 q
命令 q
命令 q
命令 q
进入前进状态，寻找目标 33
Marker 33: C(150.8, 306.2) P1(187.0, 330.0), P2(120.0, 342.0), P3(109.0, 286.0), P4(187.0, 267.0)  
aruco_ratio 0.013958878517150879
命令 d
Marker 33: C(79.0, 286.5) P1(121.0, 313.0), P2(45.0, 327.0), P3(31.0, 263.0), P4(119.0, 243.0)  
aruco_ratio 0.01761626879374186
命令 d
命令 m
丢失目标 33 正在调整
1  运动指令 e
命令 e
2  运动指令 e
命令 e
3  运动指令 e
命令 e
4  运动指令 e
命令 e
5  运动指令 e
命令 e
6  运动指令 e
命令 e
7  运动指令 e
命令 e
8  运动指令 e
命令 e
9  运动指令 e
命令 e
10  运动指令 e
命令 e
11  运动指令 e
命令 e
12  运动指令 e
命令 e
13  运动指令 e
命令 e
14  运动指令 e
命令 e
15  运动指令 e
命令 e
16  运动指令 e
命令 e
17  运动指令 e
命令 e
18  运动指令 e
命令 e
19  运动指令 e
命令 e
20  运动指令 e
命令 e
21  运动指令 e
命令 e
22  运动指令 e
命令 e
23  运动指令 e
命令 e
24  运动指令 e
命令 e
25  运动指令 e
命令 m
进入前进状态，寻找目标 33
Marker 33: C(246.8, 384.5) P1(294.0, 463.0), P2(161.0, 443.0), P3(200.0, 311.0), P4(332.0, 321.0)  
aruco_ratio 0.06435663223266602
命令 m
投喂目标 33
命令 m
进入检测状态
命令 q
命令 q
命令 q
命令 q
命令 q
命令 q
命令 q
命令 q
命令 q
命令 q
命令 q
命令 q
命令 q
命令 q
命令 q
命令 q
命令 q
命令 q
命令 q
命令 q
命令 q
命令 q
命令 q
命令 q
命令 q
命令 q
命令 q
命令 q
命令 q
命令 q
命令 q
命令 q
命令 q
命令 q
命令 q
命令 q
命令 q
命令 q
命令 q
命令 q
命令 q
命令 q
命令 q
命令 q
命令 q
命令 q
命令 q
命令 q
命令 q
命令 q
命令 q
命令 q
命令 q
命令 q
命令 q
命令 q
命令 q
命令 q
命令 q
命令 q
命令 q
命令 q
命令 q
命令 q
命令 q
命令 q
命令 q
命令 q
命令 q
命令 q
命令 q
命令 q
命令 q
命令 q
命令 q
命令 q
命令 q
命令 q
命令 q
命令 q
命令 q
命令 q
命令 q
命令 q
命令 q
命令 q
命令 q
命令 q
命令 q
命令 q
命令 q
命令 q
命令 q
命令 q
命令 q
命令 q
命令 q
命令 q
命令 q
命令 q
命令 q
命令 q
命令 q
命令 q
命令 q
命令 q
命令 q
命令 q
命令 q
命令 q
命令 q
命令 q
命令 q
命令 q
命令 q
命令 q
命令 q
命令 q
命令 q
命令 q
命令 q
命令 q
命令 q
命令 q
命令 q
命令 q
命令 q
命令 q
命令 q
命令 q
命令 q
命令 q
命令 q
命令 q
命令 q
命令 q
命令 q
命令 q
命令 q
命令 q
命令 q
命令 q
命令 q
命令 q
命令 q
命令 q
命令 q
命令 q
命令 q
命令 q
命令 q
命令 q
命令 q
命令 q
命令 q
命令 q
命令 q
命令 q
命令 q
命令 q
命令 q
命令 q
命令 q
命令 q
命令 q
命令 q
命令 q
命令 q
命令 q
命令 q
命令 q
命令 q
命令 q
命令 q
命令 q
命令 q
命令 q
命令 q
命令 q
命令 q
命令 q
命令 q
命令 q
命令 q
命令 q
命令 q
命令 q
命令 q
命令 q
命令 q
命令 q
命令 q
命令 q
命令 q
命令 q
命令 q
命令 q
命令 q
命令 q
命令 q
命令 q
命令 q
命令 q
命令 q
命令 q
命令 q
命令 q
命令 q
命令 q
命令 q
命令 q
命令 q
命令 q
命令 q
命令 q
命令 q
命令 q
命令 q
命令 q
命令 q
命令 q
命令 q
命令 q
命令 q
命令 q
命令 q
命令 q
命令 q
命令 q
命令 q
命令 q
命令 q
命令 q
命令 q
命令 q
命令 q
命令 q
命令 q
命令 q
命令 q
命令 q
命令 q
命令 q
命令 q
命令 q
命令 q
命令 q
命令 q
命令 q
进入前进状态，寻找目标 17
命令 m
丢失目标 17 正在调整
1  运动指令 q
命令 q
2  运动指令 q
命令 q
3  运动指令 q
命令 q
4  运动指令 q
命令 q
5  运动指令 q
命令 q
6  运动指令 q
命令 q
7  运动指令 q
命令 q
8  运动指令 q
命令 q
9  运动指令 q
命令 q
10  运动指令 q
命令 q
11  运动指令 q
命令 q
12  运动指令 q
命令 q
13  运动指令 q
命令 q
14  运动指令 q
命令 q
15  运动指令 q
命令 q
16  运动指令 q
命令 q
17  运动指令 q
命令 q
18  运动指令 q
命令 q
19  运动指令 q
命令 q
20  运动指令 q
命令 q
21  运动指令 q
命令 q
22  运动指令 q
命令 q
23  运动指令 q
命令 q
24  运动指令 q
命令 q
